#
# There is insufficient memory for the Java Runtime Environment to continue.
# Native memory allocation (mmap) failed to map 65536 bytes for Failed to commit metaspace.
# Possible reasons:
#   The system is out of physical RAM or swap space
#   The process is running with CompressedOops enabled, and the Java Heap may be blocking the growth of the native heap
# Possible solutions:
#   Reduce memory load on the system
#   Increase physical memory or swap space
#   Check if swap backing store is full
#   Decrease Java heap size (-Xmx/-Xms)
#   Decrease number of Java threads
#   Decrease Java thread stack sizes (-Xss)
#   Set larger code cache with -XX:ReservedCodeCacheSize=
#   JVM is running with Zero Based Compressed Oops mode in which the Java heap is
#     placed in the first 32GB address space. The Java Heap base address is the
#     maximum limit for the native heap growth. Please use -XX:HeapBaseMinAddress
#     to set the Java Heap base and to place the Java Heap above 32GB virtual address.
# This output file may be truncated or incomplete.
#
#  Out of Memory Error (virtualSpaceNode.cpp:110), pid=15460, tid=11296
#
# JRE version: Java(TM) SE Runtime Environment (17.0.3+8) (build 17.0.3+8-LTS-111)
# Java VM: Java HotSpot(TM) 64-Bit Server VM (17.0.3+8-LTS-111, mixed mode, emulated-client, sharing, tiered, compressed oops, compressed class ptrs, g1 gc, windows-amd64)
# No core dump will be written. Minidumps are not enabled by default on client versions of Windows
#

---------------  S U M M A R Y ------------

Command Line: -XX:TieredStopAtLevel=1 -Dspring.output.ansi.enabled=always -Dcom.sun.management.jmxremote -Dspring.jmx.enabled=true -Dspring.liveBeansView.mbeanDomain -Dspring.application.admin.enabled=true -Dmanagement.endpoints.jmx.exposure.include=* -javaagent:C:\Users\ISAAC\AppData\Local\Programs\IntelliJ IDEA Ultimate\lib\idea_rt.jar=52921:C:\Users\ISAAC\AppData\Local\Programs\IntelliJ IDEA Ultimate\bin -Dfile.encoding=UTF-8 com.example.symu_api.SymuApiApplication

Host: Intel(R) Core(TM) i7-6500U CPU @ 2.50GHz, 4 cores, 11G,  Windows 10 , 64 bit Build 19041 (10.0.19041.5198)
Time: Sat Feb 15 15:50:01 2025 E. Africa Standard Time elapsed time: 15.822594 seconds (0d 0h 0m 15s)

---------------  T H R E A D  ---------------

Current thread (0x000001f5d1554310):  JavaThread "main" [_thread_in_vm, id=11296, stack(0x00000008f3000000,0x00000008f3100000)]

Stack: [0x00000008f3000000,0x00000008f3100000]
Native frames: (J=compiled Java code, j=interpreted, Vv=VM code, C=native code)
V  [jvm.dll+0x6711ba]
V  [jvm.dll+0x7d0834]
V  [jvm.dll+0x7d1fde]
V  [jvm.dll+0x7d2643]
V  [jvm.dll+0x242c85]
V  [jvm.dll+0x7cc7db]
V  [jvm.dll+0x616f96]
V  [jvm.dll+0x1be52e]
V  [jvm.dll+0x6198d1]
V  [jvm.dll+0x617936]
V  [jvm.dll+0x23724f]
V  [jvm.dll+0x621655]
V  [jvm.dll+0x1e7f5b]
V  [jvm.dll+0x1e8495]
V  [jvm.dll+0x1e8ecf]
V  [jvm.dll+0x1de381]
V  [jvm.dll+0x537ee0]
V  [jvm.dll+0x74b478]
V  [jvm.dll+0x74b564]
V  [jvm.dll+0x408fa5]
V  [jvm.dll+0x40eff8]
C  [java.dll+0x17ec]

Java frames: (J=compiled Java code, j=interpreted, Vv=VM code)
J 1198  java.lang.ClassLoader.defineClass1(Ljava/lang/ClassLoader;Ljava/lang/String;[BIILjava/security/ProtectionDomain;Ljava/lang/String;)Ljava/lang/Class; java.base@17.0.3 (0 bytes) @ 0x000001f5da9a9863 [0x000001f5da9a97a0+0x00000000000000c3]
J 1250 c1 java.lang.ClassLoader.defineClass(Ljava/lang/String;[BIILjava/security/ProtectionDomain;)Ljava/lang/Class; java.base@17.0.3 (43 bytes) @ 0x000001f5da9c3e6c [0x000001f5da9c3d60+0x000000000000010c]
J 1240 c1 jdk.internal.loader.BuiltinClassLoader.defineClass(Ljava/lang/String;Ljdk/internal/loader/Resource;)Ljava/lang/Class; java.base@17.0.3 (121 bytes) @ 0x000001f5da9c0274 [0x000001f5da9bfda0+0x00000000000004d4]
J 1221 c1 jdk.internal.loader.BuiltinClassLoader.findClassOnClassPathOrNull(Ljava/lang/String;)Ljava/lang/Class; java.base@17.0.3 (64 bytes) @ 0x000001f5da9b61c4 [0x000001f5da9b5f00+0x00000000000002c4]
J 911 c1 jdk.internal.loader.BuiltinClassLoader.loadClassOrNull(Ljava/lang/String;Z)Ljava/lang/Class; java.base@17.0.3 (143 bytes) @ 0x000001f5da933b84 [0x000001f5da933700+0x0000000000000484]
J 1076 c1 jdk.internal.loader.ClassLoaders$AppClassLoader.loadClass(Ljava/lang/String;Z)Ljava/lang/Class; java.base@17.0.3 (40 bytes) @ 0x000001f5da97d8ac [0x000001f5da97d760+0x000000000000014c]
J 1067 c1 java.lang.ClassLoader.loadClass(Ljava/lang/String;)Ljava/lang/Class; java.base@17.0.3 (7 bytes) @ 0x000001f5da979b64 [0x000001f5da979b20+0x0000000000000044]
v  ~StubRoutines::call_stub
j  org.hibernate.engine.jdbc.internal.JdbcCoordinatorImpl.<init>(Ljava/sql/Connection;Lorg/hibernate/resource/jdbc/spi/JdbcSessionOwner;Lorg/hibernate/engine/jdbc/spi/JdbcServices;)V+74
j  org.hibernate.engine.jdbc.env.internal.JdbcEnvironmentInitiator.getJdbcEnvironmentUsingJdbcMetadata(Ljava/util/Map;Lorg/hibernate/service/spi/ServiceRegistryImplementor;Lorg/hibernate/engine/jdbc/dialect/spi/DialectFactory;Ljava/lang/String;Ljava/lang/Integer;Ljava/lang/Integer;Ljava/lang/String;)Lorg/hibernate/engine/jdbc/env/internal/JdbcEnvironmentImpl;+53
j  org.hibernate.engine.jdbc.env.internal.JdbcEnvironmentInitiator.initiateService(Ljava/util/Map;Lorg/hibernate/service/spi/ServiceRegistryImplementor;)Lorg/hibernate/engine/jdbc/env/spi/JdbcEnvironment;+123
j  org.hibernate.engine.jdbc.env.internal.JdbcEnvironmentInitiator.initiateService(Ljava/util/Map;Lorg/hibernate/service/spi/ServiceRegistryImplementor;)Lorg/hibernate/service/Service;+3
j  org.hibernate.boot.registry.internal.StandardServiceRegistryImpl.initiateService(Lorg/hibernate/service/spi/ServiceInitiator;)Lorg/hibernate/service/Service;+9
j  org.hibernate.service.internal.AbstractServiceRegistryImpl.createService(Lorg/hibernate/service/spi/ServiceBinding;)Lorg/hibernate/service/Service;+26
j  org.hibernate.service.internal.AbstractServiceRegistryImpl.initializeService(Lorg/hibernate/service/spi/ServiceBinding;)Lorg/hibernate/service/Service;+30
j  org.hibernate.service.internal.AbstractServiceRegistryImpl.getService(Ljava/lang/Class;)Lorg/hibernate/service/Service;+112
j  org.hibernate.boot.model.relational.Database.<init>(Lorg/hibernate/boot/spi/MetadataBuildingOptions;)V+10
j  org.hibernate.boot.internal.InFlightMetadataCollectorImpl.getDatabase()Lorg/hibernate/boot/model/relational/Database;+16
j  org.hibernate.boot.internal.InFlightMetadataCollectorImpl.<init>(Lorg/hibernate/boot/spi/BootstrapContext;Lorg/hibernate/boot/spi/MetadataBuildingOptions;)V+390
j  org.hibernate.boot.model.process.spi.MetadataBuildingProcess.complete(Lorg/hibernate/boot/model/process/spi/ManagedResources;Lorg/hibernate/boot/spi/BootstrapContext;Lorg/hibernate/boot/spi/MetadataBuildingOptions;)Lorg/hibernate/boot/spi/MetadataImplementor;+6
j  org.hibernate.jpa.boot.internal.EntityManagerFactoryBuilderImpl.metadata()Lorg/hibernate/boot/spi/MetadataImplementor;+30
j  org.hibernate.jpa.boot.internal.EntityManagerFactoryBuilderImpl.build()Ljakarta/persistence/EntityManagerFactory;+3
j  org.springframework.orm.jpa.vendor.SpringHibernateJpaPersistenceProvider.createContainerEntityManagerFactory(Ljakarta/persistence/spi/PersistenceUnitInfo;Ljava/util/Map;)Ljakarta/persistence/EntityManagerFactory;+59
j  org.springframework.orm.jpa.LocalContainerEntityManagerFactoryBean.createNativeEntityManagerFactory()Ljakarta/persistence/EntityManagerFactory;+111
j  org.springframework.orm.jpa.AbstractEntityManagerFactoryBean.buildNativeEntityManagerFactory()Ljakarta/persistence/EntityManagerFactory;+1
j  org.springframework.orm.jpa.AbstractEntityManagerFactoryBean.afterPropertiesSet()V+192
j  org.springframework.orm.jpa.LocalContainerEntityManagerFactoryBean.afterPropertiesSet()V+84
j  org.springframework.beans.factory.support.AbstractAutowireCapableBeanFactory.invokeInitMethods(Ljava/lang/String;Ljava/lang/Object;Lorg/springframework/beans/factory/support/RootBeanDefinition;)V+56
j  org.springframework.beans.factory.support.AbstractAutowireCapableBeanFactory.initializeBean(Ljava/lang/String;Ljava/lang/Object;Lorg/springframework/beans/factory/support/RootBeanDefinition;)Ljava/lang/Object;+34
j  org.springframework.beans.factory.support.AbstractAutowireCapableBeanFactory.doCreateBean(Ljava/lang/String;Lorg/springframework/beans/factory/support/RootBeanDefinition;[Ljava/lang/Object;)Ljava/lang/Object;+228
j  org.springframework.beans.factory.support.AbstractAutowireCapableBeanFactory.createBean(Ljava/lang/String;Lorg/springframework/beans/factory/support/RootBeanDefinition;[Ljava/lang/Object;)Ljava/lang/Object;+153
j  org.springframework.beans.factory.support.AbstractBeanFactory.lambda$doGetBean$0(Ljava/lang/String;Lorg/springframework/beans/factory/support/RootBeanDefinition;[Ljava/lang/Object;)Ljava/lang/Object;+4
j  org.springframework.beans.factory.support.AbstractBeanFactory$$Lambda$378+0x0000000800e4bdf0.getObject()Ljava/lang/Object;+16
j  org.springframework.beans.factory.support.DefaultSingletonBeanRegistry.getSingleton(Ljava/lang/String;Lorg/springframework/beans/factory/ObjectFactory;)Ljava/lang/Object;+114
J 2978 c1 org.springframework.beans.factory.support.AbstractBeanFactory.doGetBean(Ljava/lang/String;Ljava/lang/Class;[Ljava/lang/Object;Z)Ljava/lang/Object; (787 bytes) @ 0x000001f5dac7e404 [0x000001f5dac7de00+0x0000000000000604]
J 2987 c1 org.springframework.beans.factory.support.AbstractBeanFactory.getBean(Ljava/lang/String;Ljava/lang/Class;)Ljava/lang/Object; (9 bytes) @ 0x000001f5dac7c1e4 [0x000001f5dac7c1a0+0x0000000000000044]
j  org.springframework.context.support.AbstractApplicationContext.finishBeanFactoryInitialization(Lorg/springframework/beans/factory/config/ConfigurableListableBeanFactory;)V+109
j  org.springframework.context.support.AbstractApplicationContext.refresh()V+94
j  org.springframework.boot.web.servlet.context.ServletWebServerApplicationContext.refresh()V+1
j  org.springframework.boot.SpringApplication.refresh(Lorg/springframework/context/ConfigurableApplicationContext;)V+1
j  org.springframework.boot.SpringApplication.refreshContext(Lorg/springframework/context/ConfigurableApplicationContext;)V+16
j  org.springframework.boot.SpringApplication.run([Ljava/lang/String;)Lorg/springframework/context/ConfigurableApplicationContext;+110
j  org.springframework.boot.SpringApplication.run([Ljava/lang/Class;[Ljava/lang/String;)Lorg/springframework/context/ConfigurableApplicationContext;+9
j  org.springframework.boot.SpringApplication.run(Ljava/lang/Class;[Ljava/lang/String;)Lorg/springframework/context/ConfigurableApplicationContext;+9
j  com.example.symu_api.SymuApiApplication.main([Ljava/lang/String;)V+3
v  ~StubRoutines::call_stub

---------------  P R O C E S S  ---------------

Threads class SMR info:
_java_thread_list=0x000001f5ea15a260, length=23, elements={
0x000001f5d1554310, 0x000001f5e7158960, 0x000001f5e71596e0, 0x000001f5e7169010,
0x000001f5e716bba0, 0x000001f5e716d470, 0x000001f5e716dd30, 0x000001f5e716e5f0,
0x000001f5e719fa80, 0x000001f5e7141630, 0x000001f5e7141cd0, 0x000001f5e7c8f440,
0x000001f5e7ff34b0, 0x000001f5e7ff8580, 0x000001f5e8215da0, 0x000001f5e8487850,
0x000001f5e8495780, 0x000001f5e865e760, 0x000001f5e9ee6000, 0x000001f5e9ee64d0,
0x000001f5e9ee69a0, 0x000001f5e9ee5660, 0x000001f5e9ee5190
}

Java Threads: ( => current thread )
=>0x000001f5d1554310 JavaThread "main" [_thread_in_vm, id=11296, stack(0x00000008f3000000,0x00000008f3100000)]
  0x000001f5e7158960 JavaThread "Reference Handler" daemon [_thread_blocked, id=2848, stack(0x00000008f3700000,0x00000008f3800000)]
  0x000001f5e71596e0 JavaThread "Finalizer" daemon [_thread_blocked, id=4588, stack(0x00000008f3800000,0x00000008f3900000)]
  0x000001f5e7169010 JavaThread "Signal Dispatcher" daemon [_thread_blocked, id=10556, stack(0x00000008f3900000,0x00000008f3a00000)]
  0x000001f5e716bba0 JavaThread "Attach Listener" daemon [_thread_blocked, id=6892, stack(0x00000008f3a00000,0x00000008f3b00000)]
  0x000001f5e716d470 JavaThread "Service Thread" daemon [_thread_blocked, id=13640, stack(0x00000008f3b00000,0x00000008f3c00000)]
  0x000001f5e716dd30 JavaThread "Monitor Deflation Thread" daemon [_thread_blocked, id=3812, stack(0x00000008f3c00000,0x00000008f3d00000)]
  0x000001f5e716e5f0 JavaThread "C1 CompilerThread0" daemon [_thread_blocked, id=13004, stack(0x00000008f3d00000,0x00000008f3e00000)]
  0x000001f5e719fa80 JavaThread "Sweeper thread" daemon [_thread_blocked, id=22860, stack(0x00000008f3e00000,0x00000008f3f00000)]
  0x000001f5e7141630 JavaThread "Common-Cleaner" daemon [_thread_blocked, id=11224, stack(0x00000008f3f00000,0x00000008f4000000)]
  0x000001f5e7141cd0 JavaThread "C1 CompilerThread1" daemon [_thread_blocked, id=23208, stack(0x00000008f4000000,0x00000008f4100000)]
  0x000001f5e7c8f440 JavaThread "C1 CompilerThread2" daemon [_thread_blocked, id=352, stack(0x00000008f4100000,0x00000008f4200000)]
  0x000001f5e7ff34b0 JavaThread "Monitor Ctrl-Break" daemon [_thread_in_native, id=9804, stack(0x00000008f4200000,0x00000008f4300000)]
  0x000001f5e7ff8580 JavaThread "Notification Thread" daemon [_thread_blocked, id=2476, stack(0x00000008f4300000,0x00000008f4400000)]
  0x000001f5e8215da0 JavaThread "RMI TCP Accept-0" daemon [_thread_in_native, id=2632, stack(0x00000008f4400000,0x00000008f4500000)]
  0x000001f5e8487850 JavaThread "RMI TCP Connection(2)-172.26.64.1" daemon [_thread_in_native, id=13328, stack(0x00000008f4a00000,0x00000008f4b00000)]
  0x000001f5e8495780 JavaThread "RMI Scheduler(0)" daemon [_thread_blocked, id=14076, stack(0x00000008f4b00000,0x00000008f4c00000)]
  0x000001f5e865e760 JavaThread "RMI TCP Connection(3)-172.26.64.1" daemon [_thread_in_native, id=2992, stack(0x00000008f4c00000,0x00000008f4d00000)]
  0x000001f5e9ee6000 JavaThread "RMI TCP Connection(4)-172.26.64.1" daemon [_thread_in_native, id=10856, stack(0x00000008f4e00000,0x00000008f4f00000)]
  0x000001f5e9ee64d0 JavaThread "Catalina-utility-1" [_thread_blocked, id=17932, stack(0x00000008f4f00000,0x00000008f5000000)]
  0x000001f5e9ee69a0 JavaThread "Catalina-utility-2" [_thread_blocked, id=15164, stack(0x00000008f5000000,0x00000008f5100000)]
  0x000001f5e9ee5660 JavaThread "container-0" [_thread_blocked, id=8004, stack(0x00000008f5100000,0x00000008f5200000)]
  0x000001f5e9ee5190 JavaThread "mysql-cj-abandoned-connection-cleanup" daemon [_thread_blocked, id=23344, stack(0x00000008f5200000,0x00000008f5300000)]

Other Threads:
  0x000001f5e7153190 VMThread "VM Thread" [stack: 0x00000008f3600000,0x00000008f3700000] [id=14852]
  0x000001f5d15550d0 WatcherThread [stack: 0x00000008f4500000,0x00000008f4600000] [id=13660]
  0x000001f5d15abc90 GCTaskThread "GC Thread#0" [stack: 0x00000008f3100000,0x00000008f3200000] [id=1116]
  0x000001f5d1555360 GCTaskThread "GC Thread#1" [stack: 0x00000008f4600000,0x00000008f4700000] [id=6588]
  0x000001f5e81c7d50 GCTaskThread "GC Thread#2" [stack: 0x00000008f4700000,0x00000008f4800000] [id=20912]
  0x000001f5e821e700 GCTaskThread "GC Thread#3" [stack: 0x00000008f4800000,0x00000008f4900000] [id=7376]
  0x000001f5d15ba980 ConcurrentGCThread "G1 Main Marker" [stack: 0x00000008f3200000,0x00000008f3300000] [id=936]
  0x000001f5d15bb2a0 ConcurrentGCThread "G1 Conc#0" [stack: 0x00000008f3300000,0x00000008f3400000] [id=14244]
  0x000001f5d161d560 ConcurrentGCThread "G1 Refine#0" [stack: 0x00000008f3400000,0x00000008f3500000] [id=8128]
  0x000001f5e8259fa0 ConcurrentGCThread "G1 Refine#1" [stack: 0x00000008f4900000,0x00000008f4a00000] [id=18096]
  0x000001f5e9ac2bb0 ConcurrentGCThread "G1 Refine#2" [stack: 0x00000008f4d00000,0x00000008f4e00000] [id=5752]
  0x000001f5d161de90 ConcurrentGCThread "G1 Service" [stack: 0x00000008f3500000,0x00000008f3600000] [id=18336]

Threads with active compile tasks:

VM state: not at safepoint (normal execution)

VM Mutex/Monitor currently owned by a thread:  ([mutex/lock_event])
[0x000001f5d1550b60] Metaspace_lock - owner thread: 0x000001f5d1554310

Heap address: 0x0000000741800000, size: 3048 MB, Compressed Oops mode: Zero based, Oop shift amount: 3

CDS archive(s) mapped at: [0x0000000800000000-0x0000000800bc0000-0x0000000800bc0000), size 12320768, SharedBaseAddress: 0x0000000800000000, ArchiveRelocationMode: 0.
Compressed class space mapped at: 0x0000000800c00000-0x0000000840c00000, reserved size: 1073741824
Narrow klass base: 0x0000000800000000, Narrow klass shift: 0, Narrow klass range: 0x100000000

GC Precious Log:
 CPUs: 4 total, 4 available
 Memory: 12184M
 Large Page Support: Disabled
 NUMA Support: Disabled
 Compressed Oops: Enabled (Zero based)
 Heap Region Size: 2M
 Heap Min Capacity: 8M
 Heap Initial Capacity: 192M
 Heap Max Capacity: 3048M
 Pre-touch: Disabled
 Parallel Workers: 4
 Concurrent Workers: 1
 Concurrent Refinement Workers: 4
 Periodic GC: Disabled

Heap:
 garbage-first heap   total 67584K, used 29544K [0x0000000741800000, 0x0000000800000000)
  region size 2048K, 6 young (12288K), 1 survivors (2048K)
 Metaspace       used 37132K, committed 37568K, reserved 1081344K
  class space    used 5282K, committed 5504K, reserved 1048576K

Heap Regions: E=young(eden), S=young(survivor), O=old, HS=humongous(starts), HC=humongous(continues), CS=collection set, F=free, OA=open archive, CA=closed archive, TAMS=top-at-mark-start (previous, next)
|   0|0x0000000741800000, 0x0000000741a00000, 0x0000000741a00000|100%| O|  |TAMS 0x0000000741a00000, 0x0000000741800000| Untracked 
|   1|0x0000000741a00000, 0x0000000741c00000, 0x0000000741c00000|100%| O|  |TAMS 0x0000000741c00000, 0x0000000741a00000| Untracked 
|   2|0x0000000741c00000, 0x0000000741de5600, 0x0000000741e00000| 94%| O|  |TAMS 0x0000000741de5600, 0x0000000741c00000| Untracked 
|   3|0x0000000741e00000, 0x0000000742000000, 0x0000000742000000|100%| O|  |TAMS 0x0000000742000000, 0x0000000741e00000| Untracked 
|   4|0x0000000742000000, 0x0000000742200000, 0x0000000742200000|100%| O|  |TAMS 0x0000000742200000, 0x0000000742000000| Complete 
|   5|0x0000000742200000, 0x0000000742400000, 0x0000000742400000|100%| O|  |TAMS 0x000000074237e000, 0x0000000742200000| Untracked 
|   6|0x0000000742400000, 0x0000000742560400, 0x0000000742600000| 68%| O|  |TAMS 0x0000000742400000, 0x0000000742400000| Untracked 
|   7|0x0000000742600000, 0x0000000742600000, 0x0000000742800000|  0%| F|  |TAMS 0x0000000742600000, 0x0000000742600000| Untracked 
|   8|0x0000000742800000, 0x0000000742800000, 0x0000000742a00000|  0%| F|  |TAMS 0x0000000742800000, 0x0000000742800000| Untracked 
|   9|0x0000000742a00000, 0x0000000742c00000, 0x0000000742c00000|100%| O|  |TAMS 0x0000000742c00000, 0x0000000742a00000| Untracked 
|  10|0x0000000742c00000, 0x0000000742e00000, 0x0000000742e00000|100%| O|  |TAMS 0x0000000742e00000, 0x0000000742c00000| Untracked 
|  11|0x0000000742e00000, 0x0000000743000000, 0x0000000743000000|100%| O|  |TAMS 0x0000000743000000, 0x0000000742e00000| Untracked 
|  12|0x0000000743000000, 0x0000000743000000, 0x0000000743200000|  0%| F|  |TAMS 0x0000000743000000, 0x0000000743000000| Untracked 
|  13|0x0000000743200000, 0x0000000743200000, 0x0000000743400000|  0%| F|  |TAMS 0x0000000743200000, 0x0000000743200000| Untracked 
|  14|0x0000000743400000, 0x0000000743400000, 0x0000000743600000|  0%| F|  |TAMS 0x0000000743400000, 0x0000000743400000| Untracked 
|  15|0x0000000743600000, 0x0000000743600000, 0x0000000743800000|  0%| F|  |TAMS 0x0000000743600000, 0x0000000743600000| Untracked 
|  16|0x0000000743800000, 0x0000000743800000, 0x0000000743a00000|  0%| F|  |TAMS 0x0000000743800000, 0x0000000743800000| Untracked 
|  17|0x0000000743a00000, 0x0000000743a00000, 0x0000000743c00000|  0%| F|  |TAMS 0x0000000743a00000, 0x0000000743a00000| Untracked 
|  18|0x0000000743c00000, 0x0000000743c00000, 0x0000000743e00000|  0%| F|  |TAMS 0x0000000743c00000, 0x0000000743c00000| Untracked 
|  19|0x0000000743e00000, 0x0000000743e00000, 0x0000000744000000|  0%| F|  |TAMS 0x0000000743e00000, 0x0000000743e00000| Untracked 
|  20|0x0000000744000000, 0x0000000744000000, 0x0000000744200000|  0%| F|  |TAMS 0x0000000744000000, 0x0000000744000000| Untracked 
|  21|0x0000000744200000, 0x0000000744200000, 0x0000000744400000|  0%| F|  |TAMS 0x0000000744200000, 0x0000000744200000| Untracked 
|  22|0x0000000744400000, 0x0000000744400000, 0x0000000744600000|  0%| F|  |TAMS 0x0000000744400000, 0x0000000744400000| Untracked 
|  23|0x0000000744600000, 0x0000000744600000, 0x0000000744800000|  0%| F|  |TAMS 0x0000000744600000, 0x0000000744600000| Untracked 
|  24|0x0000000744800000, 0x0000000744800000, 0x0000000744a00000|  0%| F|  |TAMS 0x0000000744800000, 0x0000000744800000| Untracked 
|  25|0x0000000744a00000, 0x0000000744a00000, 0x0000000744c00000|  0%| F|  |TAMS 0x0000000744a00000, 0x0000000744a00000| Untracked 
|  26|0x0000000744c00000, 0x0000000744d94718, 0x0000000744e00000| 78%| S|CS|TAMS 0x0000000744c00000, 0x0000000744c00000| Complete 
|  27|0x0000000744e00000, 0x0000000744e00000, 0x0000000745000000|  0%| F|  |TAMS 0x0000000744e00000, 0x0000000744e00000| Untracked 
|  59|0x0000000748e00000, 0x0000000748f95cf8, 0x0000000749000000| 79%| E|  |TAMS 0x0000000748e00000, 0x0000000748e00000| Complete 
|  60|0x0000000749000000, 0x0000000749200000, 0x0000000749200000|100%| E|CS|TAMS 0x0000000749000000, 0x0000000749000000| Complete 
|  61|0x0000000749200000, 0x0000000749400000, 0x0000000749400000|100%| E|CS|TAMS 0x0000000749200000, 0x0000000749200000| Complete 
|  62|0x0000000749400000, 0x0000000749600000, 0x0000000749600000|100%| E|CS|TAMS 0x0000000749400000, 0x0000000749400000| Complete 
|  95|0x000000074d600000, 0x000000074d800000, 0x000000074d800000|100%| E|CS|TAMS 0x000000074d600000, 0x000000074d600000| Complete 

Card table byte_map: [0x000001f5de010000,0x000001f5de610000] _byte_map_base: 0x000001f5da604000

Marking Bits (Prev, Next): (CMBitMap*) 0x000001f5d15ae1d0, (CMBitMap*) 0x000001f5d15ae210
 Prev Bits: [0x000001f5dec10000, 0x000001f5e1bb0000)
 Next Bits: [0x000001f5e1bb0000, 0x000001f5e4b50000)

Polling page: 0x000001f5d13f0000

Metaspace:

Usage:
  Non-class:     31.10 MB used.
      Class:      5.16 MB used.
       Both:     36.26 MB used.

Virtual space:
  Non-class space:       32.00 MB reserved,      31.31 MB ( 98%) committed,  4 nodes.
      Class space:        1.00 GB reserved,       5.38 MB ( <1%) committed,  1 nodes.
             Both:        1.03 GB reserved,      36.69 MB (  3%) committed. 

Chunk freelists:
   Non-Class:  368.00 KB
       Class:  2.50 MB
        Both:  2.86 MB

MaxMetaspaceSize: unlimited
CompressedClassSpaceSize: 1.00 GB
Initial GC threshold: 21.00 MB
Current GC threshold: 59.00 MB
CDS: on
MetaspaceReclaimPolicy: balanced
 - commit_granule_bytes: 65536.
 - commit_granule_words: 8192.
 - virtual_space_node_default_size: 1048576.
 - enlarge_chunks_in_place: 1.
 - new_chunks_are_fully_committed: 0.
 - uncommit_free_chunks: 1.
 - use_allocation_guard: 0.
 - handle_deallocations: 1.


Internal statistics:

num_allocs_failed_limit: 6.
num_arena_births: 656.
num_arena_deaths: 0.
num_vsnodes_births: 5.
num_vsnodes_deaths: 0.
num_space_committed: 587.
num_space_uncommitted: 0.
num_chunks_returned_to_freelist: 6.
num_chunks_taken_from_freelist: 2000.
num_chunk_merges: 6.
num_chunk_splits: 1400.
num_chunks_enlarged: 1034.
num_purges: 0.
num_inconsistent_stats: 0.

CodeCache: size=49152Kb used=9065Kb max_used=9065Kb free=40086Kb
 bounds [0x000001f5da5d0000, 0x000001f5daeb0000, 0x000001f5dd5d0000]
 total_blobs=4896 nmethods=4363 adapters=458
 compilation: enabled
              stopped_count=0, restarted_count=0
 full_count=0

Compilation events (20 events):
Event: 15.702 Thread 0x000001f5e7141cd0 4356       1       net.bytebuddy.matcher.FilterableList$AbstractBase::<init> (5 bytes)
Event: 15.702 Thread 0x000001f5e7141cd0 nmethod 4356 0x000001f5daea7890 code [0x000001f5daea7a20, 0x000001f5daea7af8]
Event: 15.708 Thread 0x000001f5e716e5f0 4357       1       net.bytebuddy.description.method.MethodDescription$ForLoadedMethod::getDeclaringType (14 bytes)
Event: 15.708 Thread 0x000001f5e716e5f0 nmethod 4357 0x000001f5daea7b90 code [0x000001f5daea7d40, 0x000001f5daea8008]
Event: 15.714 Thread 0x000001f5e7141cd0 4358       1       net.bytebuddy.description.type.TypeDescription$AbstractBase::equals (60 bytes)
Event: 15.715 Thread 0x000001f5e7141cd0 nmethod 4358 0x000001f5daea8190 code [0x000001f5daea83c0, 0x000001f5daea8828]
Event: 15.715 Thread 0x000001f5e7c8f440 4359       1       net.bytebuddy.description.type.TypeDefinition$Sort::isNonGeneric (13 bytes)
Event: 15.715 Thread 0x000001f5e7c8f440 nmethod 4359 0x000001f5daea8b10 code [0x000001f5daea8ca0, 0x000001f5daea8d78]
Event: 15.715 Thread 0x000001f5e716e5f0 4360       1       net.bytebuddy.description.type.TypeDescription$Generic$LazyProjection$WithEagerNavigation$OfAnnotatedElement::<init> (5 bytes)
Event: 15.716 Thread 0x000001f5e716e5f0 nmethod 4360 0x000001f5daea8e10 code [0x000001f5daea8fa0, 0x000001f5daea9058]
Event: 15.716 Thread 0x000001f5e7141cd0 4361       1       net.bytebuddy.description.type.TypeDescription$Generic$LazyProjection$WithEagerNavigation::<init> (5 bytes)
Event: 15.716 Thread 0x000001f5e7141cd0 nmethod 4361 0x000001f5daea9110 code [0x000001f5daea92a0, 0x000001f5daea9358]
Event: 15.716 Thread 0x000001f5e7c8f440 4362       1       net.bytebuddy.description.type.TypeDescription$Generic$LazyProjection::<init> (5 bytes)
Event: 15.716 Thread 0x000001f5e7c8f440 nmethod 4362 0x000001f5daea9410 code [0x000001f5daea95a0, 0x000001f5daea9658]
Event: 15.766 Thread 0x000001f5e716e5f0 4363       1       java.time.temporal.ValueRange::getMinimum (5 bytes)
Event: 15.766 Thread 0x000001f5e7c8f440 4364       1       java.time.temporal.ValueRange::getMaximum (5 bytes)
Event: 15.766 Thread 0x000001f5e716e5f0 nmethod 4363 0x000001f5daea9710 code [0x000001f5daea98a0, 0x000001f5daea9978]
Event: 15.767 Thread 0x000001f5e7c8f440 nmethod 4364 0x000001f5daea9a10 code [0x000001f5daea9ba0, 0x000001f5daea9c78]
Event: 15.801 Thread 0x000001f5e7c8f440 4365       1       java.lang.Class::getConstructor (31 bytes)
Event: 15.802 Thread 0x000001f5e7c8f440 nmethod 4365 0x000001f5daea9d10 code [0x000001f5daea9f00, 0x000001f5daeaa258]

GC Heap History (18 events):
Event: 0.961 GC heap before
{Heap before GC invocations=0 (full 0):
 garbage-first heap   total 196608K, used 10240K [0x0000000741800000, 0x0000000800000000)
  region size 2048K, 6 young (12288K), 0 survivors (0K)
 Metaspace       used 4436K, committed 4608K, reserved 1056768K
  class space    used 545K, committed 640K, reserved 1048576K
}
Event: 0.972 GC heap after
{Heap after GC invocations=1 (full 0):
 garbage-first heap   total 196608K, used 6464K [0x0000000741800000, 0x0000000800000000)
  region size 2048K, 1 young (2048K), 1 survivors (2048K)
 Metaspace       used 4436K, committed 4608K, reserved 1056768K
  class space    used 545K, committed 640K, reserved 1048576K
}
Event: 1.227 GC heap before
{Heap before GC invocations=1 (full 0):
 garbage-first heap   total 196608K, used 12608K [0x0000000741800000, 0x0000000800000000)
  region size 2048K, 4 young (8192K), 1 survivors (2048K)
 Metaspace       used 6649K, committed 6848K, reserved 1056768K
  class space    used 825K, committed 896K, reserved 1048576K
}
Event: 1.234 GC heap after
{Heap after GC invocations=2 (full 0):
 garbage-first heap   total 196608K, used 7295K [0x0000000741800000, 0x0000000800000000)
  region size 2048K, 1 young (2048K), 1 survivors (2048K)
 Metaspace       used 6649K, committed 6848K, reserved 1056768K
  class space    used 825K, committed 896K, reserved 1048576K
}
Event: 5.171 GC heap before
{Heap before GC invocations=2 (full 0):
 garbage-first heap   total 196608K, used 27775K [0x0000000741800000, 0x0000000800000000)
  region size 2048K, 12 young (24576K), 1 survivors (2048K)
 Metaspace       used 11482K, committed 11776K, reserved 1064960K
  class space    used 1590K, committed 1728K, reserved 1048576K
}
Event: 5.181 GC heap after
{Heap after GC invocations=3 (full 0):
 garbage-first heap   total 196608K, used 9043K [0x0000000741800000, 0x0000000800000000)
  region size 2048K, 2 young (4096K), 2 survivors (4096K)
 Metaspace       used 11482K, committed 11776K, reserved 1064960K
  class space    used 1590K, committed 1728K, reserved 1048576K
}
Event: 7.324 GC heap before
{Heap before GC invocations=3 (full 0):
 garbage-first heap   total 196608K, used 70483K [0x0000000741800000, 0x0000000800000000)
  region size 2048K, 33 young (67584K), 2 survivors (4096K)
 Metaspace       used 21150K, committed 21504K, reserved 1073152K
  class space    used 2870K, committed 3072K, reserved 1048576K
}
Event: 7.336 GC heap after
{Heap after GC invocations=4 (full 0):
 garbage-first heap   total 196608K, used 14216K [0x0000000741800000, 0x0000000800000000)
  region size 2048K, 4 young (8192K), 4 survivors (8192K)
 Metaspace       used 21150K, committed 21504K, reserved 1073152K
  class space    used 2870K, committed 3072K, reserved 1048576K
}
Event: 8.558 GC heap before
{Heap before GC invocations=5 (full 0):
 garbage-first heap   total 55296K, used 40840K [0x0000000741800000, 0x0000000800000000)
  region size 2048K, 18 young (36864K), 4 survivors (8192K)
 Metaspace       used 24274K, committed 24640K, reserved 1073152K
  class space    used 3283K, committed 3456K, reserved 1048576K
}
Event: 8.576 GC heap after
{Heap after GC invocations=6 (full 0):
 garbage-first heap   total 55296K, used 15536K [0x0000000741800000, 0x0000000800000000)
  region size 2048K, 5 young (10240K), 5 survivors (10240K)
 Metaspace       used 24274K, committed 24640K, reserved 1073152K
  class space    used 3283K, committed 3456K, reserved 1048576K
}
Event: 11.367 GC heap before
{Heap before GC invocations=6 (full 0):
 garbage-first heap   total 55296K, used 36016K [0x0000000741800000, 0x0000000800000000)
  region size 2048K, 15 young (30720K), 5 survivors (10240K)
 Metaspace       used 26443K, committed 26816K, reserved 1073152K
  class space    used 3636K, committed 3840K, reserved 1048576K
}
Event: 11.395 GC heap after
{Heap after GC invocations=7 (full 0):
 garbage-first heap   total 55296K, used 17487K [0x0000000741800000, 0x0000000800000000)
  region size 2048K, 2 young (4096K), 2 survivors (4096K)
 Metaspace       used 26443K, committed 26816K, reserved 1073152K
  class space    used 3636K, committed 3840K, reserved 1048576K
}
Event: 12.160 GC heap before
{Heap before GC invocations=7 (full 0):
 garbage-first heap   total 55296K, used 37967K [0x0000000741800000, 0x0000000800000000)
  region size 2048K, 12 young (24576K), 2 survivors (4096K)
 Metaspace       used 29763K, committed 30208K, reserved 1081344K
  class space    used 4099K, committed 4288K, reserved 1048576K
}
Event: 12.175 GC heap after
{Heap after GC invocations=8 (full 0):
 garbage-first heap   total 55296K, used 19729K [0x0000000741800000, 0x0000000800000000)
  region size 2048K, 2 young (4096K), 2 survivors (4096K)
 Metaspace       used 29763K, committed 30208K, reserved 1081344K
  class space    used 4099K, committed 4288K, reserved 1048576K
}
Event: 13.013 GC heap before
{Heap before GC invocations=8 (full 0):
 garbage-first heap   total 55296K, used 38161K [0x0000000741800000, 0x0000000800000000)
  region size 2048K, 12 young (24576K), 2 survivors (4096K)
 Metaspace       used 32933K, committed 33408K, reserved 1081344K
  class space    used 4550K, committed 4800K, reserved 1048576K
}
Event: 13.024 GC heap after
{Heap after GC invocations=9 (full 0):
 garbage-first heap   total 67584K, used 20827K [0x0000000741800000, 0x0000000800000000)
  region size 2048K, 2 young (4096K), 2 survivors (4096K)
 Metaspace       used 32933K, committed 33408K, reserved 1081344K
  class space    used 4550K, committed 4800K, reserved 1048576K
}
Event: 14.827 GC heap before
{Heap before GC invocations=9 (full 0):
 garbage-first heap   total 67584K, used 31067K [0x0000000741800000, 0x0000000800000000)
  region size 2048K, 8 young (16384K), 2 survivors (4096K)
 Metaspace       used 35526K, committed 35968K, reserved 1081344K
  class space    used 4968K, committed 5184K, reserved 1048576K
}
Event: 14.833 GC heap after
{Heap after GC invocations=10 (full 0):
 garbage-first heap   total 67584K, used 21352K [0x0000000741800000, 0x0000000800000000)
  region size 2048K, 1 young (2048K), 1 survivors (2048K)
 Metaspace       used 35526K, committed 35968K, reserved 1081344K
  class space    used 4968K, committed 5184K, reserved 1048576K
}

Deoptimization events (12 events):
Event: 1.010 Thread 0x000001f5d1554310 DEOPT PACKING pc=0x000001f5da84ddad sp=0x00000008f30fdf20
Event: 1.010 Thread 0x000001f5d1554310 DEOPT UNPACKING pc=0x000001f5da622b43 sp=0x00000008f30fd480 mode 3
Event: 1.318 Thread 0x000001f5d1554310 DEOPT PACKING pc=0x000001f5da8b0981 sp=0x00000008f30fd890
Event: 1.318 Thread 0x000001f5d1554310 DEOPT UNPACKING pc=0x000001f5da622b43 sp=0x00000008f30fcce8 mode 3
Event: 5.597 Thread 0x000001f5d1554310 DEOPT PACKING pc=0x000001f5dab416f9 sp=0x00000008f30fd410
Event: 5.597 Thread 0x000001f5d1554310 DEOPT UNPACKING pc=0x000001f5da622b43 sp=0x00000008f30fc8f0 mode 3
Event: 5.988 Thread 0x000001f5d1554310 DEOPT PACKING pc=0x000001f5dab88555 sp=0x00000008f30fda30
Event: 5.988 Thread 0x000001f5d1554310 DEOPT UNPACKING pc=0x000001f5da622b43 sp=0x00000008f30fced8 mode 3
Event: 11.258 Thread 0x000001f5d1554310 DEOPT PACKING pc=0x000001f5dacfb6ec sp=0x00000008f30fd210
Event: 11.258 Thread 0x000001f5d1554310 DEOPT UNPACKING pc=0x000001f5da622b43 sp=0x00000008f30fc6c8 mode 0
Event: 12.212 Thread 0x000001f5d1554310 DEOPT PACKING pc=0x000001f5dae520a5 sp=0x00000008f30fc8a0
Event: 12.212 Thread 0x000001f5d1554310 DEOPT UNPACKING pc=0x000001f5da622b43 sp=0x00000008f30fbe08 mode 3

Classes unloaded (0 events):
No events

Classes redefined (0 events):
No events

Internal exceptions (20 events):
Event: 10.885 Thread 0x000001f5d1554310 Exception <a 'java/lang/NoClassDefFoundError'{0x0000000744008838}: org/flywaydb/core/Flyway> (0x0000000744008838) 
thrown [t:\workspace\open\src\hotspot\share\classfile\systemDictionary.cpp, line 245]
Event: 10.885 Thread 0x000001f5d1554310 Exception <a 'java/lang/NoClassDefFoundError'{0x000000074400a990}: liquibase/integration/spring/SpringLiquibase> (0x000000074400a990) 
thrown [t:\workspace\open\src\hotspot\share\classfile\systemDictionary.cpp, line 245]
Event: 11.137 Thread 0x000001f5d1554310 Exception <a 'java/lang/NoClassDefFoundError'{0x0000000743ec54e8}: org/jooq/DSLContext> (0x0000000743ec54e8) 
thrown [t:\workspace\open\src\hotspot\share\classfile\systemDictionary.cpp, line 245]
Event: 11.139 Thread 0x000001f5d1554310 Exception <a 'java/lang/NoClassDefFoundError'{0x0000000743ee5020}: org/springframework/batch/core/repository/JobRepository> (0x0000000743ee5020) 
thrown [t:\workspace\open\src\hotspot\share\classfile\systemDictionary.cpp, line 245]
Event: 11.139 Thread 0x000001f5d1554310 Exception <a 'java/lang/NoClassDefFoundError'{0x0000000743ee6e98}: org/quartz/Scheduler> (0x0000000743ee6e98) 
thrown [t:\workspace\open\src\hotspot\share\classfile\systemDictionary.cpp, line 245]
Event: 11.139 Thread 0x000001f5d1554310 Exception <a 'java/lang/NoClassDefFoundError'{0x0000000743ee9280}: org/springframework/session/jdbc/JdbcIndexedSessionRepository> (0x0000000743ee9280) 
thrown [t:\workspace\open\src\hotspot\share\classfile\systemDictionary.cpp, line 245]
Event: 11.623 Thread 0x000001f5d1554310 Exception <a 'java/lang/NoSuchMethodError'{0x0000000749381870}: 'void java.lang.invoke.DirectMethodHandle$Holder.invokeInterface(java.lang.Object, java.lang.Object, int)'> (0x0000000749381870) 
thrown [t:\workspace\open\src\hotspot\share\interpreter\linkResolver.cpp, line 766]
Event: 11.631 Thread 0x000001f5d1554310 Exception <a 'java/lang/IncompatibleClassChangeError'{0x00000007493d1648}: Found class java.lang.Object, but interface was expected> (0x00000007493d1648) 
thrown [t:\workspace\open\src\hotspot\share\interpreter\linkResolver.cpp, line 833]
Event: 11.634 Thread 0x000001f5d1554310 Exception <a 'java/lang/NoSuchMethodError'{0x00000007493f4a88}: 'void java.lang.invoke.DirectMethodHandle$Holder.invokeStatic(java.lang.Object, int, java.lang.Object)'> (0x00000007493f4a88) 
thrown [t:\workspace\open\src\hotspot\share\interpreter\linkResolver.cpp, line 766]
Event: 11.641 Thread 0x000001f5d1554310 Exception <a 'java/lang/NoSuchMethodError'{0x0000000749030728}: 'void java.lang.invoke.DirectMethodHandle$Holder.invokeVirtual(java.lang.Object, java.lang.Object, int)'> (0x0000000749030728) 
thrown [t:\workspace\open\src\hotspot\share\interpreter\linkResolver.cpp, line 766]
Event: 11.642 Thread 0x000001f5d1554310 Exception <a 'java/lang/NoSuchMethodError'{0x0000000749036970}: 'void java.lang.invoke.DirectMethodHandle$Holder.invokeStatic(java.lang.Object, java.lang.Object, java.lang.Object, int, java.lang.Object)'> (0x0000000749036970) 
thrown [t:\workspace\open\src\hotspot\share\interpreter\linkResolver.cpp, line 766]
Event: 11.643 Thread 0x000001f5d1554310 Exception <a 'java/lang/NoSuchMethodError'{0x000000074903de78}: 'java.lang.Object java.lang.invoke.DirectMethodHandle$Holder.newInvokeSpecial(java.lang.Object, java.lang.Object, java.lang.Object, int)'> (0x000000074903de78) 
thrown [t:\workspace\open\src\hotspot\share\interpreter\linkResolver.cpp, line 766]
Event: 11.643 Thread 0x000001f5d1554310 Exception <a 'java/lang/NoSuchMethodError'{0x0000000749042160}: 'java.lang.Object java.lang.invoke.DirectMethodHandle$Holder.invokeSpecial(java.lang.Object, java.lang.Object, java.lang.Object, java.lang.Object, int)'> (0x0000000749042160) 
thrown [t:\workspace\open\src\hotspot\share\interpreter\linkResolver.cpp, line 766]
Event: 11.643 Thread 0x000001f5d1554310 Exception <a 'java/lang/NoSuchMethodError'{0x0000000749045d28}: 'java.lang.Object java.lang.invoke.Invokers$Holder.linkToTargetMethod(java.lang.Object, java.lang.Object, int, java.lang.Object)'> (0x0000000749045d28) 
thrown [t:\workspace\open\src\hotspot\share\interpreter\linkResolver.cpp, line 766]
Event: 11.994 Thread 0x000001f5d1554310 Exception <a 'java/lang/NoSuchMethodError'{0x0000000743f80358}: 'java.lang.Object java.lang.invoke.DirectMethodHandle$Holder.invokeSpecial(java.lang.Object, java.lang.Object, long, java.lang.Object, java.lang.Object, java.lang.Object, java.lang.Object, java.lang.Object, java.lang.Object)'> (0x0000000743f80358) 
thrown [t:\workspace\open\src\hotspot\share\interpreter\linkResolver.cpp, line 766]
Event: 11.995 Thread 0x000001f5d1554310 Exception <a 'java/lang/NoSuchMethodError'{0x0000000743f84e80}: 'java.lang.Object java.lang.invoke.DelegatingMethodHandle$Holder.reinvoke_L(java.lang.Object, long, java.lang.Object, java.lang.Object, java.lang.Object, java.lang.Object, java.lang.Object, java.lang.Object)'> (0x0000000743f84e80) 
thrown [t:\workspace\open\src\hotspot\share\interpreter\linkResolver.cpp, line 766]
Event: 12.057 Thread 0x000001f5d1554310 Exception <a 'java/io/FileNotFoundException'{0x0000000743ce2040}> (0x0000000743ce2040) 
thrown [t:\workspace\open\src\hotspot\share\prims\jni.cpp, line 516]
Event: 12.118 Thread 0x000001f5d1554310 Exception <a 'java/lang/NoSuchMethodError'{0x0000000743ac9298}: 'int java.lang.invoke.DirectMethodHandle$Holder.invokeInterface(java.lang.Object, java.lang.Object, java.lang.Object, java.lang.Object)'> (0x0000000743ac9298) 
thrown [t:\workspace\open\src\hotspot\share\interpreter\linkResolver.cpp, line 766]
Event: 12.224 Thread 0x000001f5d1554310 Exception <a 'java/lang/NoSuchMethodError'{0x000000074d72c598}: 'long java.lang.invoke.DirectMethodHandle$Holder.invokeVirtual(java.lang.Object, java.lang.Object)'> (0x000000074d72c598) 
thrown [t:\workspace\open\src\hotspot\share\interpreter\linkResolver.cpp, line 766]
Event: 12.459 Thread 0x000001f5d1554310 Exception <a 'sun/nio/fs/WindowsException'{0x0000000748eb56c0}> (0x0000000748eb56c0) 
thrown [t:\workspace\open\src\hotspot\share\prims\jni.cpp, line 516]

VM Operations (20 events):
Event: 12.151 Executing VM operation: HandshakeAllThreads
Event: 12.151 Executing VM operation: HandshakeAllThreads done
Event: 12.152 Executing VM operation: HandshakeAllThreads
Event: 12.152 Executing VM operation: HandshakeAllThreads done
Event: 12.160 Executing VM operation: G1CollectForAllocation
Event: 12.175 Executing VM operation: G1CollectForAllocation done
Event: 12.239 Executing VM operation: HandshakeAllThreads
Event: 12.239 Executing VM operation: HandshakeAllThreads done
Event: 12.302 Executing VM operation: HandshakeAllThreads
Event: 12.302 Executing VM operation: HandshakeAllThreads done
Event: 13.013 Executing VM operation: G1CollectForAllocation
Event: 13.024 Executing VM operation: G1CollectForAllocation done
Event: 14.034 Executing VM operation: Cleanup
Event: 14.809 Executing VM operation: Cleanup done
Event: 14.827 Executing VM operation: CollectForMetadataAllocation
Event: 14.833 Executing VM operation: CollectForMetadataAllocation done
Event: 14.900 Executing VM operation: G1Concurrent
Event: 14.903 Executing VM operation: G1Concurrent done
Event: 14.931 Executing VM operation: G1Concurrent
Event: 14.931 Executing VM operation: G1Concurrent done

Events (20 events):
Event: 13.387 loading class java/lang/Process
Event: 13.387 loading class java/lang/Process done
Event: 13.413 loading class java/lang/reflect/GenericSignatureFormatError
Event: 13.413 loading class java/lang/reflect/GenericSignatureFormatError done
Event: 13.430 Thread 0x000001f5e9ee5b30 Thread added: 0x000001f5e9ee5b30
Event: 13.435 Thread 0x000001f5e9ee5b30 Thread exited: 0x000001f5e9ee5b30
Event: 13.486 loading class java/io/Console
Event: 13.487 loading class java/io/Console done
Event: 13.966 Thread 0x000001f5e9ee5b30 Thread added: 0x000001f5e9ee5b30
Event: 14.809 Thread 0x000001f5e9ee5b30 Thread exited: 0x000001f5e9ee5b30
Event: 15.065 Thread 0x000001f5e9ee5b30 Thread added: 0x000001f5e9ee5b30
Event: 15.141 Thread 0x000001f5e9ee5b30 Thread exited: 0x000001f5e9ee5b30
Event: 15.596 Thread 0x000001f5e9ee5b30 Thread added: 0x000001f5e9ee5b30
Event: 15.653 Thread 0x000001f5e9ee5b30 Thread exited: 0x000001f5e9ee5b30
Event: 15.799 loading class javax/naming/InvalidNameException
Event: 15.800 loading class javax/naming/InvalidNameException done
Event: 15.800 loading class javax/naming/event/NamingListener
Event: 15.800 loading class javax/naming/event/NamingListener done
Event: 15.801 loading class javax/naming/event/NamespaceChangeListener
Event: 15.801 loading class javax/naming/event/NamespaceChangeListener done


Dynamic libraries:
0x00007ff7cbf20000 - 0x00007ff7cbf30000 	C:\Program Files\Java\jdk-17.0.3\bin\java.exe
0x00007ffe01c70000 - 0x00007ffe01e68000 	C:\WINDOWS\SYSTEM32\ntdll.dll
0x00007ffe00c10000 - 0x00007ffe00cd2000 	C:\WINDOWS\System32\KERNEL32.DLL
0x00007ffdff700000 - 0x00007ffdff9ff000 	C:\WINDOWS\System32\KERNELBASE.dll
0x00007ffdff300000 - 0x00007ffdff400000 	C:\WINDOWS\System32\ucrtbase.dll
0x00007ffdf2dd0000 - 0x00007ffdf2de8000 	C:\Program Files\Java\jdk-17.0.3\bin\jli.dll
0x00007ffe006a0000 - 0x00007ffe00751000 	C:\WINDOWS\System32\ADVAPI32.dll
0x00007ffdf3f00000 - 0x00007ffdf3f1a000 	C:\Program Files\Java\jdk-17.0.3\bin\VCRUNTIME140.dll
0x00007ffe00480000 - 0x00007ffe0051e000 	C:\WINDOWS\System32\msvcrt.dll
0x00007ffe00ce0000 - 0x00007ffe00d7f000 	C:\WINDOWS\System32\sechost.dll
0x00007ffe016f0000 - 0x00007ffe01813000 	C:\WINDOWS\System32\RPCRT4.dll
0x00007ffdff4e0000 - 0x00007ffdff507000 	C:\WINDOWS\System32\bcrypt.dll
0x00007ffddfbe0000 - 0x00007ffddfe7a000 	C:\WINDOWS\WinSxS\amd64_microsoft.windows.common-controls_6595b64144ccf1df_6.0.19041.4355_none_60b8b9eb71f62e16\COMCTL32.dll
0x00007ffe00820000 - 0x00007ffe0084b000 	C:\WINDOWS\System32\GDI32.dll
0x00007ffdff4b0000 - 0x00007ffdff4d2000 	C:\WINDOWS\System32\win32u.dll
0x00007ffdffa00000 - 0x00007ffdffb17000 	C:\WINDOWS\System32\gdi32full.dll
0x00007ffdff510000 - 0x00007ffdff5ad000 	C:\WINDOWS\System32\msvcp_win.dll
0x00007ffe01a90000 - 0x00007ffe01c2d000 	C:\WINDOWS\System32\USER32.dll
0x00007ffdf59c0000 - 0x00007ffdf59ca000 	C:\WINDOWS\SYSTEM32\VERSION.dll
0x00007ffe01980000 - 0x00007ffe019af000 	C:\WINDOWS\System32\IMM32.DLL
0x00007ffdf8720000 - 0x00007ffdf872c000 	C:\Program Files\Java\jdk-17.0.3\bin\vcruntime140_1.dll
0x00007ffdb15d0000 - 0x00007ffdb165d000 	C:\Program Files\Java\jdk-17.0.3\bin\msvcp140.dll
0x00007ffd508f0000 - 0x00007ffd514b1000 	C:\Program Files\Java\jdk-17.0.3\bin\server\jvm.dll
0x00007ffe00680000 - 0x00007ffe00688000 	C:\WINDOWS\System32\PSAPI.DLL
0x00007ffdf3e30000 - 0x00007ffdf3e39000 	C:\WINDOWS\SYSTEM32\WSOCK32.dll
0x00007ffddd0c0000 - 0x00007ffddd0e7000 	C:\WINDOWS\SYSTEM32\WINMM.dll
0x00007ffe00520000 - 0x00007ffe0058b000 	C:\WINDOWS\System32\WS2_32.dll
0x00007ffdfdae0000 - 0x00007ffdfdaf2000 	C:\WINDOWS\SYSTEM32\kernel.appcore.dll
0x00007ffdf86d0000 - 0x00007ffdf86da000 	C:\Program Files\Java\jdk-17.0.3\bin\jimage.dll
0x00007ffdf9e60000 - 0x00007ffdfa044000 	C:\WINDOWS\SYSTEM32\DBGHELP.DLL
0x00007ffde13d0000 - 0x00007ffde1404000 	C:\WINDOWS\SYSTEM32\dbgcore.DLL
0x00007ffdff670000 - 0x00007ffdff6f2000 	C:\WINDOWS\System32\bcryptPrimitives.dll
0x00007ffdf60a0000 - 0x00007ffdf60ae000 	C:\Program Files\Java\jdk-17.0.3\bin\instrument.dll
0x00007ffdf0400000 - 0x00007ffdf0425000 	C:\Program Files\Java\jdk-17.0.3\bin\java.dll
0x00007ffdaf800000 - 0x00007ffdaf8d6000 	C:\Program Files\Java\jdk-17.0.3\bin\jsvml.dll
0x00007ffdffd10000 - 0x00007ffe0047e000 	C:\WINDOWS\System32\SHELL32.dll
0x00007ffdfa1e0000 - 0x00007ffdfa984000 	C:\WINDOWS\SYSTEM32\windows.storage.dll
0x00007ffe008b0000 - 0x00007ffe00c05000 	C:\WINDOWS\System32\combase.dll
0x00007ffdfeb80000 - 0x00007ffdfebaf000 	C:\WINDOWS\SYSTEM32\Wldp.dll
0x00007ffe005b0000 - 0x00007ffe0067d000 	C:\WINDOWS\System32\OLEAUT32.dll
0x00007ffe018d0000 - 0x00007ffe0197d000 	C:\WINDOWS\System32\SHCORE.dll
0x00007ffe00760000 - 0x00007ffe007b5000 	C:\WINDOWS\System32\shlwapi.dll
0x00007ffdff230000 - 0x00007ffdff254000 	C:\WINDOWS\SYSTEM32\profapi.dll
0x00007ffdf2db0000 - 0x00007ffdf2dc8000 	C:\Program Files\Java\jdk-17.0.3\bin\zip.dll
0x00007ffdccef0000 - 0x00007ffdccf09000 	C:\Program Files\Java\jdk-17.0.3\bin\net.dll
0x00007ffdf4270000 - 0x00007ffdf437d000 	C:\WINDOWS\SYSTEM32\WINHTTP.dll
0x00007ffdfe960000 - 0x00007ffdfe9ca000 	C:\WINDOWS\system32\mswsock.dll
0x00007ffdcb660000 - 0x00007ffdcb676000 	C:\Program Files\Java\jdk-17.0.3\bin\nio.dll
0x00007ffdc1250000 - 0x00007ffdc126a000 	C:\Users\ISAAC\AppData\Local\Programs\IntelliJ IDEA Ultimate\bin\breakgen64.dll
0x00007ffdfe6a0000 - 0x00007ffdfe76a000 	C:\WINDOWS\SYSTEM32\DNSAPI.dll
0x00007ffdfe660000 - 0x00007ffdfe69b000 	C:\WINDOWS\SYSTEM32\IPHLPAPI.DLL
0x00007ffe00690000 - 0x00007ffe00698000 	C:\WINDOWS\System32\NSI.dll
0x00007ffde8940000 - 0x00007ffde894a000 	C:\Windows\System32\rasadhlp.dll
0x00007ffdf35d0000 - 0x00007ffdf3650000 	C:\WINDOWS\System32\fwpuclnt.dll
0x00007ffdf2d40000 - 0x00007ffdf2d49000 	C:\Program Files\Java\jdk-17.0.3\bin\management.dll
0x00007ffdf03f0000 - 0x00007ffdf03fb000 	C:\Program Files\Java\jdk-17.0.3\bin\management_ext.dll
0x00007ffdfebc0000 - 0x00007ffdfebd8000 	C:\WINDOWS\SYSTEM32\CRYPTSP.dll
0x00007ffdfe2a0000 - 0x00007ffdfe2d4000 	C:\WINDOWS\system32\rsaenh.dll
0x00007ffdff1b0000 - 0x00007ffdff1de000 	C:\WINDOWS\SYSTEM32\USERENV.dll
0x00007ffdfeaf0000 - 0x00007ffdfeafc000 	C:\WINDOWS\SYSTEM32\CRYPTBASE.dll
0x00007ffdf5040000 - 0x00007ffdf5057000 	C:\WINDOWS\SYSTEM32\dhcpcsvc6.DLL
0x00007ffdf4fd0000 - 0x00007ffdf4fed000 	C:\WINDOWS\SYSTEM32\dhcpcsvc.DLL
0x00007ffdd13a0000 - 0x00007ffdd13b7000 	C:\WINDOWS\system32\napinsp.dll
0x00007ffdd1380000 - 0x00007ffdd139b000 	C:\WINDOWS\system32\pnrpnsp.dll
0x00007ffdf7b20000 - 0x00007ffdf7b35000 	C:\WINDOWS\system32\wshbth.dll
0x00007ffdf8230000 - 0x00007ffdf824d000 	C:\WINDOWS\system32\NLAapi.dll
0x00007ffdd1360000 - 0x00007ffdd1372000 	C:\WINDOWS\System32\winrnr.dll
0x00007ffde29e0000 - 0x00007ffde29ee000 	C:\Program Files\Java\jdk-17.0.3\bin\sunmscapi.dll
0x00007ffdffb20000 - 0x00007ffdffc7c000 	C:\WINDOWS\System32\CRYPT32.dll
0x00007ffdfecd0000 - 0x00007ffdfecf7000 	C:\WINDOWS\SYSTEM32\ncrypt.dll
0x00007ffdfec90000 - 0x00007ffdfeccb000 	C:\WINDOWS\SYSTEM32\NTASN1.dll
0x00007ffde29c0000 - 0x00007ffde29d0000 	C:\Program Files\Java\jdk-17.0.3\bin\verify.dll

dbghelp: loaded successfully - version: 4.0.5 - missing functions: none
symbol engine: initialized successfully - sym options: 0x614 - pdb path: .;C:\Program Files\Java\jdk-17.0.3\bin;C:\WINDOWS\SYSTEM32;C:\WINDOWS\WinSxS\amd64_microsoft.windows.common-controls_6595b64144ccf1df_6.0.19041.4355_none_60b8b9eb71f62e16;C:\Program Files\Java\jdk-17.0.3\bin\server;C:\Users\ISAAC\AppData\Local\Programs\IntelliJ IDEA Ultimate\bin

VM Arguments:
jvm_args: -XX:TieredStopAtLevel=1 -Dspring.output.ansi.enabled=always -Dcom.sun.management.jmxremote -Dspring.jmx.enabled=true -Dspring.liveBeansView.mbeanDomain -Dspring.application.admin.enabled=true -Dmanagement.endpoints.jmx.exposure.include=* -javaagent:C:\Users\ISAAC\AppData\Local\Programs\IntelliJ IDEA Ultimate\lib\idea_rt.jar=52921:C:\Users\ISAAC\AppData\Local\Programs\IntelliJ IDEA Ultimate\bin -Dfile.encoding=UTF-8 
java_command: com.example.symu_api.SymuApiApplication
java_class_path (initial): F:\SYMU\symu_api\target\classes;C:\Users\ISAAC\.m2\repository\org\springframework\boot\spring-boot-starter-web\3.3.1\spring-boot-starter-web-3.3.1.jar;C:\Users\ISAAC\.m2\repository\org\springframework\boot\spring-boot-starter\3.3.1\spring-boot-starter-3.3.1.jar;C:\Users\ISAAC\.m2\repository\org\springframework\boot\spring-boot\3.3.1\spring-boot-3.3.1.jar;C:\Users\ISAAC\.m2\repository\org\springframework\boot\spring-boot-autoconfigure\3.3.1\spring-boot-autoconfigure-3.3.1.jar;C:\Users\ISAAC\.m2\repository\org\springframework\boot\spring-boot-starter-logging\3.3.1\spring-boot-starter-logging-3.3.1.jar;C:\Users\ISAAC\.m2\repository\ch\qos\logback\logback-classic\1.5.6\logback-classic-1.5.6.jar;C:\Users\ISAAC\.m2\repository\ch\qos\logback\logback-core\1.5.6\logback-core-1.5.6.jar;C:\Users\ISAAC\.m2\repository\org\apache\logging\log4j\log4j-to-slf4j\2.23.1\log4j-to-slf4j-2.23.1.jar;C:\Users\ISAAC\.m2\repository\org\apache\logging\log4j\log4j-api\2.23.1\log4j-api-2.23.1.jar;C:\Users\ISAAC\.m2\repository\org\slf4j\jul-to-slf4j\2.0.13\jul-to-slf4j-2.0.13.jar;C:\Users\ISAAC\.m2\repository\jakarta\annotation\jakarta.annotation-api\2.1.1\jakarta.annotation-api-2.1.1.jar;C:\Users\ISAAC\.m2\repository\org\yaml\snakeyaml\2.2\snakeyaml-2.2.jar;C:\Users\ISAAC\.m2\repository\org\springframework\boot\spring-boot-starter-json\3.3.1\spring-boot-starter-json-3.3.1.jar;C:\Users\ISAAC\.m2\repository\com\fasterxml\jackson\core\jackson-databind\2.17.1\jackson-databind-2.17.1.jar;C:\Users\ISAAC\.m2\repository\com\fasterxml\jackson\core\jackson-annotations\2.17.1\jackson-annotations-2.17.1.jar;C:\Users\ISAAC\.m2\repository\com\fasterxml\jackson\core\jackson-core\2.17.1\jackson-core-2.17.1.jar;C:\Users\ISAAC\.m2\repository\com\fasterxml\jackson\datatype\jackson-datatype-jdk8\2.17.1\jackson-datatype-jdk8-2.17.1.jar;C:\Users\ISAAC\.m2\repository\com\fasterxml\jackson\datatype\jackson-datatype-jsr310\2.17.1\jackson-datatype-jsr310-2.17.1.jar;C:\Users\ISAAC\.m2\reposit
Launcher Type: SUN_STANDARD

[Global flags]
     intx CICompilerCount                          = 3                                         {product} {ergonomic}
     uint ConcGCThreads                            = 1                                         {product} {ergonomic}
     uint G1ConcRefinementThreads                  = 4                                         {product} {ergonomic}
   size_t G1HeapRegionSize                         = 2097152                                   {product} {ergonomic}
    uintx GCDrainStackTargetSize                   = 64                                        {product} {ergonomic}
   size_t InitialHeapSize                          = 201326592                                 {product} {ergonomic}
     bool ManagementServer                         = true                                      {product} {command line}
   size_t MarkStackSize                            = 4194304                                   {product} {ergonomic}
   size_t MaxHeapSize                              = 3196059648                                {product} {ergonomic}
   size_t MaxNewSize                               = 1916796928                                {product} {ergonomic}
   size_t MinHeapDeltaBytes                        = 2097152                                   {product} {ergonomic}
   size_t MinHeapSize                              = 8388608                                   {product} {ergonomic}
    uintx NonProfiledCodeHeapSize                  = 0                                      {pd product} {ergonomic}
     bool ProfileInterpreter                       = false                                  {pd product} {command line}
    uintx ProfiledCodeHeapSize                     = 0                                      {pd product} {ergonomic}
   size_t SoftMaxHeapSize                          = 3196059648                             {manageable} {ergonomic}
     intx TieredStopAtLevel                        = 1                                         {product} {command line}
     bool UseCompressedClassPointers               = true                           {product lp64_product} {ergonomic}
     bool UseCompressedOops                        = true                           {product lp64_product} {ergonomic}
     bool UseG1GC                                  = true                                      {product} {ergonomic}
     bool UseLargePagesIndividualAllocation        = false                                  {pd product} {ergonomic}

Logging:
Log output configuration:
 #0: stdout all=warning uptime,level,tags
 #1: stderr all=off uptime,level,tags

Environment Variables:
JAVA_HOME=C:\Program Files\Java\jdk1.8.0_311
PATH=C:\Program Files (x86)\Common Files\Oracle\Java\javapath;C:\Program Files\Common Files\Oracle\Java\javapath;C:\WINDOWS\system32;C:\WINDOWS;C:\WINDOWS\System32\Wbem;C:\WINDOWS\System32\WindowsPowerShell\v1.0\;C:\WINDOWS\System32\OpenSSH\;C:\Program Files\Git\cmd;C:\Program Files\PuTTY\;F:\soft\apache-maven-3.8.5\bin;C:\Program Files\TortoiseGit\bin;C:\Program Files (x86)\Intel\Intel(R) Management Engine Components\DAL;C:\Program Files\Intel\Intel(R) Management Engine Components\DAL;C:\Program Files\nodejs\;C:\Program Files\Docker\Docker\resources\bin;C:\Program Files\Microsoft SQL Server\Client SDK\ODBC\110\Tools\Binn\;C:\Program Files (x86)\Microsoft SQL Server\120\Tools\Binn\;C:\Program Files\Microsoft SQL Server\120\Tools\Binn\;C:\Program Files\Microsoft SQL Server\120\DTS\Binn\;C:\Program Files (x86)\Microsoft SQL Server\120\Tools\Binn\ManagementStudio\;C:\Program Files (x86)\Microsoft SQL Server\120\DTS\Binn\;C:\Program Files (x86)\Microsoft SQL Server\160\Tools\Binn\;C:\Program Files\Microsoft SQL Server\160\Tools\Binn\;C:\Program Files\Microsoft SQL Server\Client SDK\ODBC\170\Tools\Binn\;C:\Program Files\Microsoft SQL Server\160\DTS\Binn\;C:\Program Files (x86)\Microsoft SQL Server\160\DTS\Binn\;C:\Program Files\Azure Data Studio\bin;C:\Program Files\Java\jdk1.8.0_311\bin;C:\Users\ISAAC\AppData\Local\Programs\Python\Python310\Scripts\;C:\Users\ISAAC\AppData\Local\Programs\Python\Python310\;C:\Users\ISAAC\AppData\Local\Microsoft\WindowsApps;C:\Users\ISAAC\AppData\Roaming\npm;C:\Users\ISAAC\AppData\Local\Programs\Microsoft VS Code\bin;C:\Users\ISAAC\AppData\Local\JetBrains\Toolbox\scripts;C:\Program Files\Azure Data Studio\bin;F:\PyCharm 2023.3.4\bin;;C:\Program Files\Java\jdk1.8.0_311\bin;
USERNAME=ISAAC
OS=Windows_NT
PROCESSOR_IDENTIFIER=Intel64 Family 6 Model 78 Stepping 3, GenuineIntel



---------------  S Y S T E M  ---------------

OS:
 Windows 10 , 64 bit Build 19041 (10.0.19041.5198)
OS uptime: 8 days 8:44 hours
Hyper-V role detected

CPU: total 4 (initial active 4) (2 cores per cpu, 2 threads per core) family 6 model 78 stepping 3 microcode 0xec, cx8, cmov, fxsr, ht, mmx, 3dnowpref, sse, sse2, sse3, ssse3, sse4.1, sse4.2, popcnt, lzcnt, tsc, tscinvbit, avx, avx2, aes, erms, clmul, bmi1, bmi2, adx, fma, vzeroupper, clflush, clflushopt, hv

Memory: 4k page, system-wide physical 12184M (706M free)
TotalPageFile size 16042M (AvailPageFile size 0M)
current process WorkingSet (physical memory assigned to process): 157M, peak: 157M
current process commit charge ("private bytes"): 198M, peak: 305M

vm_info: Java HotSpot(TM) 64-Bit Server VM (17.0.3+8-LTS-111) for windows-amd64 JRE (17.0.3+8-LTS-111), built on Mar  9 2022 22:40:21 by "mach5one" with MS VC++ 16.8 / 16.9 (VS2019)

END.
