#
# There is insufficient memory for the Java Runtime Environment to continue.
# Native memory allocation (mmap) failed to map 67108864 bytes for G1 virtual space
# Possible reasons:
#   The system is out of physical RAM or swap space
#   The process is running with CompressedOops enabled, and the Java Heap may be blocking the growth of the native heap
# Possible solutions:
#   Reduce memory load on the system
#   Increase physical memory or swap space
#   Check if swap backing store is full
#   Decrease Java heap size (-Xmx/-Xms)
#   Decrease number of Java threads
#   Decrease Java thread stack sizes (-Xss)
#   Set larger code cache with -XX:ReservedCodeCacheSize=
#   JVM is running with Zero Based Compressed Oops mode in which the Java heap is
#     placed in the first 32GB address space. The Java Heap base address is the
#     maximum limit for the native heap growth. Please use -XX:HeapBaseMinAddress
#     to set the Java Heap base and to place the Java Heap above 32GB virtual address.
# This output file may be truncated or incomplete.
#
#  Out of Memory Error (os_windows.cpp:3535), pid=9344, tid=8612
#
# JRE version: Java(TM) SE Runtime Environment (17.0.3+8) (build 17.0.3+8-LTS-111)
# Java VM: Java HotSpot(TM) 64-Bit Server VM (17.0.3+8-LTS-111, mixed mode, emulated-client, sharing, tiered, compressed oops, compressed class ptrs, g1 gc, windows-amd64)
# No core dump will be written. Minidumps are not enabled by default on client versions of Windows
#

---------------  S U M M A R Y ------------

Command Line: -XX:TieredStopAtLevel=1 -Dspring.output.ansi.enabled=always -Dcom.sun.management.jmxremote -Dspring.jmx.enabled=true -Dspring.liveBeansView.mbeanDomain -Dspring.application.admin.enabled=true -Dmanagement.endpoints.jmx.exposure.include=* -javaagent:C:\Users\ISAAC\AppData\Local\Programs\IntelliJ IDEA Ultimate\lib\idea_rt.jar=51842:C:\Users\ISAAC\AppData\Local\Programs\IntelliJ IDEA Ultimate\bin -Dfile.encoding=UTF-8 com.example.symu_api.SymuApiApplication

Host: Intel(R) Core(TM) i7-6500U CPU @ 2.50GHz, 4 cores, 11G,  Windows 10 , 64 bit Build 19041 (10.0.19041.5198)
Time: Sat Feb 15 15:28:21 2025 E. Africa Standard Time elapsed time: 15.842553 seconds (0d 0h 0m 15s)

---------------  T H R E A D  ---------------

Current thread (0x0000024941ad0ce0):  VMThread "VM Thread" [stack: 0x000000b817900000,0x000000b817a00000] [id=8612]

Stack: [0x000000b817900000,0x000000b817a00000]
Native frames: (J=compiled Java code, j=interpreted, Vv=VM code, C=native code)
V  [jvm.dll+0x6711ba]
V  [jvm.dll+0x7d0834]
V  [jvm.dll+0x7d1fde]
V  [jvm.dll+0x7d2643]
V  [jvm.dll+0x242c85]
V  [jvm.dll+0x66e0d9]
V  [jvm.dll+0x662a22]
V  [jvm.dll+0x300ddb]
V  [jvm.dll+0x308376]
V  [jvm.dll+0x357f7e]
V  [jvm.dll+0x3581af]
V  [jvm.dll+0x2d7ff8]
V  [jvm.dll+0x2d62c4]
V  [jvm.dll+0x2d58cc]
V  [jvm.dll+0x31933b]
V  [jvm.dll+0x7d6b1b]
V  [jvm.dll+0x7d7854]
V  [jvm.dll+0x7d7d6c]
V  [jvm.dll+0x7d8144]
V  [jvm.dll+0x7d8210]
V  [jvm.dll+0x780aca]
V  [jvm.dll+0x670045]
C  [ucrtbase.dll+0x21bb2]
C  [KERNEL32.DLL+0x17374]
C  [ntdll.dll+0x4cc91]

VM_Operation (0x000000b8195fdda0): G1CollectForAllocation, mode: safepoint, requested by thread 0x0000024947a4cbe0


---------------  P R O C E S S  ---------------

Threads class SMR info:
_java_thread_list=0x0000024947866f70, length=30, elements={
0x000002492de55e20, 0x0000024941ad57f0, 0x0000024941ad6570, 0x0000024941ae8110,
0x0000024941aeb1a0, 0x0000024941aef290, 0x0000024941aefb50, 0x0000024941af1810,
0x0000024941afc8e0, 0x0000024941ac00a0, 0x0000024941ac0980, 0x00000249425d4610,
0x0000024942981430, 0x00000249428fd6e0, 0x0000024942b2de60, 0x0000024942e336b0,
0x0000024942ef5bd0, 0x0000024942a85430, 0x000002494484c030, 0x000002494484c500,
0x000002494484c9d0, 0x0000024942d51040, 0x0000024947a4cbe0, 0x0000024947a4e3f0,
0x0000024947a4d0b0, 0x0000024947a4a560, 0x0000024947a47a10, 0x0000024947a48880,
0x0000024947a4aa30, 0x0000024947a48d50
}

Java Threads: ( => current thread )
  0x000002492de55e20 JavaThread "main" [_thread_blocked, id=17656, stack(0x000000b817300000,0x000000b817400000)]
  0x0000024941ad57f0 JavaThread "Reference Handler" daemon [_thread_blocked, id=14820, stack(0x000000b817a00000,0x000000b817b00000)]
  0x0000024941ad6570 JavaThread "Finalizer" daemon [_thread_blocked, id=8560, stack(0x000000b817b00000,0x000000b817c00000)]
  0x0000024941ae8110 JavaThread "Signal Dispatcher" daemon [_thread_blocked, id=17376, stack(0x000000b817c00000,0x000000b817d00000)]
  0x0000024941aeb1a0 JavaThread "Attach Listener" daemon [_thread_blocked, id=3100, stack(0x000000b817d00000,0x000000b817e00000)]
  0x0000024941aef290 JavaThread "Service Thread" daemon [_thread_blocked, id=13284, stack(0x000000b817e00000,0x000000b817f00000)]
  0x0000024941aefb50 JavaThread "Monitor Deflation Thread" daemon [_thread_blocked, id=13304, stack(0x000000b817f00000,0x000000b818000000)]
  0x0000024941af1810 JavaThread "C1 CompilerThread0" daemon [_thread_blocked, id=17980, stack(0x000000b818000000,0x000000b818100000)]
  0x0000024941afc8e0 JavaThread "Sweeper thread" daemon [_thread_blocked, id=3976, stack(0x000000b818100000,0x000000b818200000)]
  0x0000024941ac00a0 JavaThread "Common-Cleaner" daemon [_thread_blocked, id=21580, stack(0x000000b818200000,0x000000b818300000)]
  0x0000024941ac0980 JavaThread "C1 CompilerThread1" daemon [_thread_blocked, id=2704, stack(0x000000b818300000,0x000000b818400000)]
  0x00000249425d4610 JavaThread "C1 CompilerThread2" daemon [_thread_blocked, id=6332, stack(0x000000b818400000,0x000000b818500000)]
  0x0000024942981430 JavaThread "Monitor Ctrl-Break" daemon [_thread_in_native, id=3732, stack(0x000000b818500000,0x000000b818600000)]
  0x00000249428fd6e0 JavaThread "Notification Thread" daemon [_thread_blocked, id=15096, stack(0x000000b818600000,0x000000b818700000)]
  0x0000024942b2de60 JavaThread "RMI TCP Accept-0" daemon [_thread_in_native, id=20220, stack(0x000000b818700000,0x000000b818800000)]
  0x0000024942e336b0 JavaThread "RMI TCP Connection(1)-172.26.64.1" daemon [_thread_in_native, id=20544, stack(0x000000b818d00000,0x000000b818e00000)]
  0x0000024942ef5bd0 JavaThread "RMI Scheduler(0)" daemon [_thread_blocked, id=22712, stack(0x000000b818e00000,0x000000b818f00000)]
  0x0000024942a85430 JavaThread "Catalina-utility-1" [_thread_blocked, id=16896, stack(0x000000b818f00000,0x000000b819000000)]
  0x000002494484c030 JavaThread "Catalina-utility-2" [_thread_blocked, id=4588, stack(0x000000b819000000,0x000000b819100000)]
  0x000002494484c500 JavaThread "container-0" [_thread_blocked, id=13408, stack(0x000000b819100000,0x000000b819200000)]
  0x000002494484c9d0 JavaThread "mysql-cj-abandoned-connection-cleanup" daemon [_thread_blocked, id=5456, stack(0x000000b819200000,0x000000b819300000)]
  0x0000024942d51040 JavaThread "HikariPool-1 housekeeper" daemon [_thread_blocked, id=7876, stack(0x000000b819400000,0x000000b819500000)]
  0x0000024947a4cbe0 JavaThread "ClassGraph-worker-32" daemon [_thread_blocked, id=8860, stack(0x000000b819500000,0x000000b819600000)]
  0x0000024947a4e3f0 JavaThread "ClassGraph-worker-33" daemon [_thread_blocked, id=9300, stack(0x000000b819600000,0x000000b819700000)]
  0x0000024947a4d0b0 JavaThread "ClassGraph-worker-34" daemon [_thread_blocked, id=7356, stack(0x000000b819700000,0x000000b819800000)]
  0x0000024947a4a560 JavaThread "ClassGraph-worker-35" daemon [_thread_blocked, id=14456, stack(0x000000b819800000,0x000000b819900000)]
  0x0000024947a47a10 JavaThread "ClassGraph-worker-36" daemon [_thread_blocked, id=10708, stack(0x000000b819900000,0x000000b819a00000)]
  0x0000024947a48880 JavaThread "ClassGraph-worker-37" daemon [_thread_blocked, id=11104, stack(0x000000b819a00000,0x000000b819b00000)]
  0x0000024947a4aa30 JavaThread "ClassGraph-worker-38" daemon [_thread_blocked, id=7236, stack(0x000000b819b00000,0x000000b819c00000)]
  0x0000024947a48d50 JavaThread "ClassGraph-worker-39" daemon [_thread_blocked, id=22756, stack(0x000000b819c00000,0x000000b819d00000)]

Other Threads:
=>0x0000024941ad0ce0 VMThread "VM Thread" [stack: 0x000000b817900000,0x000000b817a00000] [id=8612]
  0x000002492de56ce0 WatcherThread [stack: 0x000000b818800000,0x000000b818900000] [id=11544]
  0x000002492dead8a0 GCTaskThread "GC Thread#0" [stack: 0x000000b817400000,0x000000b817500000] [id=21748]
  0x0000024942b39d80 GCTaskThread "GC Thread#1" [stack: 0x000000b818900000,0x000000b818a00000] [id=19996]
  0x0000024942c37420 GCTaskThread "GC Thread#2" [stack: 0x000000b818a00000,0x000000b818b00000] [id=21480]
  0x0000024942c46f10 GCTaskThread "GC Thread#3" [stack: 0x000000b818b00000,0x000000b818c00000] [id=18436]
  0x000002492debb580 ConcurrentGCThread "G1 Main Marker" [stack: 0x000000b817500000,0x000000b817600000] [id=15412]
  0x000002492debceb0 ConcurrentGCThread "G1 Conc#0" [stack: 0x000000b817600000,0x000000b817700000] [id=23416]
  0x0000024941990560 ConcurrentGCThread "G1 Refine#0" [stack: 0x000000b817700000,0x000000b817800000] [id=14832]
  0x0000024942c4bb00 ConcurrentGCThread "G1 Refine#1" [stack: 0x000000b818c00000,0x000000b818d00000] [id=22808]
  0x0000024941990c30 ConcurrentGCThread "G1 Service" [stack: 0x000000b817800000,0x000000b817900000] [id=2268]

Threads with active compile tasks:

VM state: at safepoint (normal execution)

VM Mutex/Monitor currently owned by a thread:  ([mutex/lock_event])
[0x000002492de52940] Threads_lock - owner thread: 0x0000024941ad0ce0
[0x000002492de529d0] Heap_lock - owner thread: 0x0000024947a4cbe0

Heap address: 0x0000000741800000, size: 3048 MB, Compressed Oops mode: Zero based, Oop shift amount: 3

CDS archive(s) mapped at: [0x0000000800000000-0x0000000800bc0000-0x0000000800bc0000), size 12320768, SharedBaseAddress: 0x0000000800000000, ArchiveRelocationMode: 0.
Compressed class space mapped at: 0x0000000800c00000-0x0000000840c00000, reserved size: 1073741824
Narrow klass base: 0x0000000800000000, Narrow klass shift: 0, Narrow klass range: 0x100000000

GC Precious Log:
 CPUs: 4 total, 4 available
 Memory: 12184M
 Large Page Support: Disabled
 NUMA Support: Disabled
 Compressed Oops: Enabled (Zero based)
 Heap Region Size: 2M
 Heap Min Capacity: 8M
 Heap Initial Capacity: 192M
 Heap Max Capacity: 3048M
 Pre-touch: Disabled
 Parallel Workers: 4
 Concurrent Workers: 1
 Concurrent Refinement Workers: 4
 Periodic GC: Disabled

Heap:
 garbage-first heap   total 131072K, used 71976K [0x0000000741800000, 0x0000000800000000)
  region size 2048K, 1 young (2048K), 1 survivors (2048K)
 Metaspace       used 71640K, committed 72256K, reserved 1114112K
  class space    used 10253K, committed 10560K, reserved 1048576K

Heap Regions: E=young(eden), S=young(survivor), O=old, HS=humongous(starts), HC=humongous(continues), CS=collection set, F=free, OA=open archive, CA=closed archive, TAMS=top-at-mark-start (previous, next)
|   0|0x0000000741800000, 0x0000000741a00000, 0x0000000741a00000|100%| O|  |TAMS 0x0000000741a00000, 0x0000000741a00000| Untracked 
|   1|0x0000000741a00000, 0x0000000741c00000, 0x0000000741c00000|100%| O|  |TAMS 0x0000000741c00000, 0x0000000741c00000| Untracked 
|   2|0x0000000741c00000, 0x0000000741de4400, 0x0000000741e00000| 94%| O|  |TAMS 0x0000000741de4400, 0x0000000741de4400| Untracked 
|   3|0x0000000741e00000, 0x0000000742000000, 0x0000000742000000|100%| O|  |TAMS 0x0000000742000000, 0x0000000742000000| Untracked 
|   4|0x0000000742000000, 0x0000000742200000, 0x0000000742200000|100%| O|  |TAMS 0x0000000742200000, 0x0000000742200000| Untracked 
|   5|0x0000000742200000, 0x0000000742400000, 0x0000000742400000|100%| O|  |TAMS 0x0000000742400000, 0x0000000742400000| Untracked 
|   6|0x0000000742400000, 0x0000000742600000, 0x0000000742600000|100%| O|  |TAMS 0x0000000742600000, 0x0000000742600000| Untracked 
|   7|0x0000000742600000, 0x0000000742800000, 0x0000000742800000|100%| O|  |TAMS 0x0000000742800000, 0x0000000742800000| Untracked 
|   8|0x0000000742800000, 0x0000000742a00000, 0x0000000742a00000|100%| O|  |TAMS 0x0000000742a00000, 0x0000000742a00000| Untracked 
|   9|0x0000000742a00000, 0x0000000742c00000, 0x0000000742c00000|100%| O|  |TAMS 0x0000000742c00000, 0x0000000742c00000| Untracked 
|  10|0x0000000742c00000, 0x0000000742e00000, 0x0000000742e00000|100%| O|  |TAMS 0x0000000742e00000, 0x0000000742e00000| Untracked 
|  11|0x0000000742e00000, 0x0000000743000000, 0x0000000743000000|100%| O|  |TAMS 0x0000000743000000, 0x0000000743000000| Untracked 
|  12|0x0000000743000000, 0x0000000743200000, 0x0000000743200000|100%| O|  |TAMS 0x0000000743200000, 0x0000000743200000| Untracked 
|  13|0x0000000743200000, 0x0000000743400000, 0x0000000743400000|100%| O|  |TAMS 0x0000000743400000, 0x0000000743400000| Untracked 
|  14|0x0000000743400000, 0x0000000743600000, 0x0000000743600000|100%| O|  |TAMS 0x0000000743600000, 0x0000000743600000| Untracked 
|  15|0x0000000743600000, 0x0000000743800000, 0x0000000743800000|100%| O|  |TAMS 0x0000000743800000, 0x0000000743800000| Untracked 
|  16|0x0000000743800000, 0x0000000743a00000, 0x0000000743a00000|100%| O|  |TAMS 0x0000000743a00000, 0x0000000743a00000| Untracked 
|  17|0x0000000743a00000, 0x0000000743c00000, 0x0000000743c00000|100%| O|  |TAMS 0x0000000743c00000, 0x0000000743c00000| Untracked 
|  18|0x0000000743c00000, 0x0000000743e00000, 0x0000000743e00000|100%| O|  |TAMS 0x0000000743d80a00, 0x0000000743e00000| Untracked 
|  19|0x0000000743e00000, 0x0000000744000000, 0x0000000744000000|100%| O|  |TAMS 0x0000000743e00000, 0x0000000744000000| Untracked 
|  20|0x0000000744000000, 0x0000000744200000, 0x0000000744200000|100%| O|  |TAMS 0x0000000744000000, 0x0000000744200000| Untracked 
|  21|0x0000000744200000, 0x0000000744400000, 0x0000000744400000|100%| O|  |TAMS 0x0000000744200000, 0x0000000744400000| Untracked 
|  22|0x0000000744400000, 0x0000000744600000, 0x0000000744600000|100%| O|  |TAMS 0x0000000744400000, 0x0000000744600000| Untracked 
|  23|0x0000000744600000, 0x0000000744800000, 0x0000000744800000|100%| O|  |TAMS 0x0000000744600000, 0x0000000744800000| Untracked 
|  24|0x0000000744800000, 0x0000000744a00000, 0x0000000744a00000|100%| O|  |TAMS 0x0000000744800000, 0x0000000744a00000| Untracked 
|  25|0x0000000744a00000, 0x0000000744c00000, 0x0000000744c00000|100%| O|  |TAMS 0x0000000744a00000, 0x0000000744a8e600| Untracked 
|  26|0x0000000744c00000, 0x0000000744e00000, 0x0000000744e00000|100%| O|  |TAMS 0x0000000744c00000, 0x0000000744c00000| Untracked 
|  27|0x0000000744e00000, 0x0000000745000000, 0x0000000745000000|100%| O|  |TAMS 0x0000000744e00000, 0x0000000744e00000| Untracked 
|  28|0x0000000745000000, 0x0000000745200000, 0x0000000745200000|100%| O|  |TAMS 0x0000000745000000, 0x0000000745000000| Untracked 
|  29|0x0000000745200000, 0x0000000745400000, 0x0000000745400000|100%| O|  |TAMS 0x0000000745200000, 0x0000000745200000| Untracked 
|  30|0x0000000745400000, 0x0000000745600000, 0x0000000745600000|100%| O|  |TAMS 0x0000000745400000, 0x0000000745400000| Untracked 
|  31|0x0000000745600000, 0x0000000745800000, 0x0000000745800000|100%| O|  |TAMS 0x0000000745600000, 0x0000000745600000| Untracked 
|  32|0x0000000745800000, 0x0000000745a00000, 0x0000000745a00000|100%| O|  |TAMS 0x0000000745800000, 0x0000000745800000| Untracked 
|  33|0x0000000745a00000, 0x0000000745c00000, 0x0000000745c00000|100%| O|  |TAMS 0x0000000745a00000, 0x0000000745a00000| Untracked 
|  34|0x0000000745c00000, 0x0000000745c65e00, 0x0000000745e00000| 19%| O|  |TAMS 0x0000000745c00000, 0x0000000745c00000| Untracked 
|  35|0x0000000745e00000, 0x0000000745e00000, 0x0000000746000000|  0%| F|  |TAMS 0x0000000745e00000, 0x0000000745e00000| Untracked 
|  36|0x0000000746000000, 0x0000000746000000, 0x0000000746200000|  0%| F|  |TAMS 0x0000000746000000, 0x0000000746000000| Untracked 
|  37|0x0000000746200000, 0x0000000746200000, 0x0000000746400000|  0%| F|  |TAMS 0x0000000746200000, 0x0000000746200000| Untracked 
|  38|0x0000000746400000, 0x0000000746400000, 0x0000000746600000|  0%| F|  |TAMS 0x0000000746400000, 0x0000000746400000| Untracked 
|  39|0x0000000746600000, 0x0000000746600000, 0x0000000746800000|  0%| F|  |TAMS 0x0000000746600000, 0x0000000746600000| Untracked 
|  40|0x0000000746800000, 0x0000000746800000, 0x0000000746a00000|  0%| F|  |TAMS 0x0000000746800000, 0x0000000746800000| Untracked 
|  41|0x0000000746a00000, 0x0000000746a00000, 0x0000000746c00000|  0%| F|  |TAMS 0x0000000746a00000, 0x0000000746a00000| Untracked 
|  42|0x0000000746c00000, 0x0000000746c00000, 0x0000000746e00000|  0%| F|  |TAMS 0x0000000746c00000, 0x0000000746c00000| Untracked 
|  43|0x0000000746e00000, 0x0000000746e00000, 0x0000000747000000|  0%| F|  |TAMS 0x0000000746e00000, 0x0000000746e00000| Untracked 
|  44|0x0000000747000000, 0x0000000747000000, 0x0000000747200000|  0%| F|  |TAMS 0x0000000747000000, 0x0000000747000000| Untracked 
|  45|0x0000000747200000, 0x0000000747200000, 0x0000000747400000|  0%| F|  |TAMS 0x0000000747200000, 0x0000000747200000| Untracked 
|  46|0x0000000747400000, 0x0000000747400000, 0x0000000747600000|  0%| F|  |TAMS 0x0000000747400000, 0x0000000747400000| Untracked 
|  47|0x0000000747600000, 0x0000000747600000, 0x0000000747800000|  0%| F|  |TAMS 0x0000000747600000, 0x0000000747600000| Untracked 
|  48|0x0000000747800000, 0x0000000747800000, 0x0000000747a00000|  0%| F|  |TAMS 0x0000000747800000, 0x0000000747800000| Untracked 
|  49|0x0000000747a00000, 0x0000000747a00000, 0x0000000747c00000|  0%| F|  |TAMS 0x0000000747a00000, 0x0000000747a00000| Untracked 
|  50|0x0000000747c00000, 0x0000000747c00000, 0x0000000747e00000|  0%| F|  |TAMS 0x0000000747c00000, 0x0000000747c00000| Untracked 
|  51|0x0000000747e00000, 0x0000000747e00000, 0x0000000748000000|  0%| F|  |TAMS 0x0000000747e00000, 0x0000000747e00000| Untracked 
|  52|0x0000000748000000, 0x0000000748000000, 0x0000000748200000|  0%| F|  |TAMS 0x0000000748000000, 0x0000000748000000| Untracked 
|  53|0x0000000748200000, 0x0000000748200000, 0x0000000748400000|  0%| F|  |TAMS 0x0000000748200000, 0x0000000748200000| Untracked 
|  54|0x0000000748400000, 0x0000000748400000, 0x0000000748600000|  0%| F|  |TAMS 0x0000000748400000, 0x0000000748400000| Untracked 
|  55|0x0000000748600000, 0x0000000748600000, 0x0000000748800000|  0%| F|  |TAMS 0x0000000748600000, 0x0000000748600000| Untracked 
|  56|0x0000000748800000, 0x0000000748800000, 0x0000000748a00000|  0%| F|  |TAMS 0x0000000748800000, 0x0000000748800000| Untracked 
|  57|0x0000000748a00000, 0x0000000748a00000, 0x0000000748c00000|  0%| F|  |TAMS 0x0000000748a00000, 0x0000000748a00000| Untracked 
|  58|0x0000000748c00000, 0x0000000748c00000, 0x0000000748e00000|  0%| F|  |TAMS 0x0000000748c00000, 0x0000000748c00000| Untracked 
|  59|0x0000000748e00000, 0x0000000749000000, 0x0000000749000000|100%| S|CS|TAMS 0x0000000748e00000, 0x0000000748e00000| Complete 
|  60|0x0000000749000000, 0x0000000749000000, 0x0000000749200000|  0%| F|  |TAMS 0x0000000749000000, 0x0000000749000000| Untracked 
|  61|0x0000000749200000, 0x0000000749200000, 0x0000000749400000|  0%| F|  |TAMS 0x0000000749200000, 0x0000000749200000| Untracked 
|  62|0x0000000749400000, 0x0000000749400000, 0x0000000749600000|  0%| F|  |TAMS 0x0000000749400000, 0x0000000749400000| Untracked 
|  95|0x000000074d600000, 0x000000074d600000, 0x000000074d800000|  0%| F|  |TAMS 0x000000074d600000, 0x000000074d600000| Untracked 

Card table byte_map: [0x0000024938cc0000,0x00000249392c0000] _byte_map_base: 0x00000249352b4000

Marking Bits (Prev, Next): (CMBitMap*) 0x000002492deaedd0, (CMBitMap*) 0x000002492deaee10
 Prev Bits: [0x00000249398c0000, 0x000002493c860000)
 Next Bits: [0x000002493c860000, 0x000002493f800000)

Polling page: 0x000002492bd90000

Metaspace:

Usage:
  Non-class:     59.95 MB used.
      Class:     10.01 MB used.
       Both:     69.96 MB used.

Virtual space:
  Non-class space:       64.00 MB reserved,      60.25 MB ( 94%) committed,  8 nodes.
      Class space:        1.00 GB reserved,      10.31 MB (  1%) committed,  1 nodes.
             Both:        1.06 GB reserved,      70.56 MB (  6%) committed. 

Chunk freelists:
   Non-Class:  3.69 MB
       Class:  1.58 MB
        Both:  5.27 MB

MaxMetaspaceSize: unlimited
CompressedClassSpaceSize: 1.00 GB
Initial GC threshold: 21.00 MB
Current GC threshold: 117.62 MB
CDS: on
MetaspaceReclaimPolicy: balanced
 - commit_granule_bytes: 65536.
 - commit_granule_words: 8192.
 - virtual_space_node_default_size: 1048576.
 - enlarge_chunks_in_place: 1.
 - new_chunks_are_fully_committed: 0.
 - uncommit_free_chunks: 1.
 - use_allocation_guard: 0.
 - handle_deallocations: 1.


Internal statistics:

num_allocs_failed_limit: 9.
num_arena_births: 942.
num_arena_deaths: 0.
num_vsnodes_births: 9.
num_vsnodes_deaths: 0.
num_space_committed: 1129.
num_space_uncommitted: 0.
num_chunks_returned_to_freelist: 9.
num_chunks_taken_from_freelist: 3548.
num_chunk_merges: 9.
num_chunk_splits: 2552.
num_chunks_enlarged: 1916.
num_purges: 0.
num_inconsistent_stats: 0.

CodeCache: size=49152Kb used=16576Kb max_used=16576Kb free=32575Kb
 bounds [0x00000249356c0000, 0x0000024936700000, 0x00000249386c0000]
 total_blobs=9479 nmethods=8782 adapters=621
 compilation: enabled
              stopped_count=0, restarted_count=0
 full_count=0

Compilation events (20 events):
Event: 15.438 Thread 0x00000249425d4610 8775       1       jdk.internal.loader.NativeLibraries::<init> (53 bytes)
Event: 15.438 Thread 0x0000024941af1810 nmethod 8773 0x00000249366ebc90 code [0x00000249366ebe20, 0x00000249366ebfd8]
Event: 15.438 Thread 0x0000024941ac0980 nmethod 8774 0x00000249366ec090 code [0x00000249366ec220, 0x00000249366ec348]
Event: 15.438 Thread 0x0000024941af1810 8776       1       java.lang.Thread::checkAccess (14 bytes)
Event: 15.438 Thread 0x00000249425d4610 nmethod 8775 0x00000249366ec410 code [0x00000249366ec5a0, 0x00000249366ec838]
Event: 15.439 Thread 0x0000024941af1810 nmethod 8776 0x00000249366ec910 code [0x00000249366ecaa0, 0x00000249366ecbc8]
Event: 15.440 Thread 0x0000024941af1810 8777       1       java.lang.String::regionMatches (189 bytes)
Event: 15.441 Thread 0x0000024941af1810 nmethod 8777 0x00000249366ecc90 code [0x00000249366ece40, 0x00000249366ed238]
Event: 15.476 Thread 0x00000249425d4610 8778       1       java.util.concurrent.locks.AbstractQueuedSynchronizer$ConditionObject::canReacquire (28 bytes)
Event: 15.477 Thread 0x00000249425d4610 nmethod 8778 0x00000249366ed410 code [0x00000249366ed5a0, 0x00000249366ed6f8]
Event: 15.483 Thread 0x0000024941ac0980 8779       1       java.util.concurrent.locks.LockSupport::setCurrentBlocker (14 bytes)
Event: 15.484 Thread 0x0000024941ac0980 nmethod 8779 0x00000249366ed810 code [0x00000249366ed9a0, 0x00000249366edab8]
Event: 15.484 Thread 0x00000249425d4610 8780       1       java.lang.ClassLoader::checkCreateClassLoader (35 bytes)
Event: 15.484 Thread 0x0000024941ac0980 8781       1       java.lang.ClassLoader::<init> (162 bytes)
Event: 15.484 Thread 0x00000249425d4610 nmethod 8780 0x00000249366edb10 code [0x00000249366edcc0, 0x00000249366ede78]
Event: 15.484 Thread 0x00000249425d4610 8782   !   1       java.lang.ClassLoader$ParallelLoaders::isRegistered (23 bytes)
Event: 15.484 Thread 0x00000249425d4610 nmethod 8782 0x00000249366ee010 code [0x00000249366ee1c0, 0x00000249366ee388]
Event: 15.484 Thread 0x0000024941af1810 8783       1       java.lang.ClassLoader::nameAndId (86 bytes)
Event: 15.485 Thread 0x0000024941ac0980 nmethod 8781 0x00000249366ee490 code [0x00000249366ee6e0, 0x00000249366ef3e8]
Event: 15.486 Thread 0x0000024941af1810 nmethod 8783 0x00000249366ef690 code [0x00000249366ef900, 0x00000249366effc8]

GC Heap History (20 events):
Event: 12.439 GC heap after
{Heap after GC invocations=19 (full 0):
 garbage-first heap   total 67584K, used 31429K [0x0000000741800000, 0x0000000800000000)
  region size 2048K, 2 young (4096K), 2 survivors (4096K)
 Metaspace       used 64218K, committed 64768K, reserved 1105920K
  class space    used 9191K, committed 9408K, reserved 1048576K
}
Event: 12.749 GC heap before
{Heap before GC invocations=19 (full 0):
 garbage-first heap   total 67584K, used 51909K [0x0000000741800000, 0x0000000800000000)
  region size 2048K, 12 young (24576K), 2 survivors (4096K)
 Metaspace       used 65964K, committed 66560K, reserved 1105920K
  class space    used 9562K, committed 9792K, reserved 1048576K
}
Event: 12.757 GC heap after
{Heap after GC invocations=20 (full 0):
 garbage-first heap   total 81920K, used 32755K [0x0000000741800000, 0x0000000800000000)
  region size 2048K, 2 young (4096K), 2 survivors (4096K)
 Metaspace       used 65964K, committed 66560K, reserved 1105920K
  class space    used 9562K, committed 9792K, reserved 1048576K
}
Event: 13.433 GC heap before
{Heap before GC invocations=20 (full 0):
 garbage-first heap   total 81920K, used 65523K [0x0000000741800000, 0x0000000800000000)
  region size 2048K, 18 young (36864K), 2 survivors (4096K)
 Metaspace       used 67979K, committed 68544K, reserved 1114112K
  class space    used 9799K, committed 10048K, reserved 1048576K
}
Event: 13.443 GC heap after
{Heap after GC invocations=21 (full 0):
 garbage-first heap   total 81920K, used 35682K [0x0000000741800000, 0x0000000800000000)
  region size 2048K, 3 young (6144K), 3 survivors (6144K)
 Metaspace       used 67979K, committed 68544K, reserved 1114112K
  class space    used 9799K, committed 10048K, reserved 1048576K
}
Event: 14.080 GC heap before
{Heap before GC invocations=21 (full 0):
 garbage-first heap   total 81920K, used 64354K [0x0000000741800000, 0x0000000800000000)
  region size 2048K, 17 young (34816K), 3 survivors (6144K)
 Metaspace       used 70121K, committed 70784K, reserved 1114112K
  class space    used 10066K, committed 10368K, reserved 1048576K
}
Event: 14.092 GC heap after
{Heap after GC invocations=22 (full 0):
 garbage-first heap   total 81920K, used 38512K [0x0000000741800000, 0x0000000800000000)
  region size 2048K, 3 young (6144K), 3 survivors (6144K)
 Metaspace       used 70121K, committed 70784K, reserved 1114112K
  class space    used 10066K, committed 10368K, reserved 1048576K
}
Event: 14.655 GC heap before
{Heap before GC invocations=22 (full 0):
 garbage-first heap   total 81920K, used 65136K [0x0000000741800000, 0x0000000800000000)
  region size 2048K, 16 young (32768K), 3 survivors (6144K)
 Metaspace       used 71546K, committed 72192K, reserved 1114112K
  class space    used 10240K, committed 10560K, reserved 1048576K
}
Event: 14.669 GC heap after
{Heap after GC invocations=23 (full 0):
 garbage-first heap   total 81920K, used 42387K [0x0000000741800000, 0x0000000800000000)
  region size 2048K, 2 young (4096K), 2 survivors (4096K)
 Metaspace       used 71546K, committed 72192K, reserved 1114112K
  class space    used 10240K, committed 10560K, reserved 1048576K
}
Event: 14.785 GC heap before
{Heap before GC invocations=23 (full 0):
 garbage-first heap   total 81920K, used 62867K [0x0000000741800000, 0x0000000800000000)
  region size 2048K, 13 young (26624K), 2 survivors (4096K)
 Metaspace       used 71559K, committed 72192K, reserved 1114112K
  class space    used 10242K, committed 10560K, reserved 1048576K
}
Event: 14.796 GC heap after
{Heap after GC invocations=24 (full 0):
 garbage-first heap   total 98304K, used 49041K [0x0000000741800000, 0x0000000800000000)
  region size 2048K, 2 young (4096K), 2 survivors (4096K)
 Metaspace       used 71559K, committed 72192K, reserved 1114112K
  class space    used 10242K, committed 10560K, reserved 1048576K
}
Event: 15.076 GC heap before
{Heap before GC invocations=25 (full 0):
 garbage-first heap   total 98304K, used 73617K [0x0000000741800000, 0x0000000800000000)
  region size 2048K, 15 young (30720K), 2 survivors (4096K)
 Metaspace       used 71640K, committed 72256K, reserved 1114112K
  class space    used 10253K, committed 10560K, reserved 1048576K
}
Event: 15.086 GC heap after
{Heap after GC invocations=26 (full 0):
 garbage-first heap   total 98304K, used 55754K [0x0000000741800000, 0x0000000800000000)
  region size 2048K, 2 young (4096K), 2 survivors (4096K)
 Metaspace       used 71640K, committed 72256K, reserved 1114112K
  class space    used 10253K, committed 10560K, reserved 1048576K
}
Event: 15.295 GC heap before
{Heap before GC invocations=26 (full 0):
 garbage-first heap   total 98304K, used 74186K [0x0000000741800000, 0x0000000800000000)
  region size 2048K, 11 young (22528K), 2 survivors (4096K)
 Metaspace       used 71640K, committed 72256K, reserved 1114112K
  class space    used 10253K, committed 10560K, reserved 1048576K
}
Event: 15.306 GC heap after
{Heap after GC invocations=27 (full 0):
 garbage-first heap   total 98304K, used 61600K [0x0000000741800000, 0x0000000800000000)
  region size 2048K, 2 young (4096K), 2 survivors (4096K)
 Metaspace       used 71640K, committed 72256K, reserved 1114112K
  class space    used 10253K, committed 10560K, reserved 1048576K
}
Event: 15.372 GC heap before
{Heap before GC invocations=27 (full 0):
 garbage-first heap   total 98304K, used 73888K [0x0000000741800000, 0x0000000800000000)
  region size 2048K, 8 young (16384K), 2 survivors (4096K)
 Metaspace       used 71640K, committed 72256K, reserved 1114112K
  class space    used 10253K, committed 10560K, reserved 1048576K
}
Event: 15.378 GC heap after
{Heap after GC invocations=28 (full 0):
 garbage-first heap   total 98304K, used 65694K [0x0000000741800000, 0x0000000800000000)
  region size 2048K, 1 young (2048K), 1 survivors (2048K)
 Metaspace       used 71640K, committed 72256K, reserved 1114112K
  class space    used 10253K, committed 10560K, reserved 1048576K
}
Event: 15.426 GC heap before
{Heap before GC invocations=28 (full 0):
 garbage-first heap   total 98304K, used 73886K [0x0000000741800000, 0x0000000800000000)
  region size 2048K, 6 young (12288K), 1 survivors (2048K)
 Metaspace       used 71640K, committed 72256K, reserved 1114112K
  class space    used 10253K, committed 10560K, reserved 1048576K
}
Event: 15.429 GC heap after
{Heap after GC invocations=29 (full 0):
 garbage-first heap   total 98304K, used 67925K [0x0000000741800000, 0x0000000800000000)
  region size 2048K, 1 young (2048K), 1 survivors (2048K)
 Metaspace       used 71640K, committed 72256K, reserved 1114112K
  class space    used 10253K, committed 10560K, reserved 1048576K
}
Event: 15.486 GC heap before
{Heap before GC invocations=29 (full 0):
 garbage-first heap   total 98304K, used 76117K [0x0000000741800000, 0x0000000800000000)
  region size 2048K, 5 young (10240K), 1 survivors (2048K)
 Metaspace       used 71640K, committed 72256K, reserved 1114112K
  class space    used 10253K, committed 10560K, reserved 1048576K
}

Deoptimization events (20 events):
Event: 1.157 Thread 0x000002492de55e20 DEOPT PACKING pc=0x000002493599fa01 sp=0x000000b8173fd700
Event: 1.157 Thread 0x000002492de55e20 DEOPT UNPACKING pc=0x0000024935712b43 sp=0x000000b8173fcb58 mode 3
Event: 2.271 Thread 0x000002492de55e20 DEOPT PACKING pc=0x0000024935c18d79 sp=0x000000b8173fd280
Event: 2.271 Thread 0x000002492de55e20 DEOPT UNPACKING pc=0x0000024935712b43 sp=0x000000b8173fc760 mode 3
Event: 2.570 Thread 0x000002492de55e20 DEOPT PACKING pc=0x0000024935c66255 sp=0x000000b8173fd8a0
Event: 2.570 Thread 0x000002492de55e20 DEOPT UNPACKING pc=0x0000024935712b43 sp=0x000000b8173fcd48 mode 3
Event: 5.316 Thread 0x000002492de55e20 DEOPT PACKING pc=0x0000024935dd17ec sp=0x000000b8173fd080
Event: 5.316 Thread 0x000002492de55e20 DEOPT UNPACKING pc=0x0000024935712b43 sp=0x000000b8173fc538 mode 0
Event: 6.346 Thread 0x000002492de55e20 DEOPT PACKING pc=0x0000024935f1ffa5 sp=0x000000b8173fc710
Event: 6.346 Thread 0x000002492de55e20 DEOPT UNPACKING pc=0x0000024935712b43 sp=0x000000b8173fbc78 mode 3
Event: 10.190 Thread 0x000002492de55e20 DEOPT PACKING pc=0x00000249361cd174 sp=0x000000b8173fc720
Event: 10.190 Thread 0x000002492de55e20 DEOPT UNPACKING pc=0x0000024935712b43 sp=0x000000b8173fbba8 mode 0
Event: 11.117 Thread 0x000002492de55e20 DEOPT PACKING pc=0x0000024936335457 sp=0x000000b8173fdea0
Event: 11.117 Thread 0x000002492de55e20 DEOPT UNPACKING pc=0x0000024935712b43 sp=0x000000b8173fd380 mode 3
Event: 12.020 Thread 0x000002492de55e20 DEOPT PACKING pc=0x0000024935c24c54 sp=0x000000b8173fc4b0
Event: 12.020 Thread 0x000002492de55e20 DEOPT UNPACKING pc=0x0000024935712b43 sp=0x000000b8173fba08 mode 0
Event: 13.063 Thread 0x000002492de55e20 DEOPT PACKING pc=0x0000024935c1e062 sp=0x000000b8173fd260
Event: 13.063 Thread 0x000002492de55e20 DEOPT UNPACKING pc=0x0000024935712b43 sp=0x000000b8173fc768 mode 3
Event: 14.499 Thread 0x000002492de55e20 DEOPT PACKING pc=0x0000024936634313 sp=0x000000b8173fcd40
Event: 14.499 Thread 0x000002492de55e20 DEOPT UNPACKING pc=0x0000024935712b43 sp=0x000000b8173fc288 mode 3

Classes unloaded (0 events):
No events

Classes redefined (0 events):
No events

Internal exceptions (20 events):
Event: 15.272 Thread 0x0000024947a4cbe0 Exception <a 'sun/nio/fs/WindowsException'{0x0000000746b537e8}> (0x0000000746b537e8) 
thrown [t:\workspace\open\src\hotspot\share\prims\jni.cpp, line 516]
Event: 15.272 Thread 0x0000024947a4cbe0 Exception <a 'sun/nio/fs/WindowsException'{0x0000000746b53a20}> (0x0000000746b53a20) 
thrown [t:\workspace\open\src\hotspot\share\prims\jni.cpp, line 516]
Event: 15.272 Thread 0x0000024947a4cbe0 Exception <a 'sun/nio/fs/WindowsException'{0x0000000746b542d0}> (0x0000000746b542d0) 
thrown [t:\workspace\open\src\hotspot\share\prims\jni.cpp, line 516]
Event: 15.272 Thread 0x0000024947a4cbe0 Exception <a 'sun/nio/fs/WindowsException'{0x0000000746b54540}> (0x0000000746b54540) 
thrown [t:\workspace\open\src\hotspot\share\prims\jni.cpp, line 516]
Event: 15.272 Thread 0x0000024947a4cbe0 Exception <a 'sun/nio/fs/WindowsException'{0x0000000746b54dc8}> (0x0000000746b54dc8) 
thrown [t:\workspace\open\src\hotspot\share\prims\jni.cpp, line 516]
Event: 15.272 Thread 0x0000024947a4cbe0 Exception <a 'sun/nio/fs/WindowsException'{0x0000000746b55008}> (0x0000000746b55008) 
thrown [t:\workspace\open\src\hotspot\share\prims\jni.cpp, line 516]
Event: 15.273 Thread 0x0000024947a4cbe0 Exception <a 'sun/nio/fs/WindowsException'{0x0000000746b55868}> (0x0000000746b55868) 
thrown [t:\workspace\open\src\hotspot\share\prims\jni.cpp, line 516]
Event: 15.273 Thread 0x0000024947a4cbe0 Exception <a 'sun/nio/fs/WindowsException'{0x0000000746b55a70}> (0x0000000746b55a70) 
thrown [t:\workspace\open\src\hotspot\share\prims\jni.cpp, line 516]
Event: 15.273 Thread 0x0000024947a4cbe0 Exception <a 'sun/nio/fs/WindowsException'{0x0000000746b562d8}> (0x0000000746b562d8) 
thrown [t:\workspace\open\src\hotspot\share\prims\jni.cpp, line 516]
Event: 15.273 Thread 0x0000024947a4cbe0 Exception <a 'sun/nio/fs/WindowsException'{0x0000000746b564f8}> (0x0000000746b564f8) 
thrown [t:\workspace\open\src\hotspot\share\prims\jni.cpp, line 516]
Event: 15.273 Thread 0x0000024947a4cbe0 Exception <a 'sun/nio/fs/WindowsException'{0x0000000746b977b8}> (0x0000000746b977b8) 
thrown [t:\workspace\open\src\hotspot\share\prims\jni.cpp, line 516]
Event: 15.273 Thread 0x0000024947a4cbe0 Exception <a 'sun/nio/fs/WindowsException'{0x0000000746b979c8}> (0x0000000746b979c8) 
thrown [t:\workspace\open\src\hotspot\share\prims\jni.cpp, line 516]
Event: 15.274 Thread 0x0000024947a4cbe0 Exception <a 'sun/nio/fs/WindowsException'{0x0000000746b98230}> (0x0000000746b98230) 
thrown [t:\workspace\open\src\hotspot\share\prims\jni.cpp, line 516]
Event: 15.274 Thread 0x0000024947a4cbe0 Exception <a 'sun/nio/fs/WindowsException'{0x0000000746b98450}> (0x0000000746b98450) 
thrown [t:\workspace\open\src\hotspot\share\prims\jni.cpp, line 516]
Event: 15.274 Thread 0x0000024947a4cbe0 Exception <a 'sun/nio/fs/WindowsException'{0x0000000746b98cd8}> (0x0000000746b98cd8) 
thrown [t:\workspace\open\src\hotspot\share\prims\jni.cpp, line 516]
Event: 15.274 Thread 0x0000024947a4cbe0 Exception <a 'sun/nio/fs/WindowsException'{0x0000000746b98f18}> (0x0000000746b98f18) 
thrown [t:\workspace\open\src\hotspot\share\prims\jni.cpp, line 516]
Event: 15.274 Thread 0x0000024947a4cbe0 Exception <a 'sun/nio/fs/WindowsException'{0x0000000746b997b0}> (0x0000000746b997b0) 
thrown [t:\workspace\open\src\hotspot\share\prims\jni.cpp, line 516]
Event: 15.275 Thread 0x0000024947a4cbe0 Exception <a 'sun/nio/fs/WindowsException'{0x0000000746b99a08}> (0x0000000746b99a08) 
thrown [t:\workspace\open\src\hotspot\share\prims\jni.cpp, line 516]
Event: 15.275 Thread 0x0000024947a4cbe0 Exception <a 'sun/nio/fs/WindowsException'{0x0000000746b9a298}> (0x0000000746b9a298) 
thrown [t:\workspace\open\src\hotspot\share\prims\jni.cpp, line 516]
Event: 15.275 Thread 0x0000024947a4cbe0 Exception <a 'sun/nio/fs/WindowsException'{0x0000000746b9a4e8}> (0x0000000746b9a4e8) 
thrown [t:\workspace\open\src\hotspot\share\prims\jni.cpp, line 516]

VM Operations (20 events):
Event: 15.425 Executing VM operation: ICBufferFull done
Event: 15.426 Executing VM operation: G1CollectForAllocation
Event: 15.430 Executing VM operation: G1CollectForAllocation done
Event: 15.434 Executing VM operation: ICBufferFull
Event: 15.434 Executing VM operation: ICBufferFull done
Event: 15.439 Executing VM operation: ICBufferFull
Event: 15.443 Executing VM operation: ICBufferFull done
Event: 15.444 Executing VM operation: ICBufferFull
Event: 15.444 Executing VM operation: ICBufferFull done
Event: 15.444 Executing VM operation: ICBufferFull
Event: 15.444 Executing VM operation: ICBufferFull done
Event: 15.446 Executing VM operation: ICBufferFull
Event: 15.446 Executing VM operation: ICBufferFull done
Event: 15.446 Executing VM operation: ICBufferFull
Event: 15.447 Executing VM operation: ICBufferFull done
Event: 15.447 Executing VM operation: ICBufferFull
Event: 15.447 Executing VM operation: ICBufferFull done
Event: 15.456 Executing VM operation: ICBufferFull
Event: 15.456 Executing VM operation: ICBufferFull done
Event: 15.486 Executing VM operation: G1CollectForAllocation

Events (20 events):
Event: 15.163 Thread 0x0000024947a4af00 Thread added: 0x0000024947a4af00
Event: 15.163 Thread 0x0000024947a4b3d0 Thread added: 0x0000024947a4b3d0
Event: 15.169 Thread 0x0000024947a47a10 Thread exited: 0x0000024947a47a10
Event: 15.169 Thread 0x0000024947a4e8c0 Thread exited: 0x0000024947a4e8c0
Event: 15.169 Thread 0x0000024947a4b3d0 Thread exited: 0x0000024947a4b3d0
Event: 15.169 Thread 0x0000024947a4b8a0 Thread exited: 0x0000024947a4b8a0
Event: 15.169 Thread 0x0000024947a47ee0 Thread exited: 0x0000024947a47ee0
Event: 15.169 Thread 0x0000024947a4af00 Thread exited: 0x0000024947a4af00
Event: 15.169 Thread 0x0000024947a49220 Thread exited: 0x0000024947a49220
Event: 15.169 Thread 0x0000024947a4bd70 Thread exited: 0x0000024947a4bd70
Event: 15.267 Thread 0x0000024947a4cbe0 Thread added: 0x0000024947a4cbe0
Event: 15.267 Thread 0x0000024947a4e3f0 Thread added: 0x0000024947a4e3f0
Event: 15.268 Thread 0x0000024947a4d0b0 Thread added: 0x0000024947a4d0b0
Event: 15.268 Thread 0x0000024947a4a560 Thread added: 0x0000024947a4a560
Event: 15.268 Thread 0x0000024947a47a10 Thread added: 0x0000024947a47a10
Event: 15.268 Thread 0x0000024947a48880 Thread added: 0x0000024947a48880
Event: 15.268 Thread 0x0000024947a4aa30 Thread added: 0x0000024947a4aa30
Event: 15.268 Thread 0x0000024947a48d50 Thread added: 0x0000024947a48d50
Event: 15.438 Thread 0x0000024947a4d580 Thread added: 0x0000024947a4d580
Event: 15.443 Thread 0x0000024947a4d580 Thread exited: 0x0000024947a4d580


Dynamic libraries:
0x00007ff7cbf20000 - 0x00007ff7cbf30000 	C:\Program Files\Java\jdk-17.0.3\bin\java.exe
0x00007ffe01c70000 - 0x00007ffe01e68000 	C:\WINDOWS\SYSTEM32\ntdll.dll
0x00007ffe00c10000 - 0x00007ffe00cd2000 	C:\WINDOWS\System32\KERNEL32.DLL
0x00007ffdff700000 - 0x00007ffdff9ff000 	C:\WINDOWS\System32\KERNELBASE.dll
0x00007ffdff300000 - 0x00007ffdff400000 	C:\WINDOWS\System32\ucrtbase.dll
0x00007ffdf8d30000 - 0x00007ffdf8d4a000 	C:\Program Files\Java\jdk-17.0.3\bin\VCRUNTIME140.dll
0x00007ffdf88c0000 - 0x00007ffdf88d8000 	C:\Program Files\Java\jdk-17.0.3\bin\jli.dll
0x00007ffe006a0000 - 0x00007ffe00751000 	C:\WINDOWS\System32\ADVAPI32.dll
0x00007ffe00480000 - 0x00007ffe0051e000 	C:\WINDOWS\System32\msvcrt.dll
0x00007ffe00ce0000 - 0x00007ffe00d7f000 	C:\WINDOWS\System32\sechost.dll
0x00007ffe016f0000 - 0x00007ffe01813000 	C:\WINDOWS\System32\RPCRT4.dll
0x00007ffdff4e0000 - 0x00007ffdff507000 	C:\WINDOWS\System32\bcrypt.dll
0x00007ffe01a90000 - 0x00007ffe01c2d000 	C:\WINDOWS\System32\USER32.dll
0x00007ffdff4b0000 - 0x00007ffdff4d2000 	C:\WINDOWS\System32\win32u.dll
0x00007ffe00820000 - 0x00007ffe0084b000 	C:\WINDOWS\System32\GDI32.dll
0x00007ffdffa00000 - 0x00007ffdffb17000 	C:\WINDOWS\System32\gdi32full.dll
0x00007ffdff510000 - 0x00007ffdff5ad000 	C:\WINDOWS\System32\msvcp_win.dll
0x00007ffddfbe0000 - 0x00007ffddfe7a000 	C:\WINDOWS\WinSxS\amd64_microsoft.windows.common-controls_6595b64144ccf1df_6.0.19041.4355_none_60b8b9eb71f62e16\COMCTL32.dll
0x00007ffdf59c0000 - 0x00007ffdf59ca000 	C:\WINDOWS\SYSTEM32\VERSION.dll
0x00007ffe01980000 - 0x00007ffe019af000 	C:\WINDOWS\System32\IMM32.DLL
0x00007ffdf9360000 - 0x00007ffdf936c000 	C:\Program Files\Java\jdk-17.0.3\bin\vcruntime140_1.dll
0x00007ffdc15e0000 - 0x00007ffdc166d000 	C:\Program Files\Java\jdk-17.0.3\bin\msvcp140.dll
0x00007ffdaed10000 - 0x00007ffdaf8d1000 	C:\Program Files\Java\jdk-17.0.3\bin\server\jvm.dll
0x00007ffe00680000 - 0x00007ffe00688000 	C:\WINDOWS\System32\PSAPI.DLL
0x00007ffdf3e30000 - 0x00007ffdf3e39000 	C:\WINDOWS\SYSTEM32\WSOCK32.dll
0x00007ffe00520000 - 0x00007ffe0058b000 	C:\WINDOWS\System32\WS2_32.dll
0x00007ffddd0c0000 - 0x00007ffddd0e7000 	C:\WINDOWS\SYSTEM32\WINMM.dll
0x00007ffdfdae0000 - 0x00007ffdfdaf2000 	C:\WINDOWS\SYSTEM32\kernel.appcore.dll
0x00007ffdf9320000 - 0x00007ffdf932a000 	C:\Program Files\Java\jdk-17.0.3\bin\jimage.dll
0x00007ffdf9e60000 - 0x00007ffdfa044000 	C:\WINDOWS\SYSTEM32\DBGHELP.DLL
0x00007ffde13d0000 - 0x00007ffde1404000 	C:\WINDOWS\SYSTEM32\dbgcore.DLL
0x00007ffdff670000 - 0x00007ffdff6f2000 	C:\WINDOWS\System32\bcryptPrimitives.dll
0x00007ffdf86d0000 - 0x00007ffdf86de000 	C:\Program Files\Java\jdk-17.0.3\bin\instrument.dll
0x00007ffdf60b0000 - 0x00007ffdf60d5000 	C:\Program Files\Java\jdk-17.0.3\bin\java.dll
0x00007ffdb1610000 - 0x00007ffdb16e6000 	C:\Program Files\Java\jdk-17.0.3\bin\jsvml.dll
0x00007ffdffd10000 - 0x00007ffe0047e000 	C:\WINDOWS\System32\SHELL32.dll
0x00007ffdfa1e0000 - 0x00007ffdfa984000 	C:\WINDOWS\SYSTEM32\windows.storage.dll
0x00007ffe008b0000 - 0x00007ffe00c05000 	C:\WINDOWS\System32\combase.dll
0x00007ffdfeb80000 - 0x00007ffdfebaf000 	C:\WINDOWS\SYSTEM32\Wldp.dll
0x00007ffe005b0000 - 0x00007ffe0067d000 	C:\WINDOWS\System32\OLEAUT32.dll
0x00007ffe018d0000 - 0x00007ffe0197d000 	C:\WINDOWS\System32\SHCORE.dll
0x00007ffe00760000 - 0x00007ffe007b5000 	C:\WINDOWS\System32\shlwapi.dll
0x00007ffdff230000 - 0x00007ffdff254000 	C:\WINDOWS\SYSTEM32\profapi.dll
0x00007ffdf6a40000 - 0x00007ffdf6a58000 	C:\Program Files\Java\jdk-17.0.3\bin\zip.dll
0x00007ffdf6090000 - 0x00007ffdf60a9000 	C:\Program Files\Java\jdk-17.0.3\bin\net.dll
0x00007ffdf4270000 - 0x00007ffdf437d000 	C:\WINDOWS\SYSTEM32\WINHTTP.dll
0x00007ffdfe960000 - 0x00007ffdfe9ca000 	C:\WINDOWS\system32\mswsock.dll
0x00007ffdf0460000 - 0x00007ffdf0476000 	C:\Program Files\Java\jdk-17.0.3\bin\nio.dll
0x00007ffdf0440000 - 0x00007ffdf045a000 	C:\Users\ISAAC\AppData\Local\Programs\IntelliJ IDEA Ultimate\bin\breakgen64.dll
0x00007ffdfe6a0000 - 0x00007ffdfe76a000 	C:\WINDOWS\SYSTEM32\DNSAPI.dll
0x00007ffdfe660000 - 0x00007ffdfe69b000 	C:\WINDOWS\SYSTEM32\IPHLPAPI.DLL
0x00007ffe00690000 - 0x00007ffe00698000 	C:\WINDOWS\System32\NSI.dll
0x00007ffde8940000 - 0x00007ffde894a000 	C:\Windows\System32\rasadhlp.dll
0x00007ffdf35d0000 - 0x00007ffdf3650000 	C:\WINDOWS\System32\fwpuclnt.dll
0x00007ffdf86c0000 - 0x00007ffdf86c9000 	C:\Program Files\Java\jdk-17.0.3\bin\management.dll
0x00007ffdf6a10000 - 0x00007ffdf6a1b000 	C:\Program Files\Java\jdk-17.0.3\bin\management_ext.dll
0x00007ffdfebc0000 - 0x00007ffdfebd8000 	C:\WINDOWS\SYSTEM32\CRYPTSP.dll
0x00007ffdfe2a0000 - 0x00007ffdfe2d4000 	C:\WINDOWS\system32\rsaenh.dll
0x00007ffdff1b0000 - 0x00007ffdff1de000 	C:\WINDOWS\SYSTEM32\USERENV.dll
0x00007ffdfeaf0000 - 0x00007ffdfeafc000 	C:\WINDOWS\SYSTEM32\CRYPTBASE.dll
0x00007ffdf5040000 - 0x00007ffdf5057000 	C:\WINDOWS\SYSTEM32\dhcpcsvc6.DLL
0x00007ffdf4fd0000 - 0x00007ffdf4fed000 	C:\WINDOWS\SYSTEM32\dhcpcsvc.DLL
0x00007ffdd13a0000 - 0x00007ffdd13b7000 	C:\WINDOWS\system32\napinsp.dll
0x00007ffdd1380000 - 0x00007ffdd139b000 	C:\WINDOWS\system32\pnrpnsp.dll
0x00007ffdf7b20000 - 0x00007ffdf7b35000 	C:\WINDOWS\system32\wshbth.dll
0x00007ffdf8230000 - 0x00007ffdf824d000 	C:\WINDOWS\system32\NLAapi.dll
0x00007ffdd1360000 - 0x00007ffdd1372000 	C:\WINDOWS\System32\winrnr.dll
0x00007ffdf4050000 - 0x00007ffdf405e000 	C:\Program Files\Java\jdk-17.0.3\bin\sunmscapi.dll
0x00007ffdffb20000 - 0x00007ffdffc7c000 	C:\WINDOWS\System32\CRYPT32.dll
0x00007ffdfecd0000 - 0x00007ffdfecf7000 	C:\WINDOWS\SYSTEM32\ncrypt.dll
0x00007ffdfec90000 - 0x00007ffdfeccb000 	C:\WINDOWS\SYSTEM32\NTASN1.dll
0x00007ffdf2d40000 - 0x00007ffdf2d50000 	C:\Program Files\Java\jdk-17.0.3\bin\verify.dll

dbghelp: loaded successfully - version: 4.0.5 - missing functions: none
symbol engine: initialized successfully - sym options: 0x614 - pdb path: .;C:\Program Files\Java\jdk-17.0.3\bin;C:\WINDOWS\SYSTEM32;C:\WINDOWS\WinSxS\amd64_microsoft.windows.common-controls_6595b64144ccf1df_6.0.19041.4355_none_60b8b9eb71f62e16;C:\Program Files\Java\jdk-17.0.3\bin\server;C:\Users\ISAAC\AppData\Local\Programs\IntelliJ IDEA Ultimate\bin

VM Arguments:
jvm_args: -XX:TieredStopAtLevel=1 -Dspring.output.ansi.enabled=always -Dcom.sun.management.jmxremote -Dspring.jmx.enabled=true -Dspring.liveBeansView.mbeanDomain -Dspring.application.admin.enabled=true -Dmanagement.endpoints.jmx.exposure.include=* -javaagent:C:\Users\ISAAC\AppData\Local\Programs\IntelliJ IDEA Ultimate\lib\idea_rt.jar=51842:C:\Users\ISAAC\AppData\Local\Programs\IntelliJ IDEA Ultimate\bin -Dfile.encoding=UTF-8 
java_command: com.example.symu_api.SymuApiApplication
java_class_path (initial): F:\SYMU\symu_api\target\classes;C:\Users\ISAAC\.m2\repository\org\springframework\boot\spring-boot-starter-web\3.3.1\spring-boot-starter-web-3.3.1.jar;C:\Users\ISAAC\.m2\repository\org\springframework\boot\spring-boot-starter\3.3.1\spring-boot-starter-3.3.1.jar;C:\Users\ISAAC\.m2\repository\org\springframework\boot\spring-boot\3.3.1\spring-boot-3.3.1.jar;C:\Users\ISAAC\.m2\repository\org\springframework\boot\spring-boot-autoconfigure\3.3.1\spring-boot-autoconfigure-3.3.1.jar;C:\Users\ISAAC\.m2\repository\org\springframework\boot\spring-boot-starter-logging\3.3.1\spring-boot-starter-logging-3.3.1.jar;C:\Users\ISAAC\.m2\repository\ch\qos\logback\logback-classic\1.5.6\logback-classic-1.5.6.jar;C:\Users\ISAAC\.m2\repository\ch\qos\logback\logback-core\1.5.6\logback-core-1.5.6.jar;C:\Users\ISAAC\.m2\repository\org\apache\logging\log4j\log4j-to-slf4j\2.23.1\log4j-to-slf4j-2.23.1.jar;C:\Users\ISAAC\.m2\repository\org\apache\logging\log4j\log4j-api\2.23.1\log4j-api-2.23.1.jar;C:\Users\ISAAC\.m2\repository\org\slf4j\jul-to-slf4j\2.0.13\jul-to-slf4j-2.0.13.jar;C:\Users\ISAAC\.m2\repository\jakarta\annotation\jakarta.annotation-api\2.1.1\jakarta.annotation-api-2.1.1.jar;C:\Users\ISAAC\.m2\repository\org\yaml\snakeyaml\2.2\snakeyaml-2.2.jar;C:\Users\ISAAC\.m2\repository\org\springframework\boot\spring-boot-starter-json\3.3.1\spring-boot-starter-json-3.3.1.jar;C:\Users\ISAAC\.m2\repository\com\fasterxml\jackson\core\jackson-databind\2.17.1\jackson-databind-2.17.1.jar;C:\Users\ISAAC\.m2\repository\com\fasterxml\jackson\core\jackson-annotations\2.17.1\jackson-annotations-2.17.1.jar;C:\Users\ISAAC\.m2\repository\com\fasterxml\jackson\core\jackson-core\2.17.1\jackson-core-2.17.1.jar;C:\Users\ISAAC\.m2\repository\com\fasterxml\jackson\datatype\jackson-datatype-jdk8\2.17.1\jackson-datatype-jdk8-2.17.1.jar;C:\Users\ISAAC\.m2\repository\com\fasterxml\jackson\datatype\jackson-datatype-jsr310\2.17.1\jackson-datatype-jsr310-2.17.1.jar;C:\Users\ISAAC\.m2\reposit
Launcher Type: SUN_STANDARD

[Global flags]
     intx CICompilerCount                          = 3                                         {product} {ergonomic}
     uint ConcGCThreads                            = 1                                         {product} {ergonomic}
     uint G1ConcRefinementThreads                  = 4                                         {product} {ergonomic}
   size_t G1HeapRegionSize                         = 2097152                                   {product} {ergonomic}
    uintx GCDrainStackTargetSize                   = 64                                        {product} {ergonomic}
   size_t InitialHeapSize                          = 201326592                                 {product} {ergonomic}
     bool ManagementServer                         = true                                      {product} {command line}
   size_t MarkStackSize                            = 4194304                                   {product} {ergonomic}
   size_t MaxHeapSize                              = 3196059648                                {product} {ergonomic}
   size_t MaxNewSize                               = 1916796928                                {product} {ergonomic}
   size_t MinHeapDeltaBytes                        = 2097152                                   {product} {ergonomic}
   size_t MinHeapSize                              = 8388608                                   {product} {ergonomic}
    uintx NonProfiledCodeHeapSize                  = 0                                      {pd product} {ergonomic}
     bool ProfileInterpreter                       = false                                  {pd product} {command line}
    uintx ProfiledCodeHeapSize                     = 0                                      {pd product} {ergonomic}
   size_t SoftMaxHeapSize                          = 3196059648                             {manageable} {ergonomic}
     intx TieredStopAtLevel                        = 1                                         {product} {command line}
     bool UseCompressedClassPointers               = true                           {product lp64_product} {ergonomic}
     bool UseCompressedOops                        = true                           {product lp64_product} {ergonomic}
     bool UseG1GC                                  = true                                      {product} {ergonomic}
     bool UseLargePagesIndividualAllocation        = false                                  {pd product} {ergonomic}

Logging:
Log output configuration:
 #0: stdout all=warning uptime,level,tags
 #1: stderr all=off uptime,level,tags

Environment Variables:
JAVA_HOME=C:\Program Files\Java\jdk1.8.0_311
PATH=C:\Program Files (x86)\Common Files\Oracle\Java\javapath;C:\Program Files\Common Files\Oracle\Java\javapath;C:\WINDOWS\system32;C:\WINDOWS;C:\WINDOWS\System32\Wbem;C:\WINDOWS\System32\WindowsPowerShell\v1.0\;C:\WINDOWS\System32\OpenSSH\;C:\Program Files\Git\cmd;C:\Program Files\PuTTY\;F:\soft\apache-maven-3.8.5\bin;C:\Program Files\TortoiseGit\bin;C:\Program Files (x86)\Intel\Intel(R) Management Engine Components\DAL;C:\Program Files\Intel\Intel(R) Management Engine Components\DAL;C:\Program Files\nodejs\;C:\Program Files\Docker\Docker\resources\bin;C:\Program Files\Microsoft SQL Server\Client SDK\ODBC\110\Tools\Binn\;C:\Program Files (x86)\Microsoft SQL Server\120\Tools\Binn\;C:\Program Files\Microsoft SQL Server\120\Tools\Binn\;C:\Program Files\Microsoft SQL Server\120\DTS\Binn\;C:\Program Files (x86)\Microsoft SQL Server\120\Tools\Binn\ManagementStudio\;C:\Program Files (x86)\Microsoft SQL Server\120\DTS\Binn\;C:\Program Files (x86)\Microsoft SQL Server\160\Tools\Binn\;C:\Program Files\Microsoft SQL Server\160\Tools\Binn\;C:\Program Files\Microsoft SQL Server\Client SDK\ODBC\170\Tools\Binn\;C:\Program Files\Microsoft SQL Server\160\DTS\Binn\;C:\Program Files (x86)\Microsoft SQL Server\160\DTS\Binn\;C:\Program Files\Azure Data Studio\bin;C:\Program Files\Java\jdk1.8.0_311\bin;C:\Users\ISAAC\AppData\Local\Programs\Python\Python310\Scripts\;C:\Users\ISAAC\AppData\Local\Programs\Python\Python310\;C:\Users\ISAAC\AppData\Local\Microsoft\WindowsApps;C:\Users\ISAAC\AppData\Roaming\npm;C:\Users\ISAAC\AppData\Local\Programs\Microsoft VS Code\bin;C:\Users\ISAAC\AppData\Local\JetBrains\Toolbox\scripts;C:\Program Files\Azure Data Studio\bin;F:\PyCharm 2023.3.4\bin;;C:\Program Files\Java\jdk1.8.0_311\bin;
USERNAME=ISAAC
OS=Windows_NT
PROCESSOR_IDENTIFIER=Intel64 Family 6 Model 78 Stepping 3, GenuineIntel



---------------  S Y S T E M  ---------------

OS:
 Windows 10 , 64 bit Build 19041 (10.0.19041.5198)
OS uptime: 8 days 8:22 hours
Hyper-V role detected

CPU: total 4 (initial active 4) (2 cores per cpu, 2 threads per core) family 6 model 78 stepping 3 microcode 0xec, cx8, cmov, fxsr, ht, mmx, 3dnowpref, sse, sse2, sse3, ssse3, sse4.1, sse4.2, popcnt, lzcnt, tsc, tscinvbit, avx, avx2, aes, erms, clmul, bmi1, bmi2, adx, fma, vzeroupper, clflush, clflushopt, hv

Memory: 4k page, system-wide physical 12184M (895M free)
TotalPageFile size 16054M (AvailPageFile size 10M)
current process WorkingSet (physical memory assigned to process): 261M, peak: 261M
current process commit charge ("private bytes"): 326M, peak: 390M

vm_info: Java HotSpot(TM) 64-Bit Server VM (17.0.3+8-LTS-111) for windows-amd64 JRE (17.0.3+8-LTS-111), built on Mar  9 2022 22:40:21 by "mach5one" with MS VC++ 16.8 / 16.9 (VS2019)

END.
