#
# There is insufficient memory for the Java Runtime Environment to continue.
# Native memory allocation (mmap) failed to map 65536 bytes for Failed to commit metaspace.
# Possible reasons:
#   The system is out of physical RAM or swap space
#   The process is running with CompressedOops enabled, and the Java Heap may be blocking the growth of the native heap
# Possible solutions:
#   Reduce memory load on the system
#   Increase physical memory or swap space
#   Check if swap backing store is full
#   Decrease Java heap size (-Xmx/-Xms)
#   Decrease number of Java threads
#   Decrease Java thread stack sizes (-Xss)
#   Set larger code cache with -XX:ReservedCodeCacheSize=
#   JVM is running with Zero Based Compressed Oops mode in which the Java heap is
#     placed in the first 32GB address space. The Java Heap base address is the
#     maximum limit for the native heap growth. Please use -XX:HeapBaseMinAddress
#     to set the Java Heap base and to place the Java Heap above 32GB virtual address.
# This output file may be truncated or incomplete.
#
#  Out of Memory Error (virtualSpaceNode.cpp:110), pid=22200, tid=7936
#
# JRE version: Java(TM) SE Runtime Environment (17.0.3+8) (build 17.0.3+8-LTS-111)
# Java VM: Java HotSpot(TM) 64-Bit Server VM (17.0.3+8-LTS-111, mixed mode, emulated-client, sharing, tiered, compressed oops, compressed class ptrs, g1 gc, windows-amd64)
# No core dump will be written. Minidumps are not enabled by default on client versions of Windows
#

---------------  S U M M A R Y ------------

Command Line: -XX:TieredStopAtLevel=1 -Dspring.output.ansi.enabled=always -Dcom.sun.management.jmxremote -Dspring.jmx.enabled=true -Dspring.liveBeansView.mbeanDomain -Dspring.application.admin.enabled=true -Dmanagement.endpoints.jmx.exposure.include=* -javaagent:C:\Users\ISAAC\AppData\Local\Programs\IntelliJ IDEA Ultimate\lib\idea_rt.jar=52342:C:\Users\ISAAC\AppData\Local\Programs\IntelliJ IDEA Ultimate\bin -Dfile.encoding=UTF-8 com.example.symu_api.SymuApiApplication

Host: Intel(R) Core(TM) i7-6500U CPU @ 2.50GHz, 4 cores, 11G,  Windows 10 , 64 bit Build 19041 (10.0.19041.5198)
Time: Sat Feb 15 15:38:44 2025 E. Africa Standard Time elapsed time: 12.103410 seconds (0d 0h 0m 12s)

---------------  T H R E A D  ---------------

Current thread (0x0000025ed1be4e30):  JavaThread "main" [_thread_in_vm, id=7936, stack(0x0000007444100000,0x0000007444200000)]

Stack: [0x0000007444100000,0x0000007444200000]
Native frames: (J=compiled Java code, j=interpreted, Vv=VM code, C=native code)
V  [jvm.dll+0x6711ba]
V  [jvm.dll+0x7d0834]
V  [jvm.dll+0x7d1fde]
V  [jvm.dll+0x7d2643]
V  [jvm.dll+0x242c85]
V  [jvm.dll+0x7cc7db]
V  [jvm.dll+0x616f96]
V  [jvm.dll+0x1be52e]
V  [jvm.dll+0x6198d1]
V  [jvm.dll+0x617936]
V  [jvm.dll+0x367e32]
V  [jvm.dll+0x1dfc0b]
V  [jvm.dll+0x537f09]
V  [jvm.dll+0x74b478]
V  [jvm.dll+0x74b564]
V  [jvm.dll+0x408fa5]
V  [jvm.dll+0x40eff8]
C  [java.dll+0x17ec]

Java frames: (J=compiled Java code, j=interpreted, Vv=VM code)
J 1209  java.lang.ClassLoader.defineClass1(Ljava/lang/ClassLoader;Ljava/lang/String;[BIILjava/security/ProtectionDomain;Ljava/lang/String;)Ljava/lang/Class; java.base@17.0.3 (0 bytes) @ 0x0000025ed97aaf63 [0x0000025ed97aaea0+0x00000000000000c3]
J 1219 c1 java.lang.ClassLoader.defineClass(Ljava/lang/String;[BIILjava/security/ProtectionDomain;)Ljava/lang/Class; java.base@17.0.3 (43 bytes) @ 0x0000025ed97aeb6c [0x0000025ed97aea60+0x000000000000010c]
J 1137 c1 jdk.internal.loader.BuiltinClassLoader.defineClass(Ljava/lang/String;Ljdk/internal/loader/Resource;)Ljava/lang/Class; java.base@17.0.3 (121 bytes) @ 0x0000025ed978f1f4 [0x0000025ed978ed20+0x00000000000004d4]
J 1132 c1 jdk.internal.loader.BuiltinClassLoader.findClassOnClassPathOrNull(Ljava/lang/String;)Ljava/lang/Class; java.base@17.0.3 (64 bytes) @ 0x0000025ed978c7c4 [0x0000025ed978c500+0x00000000000002c4]
J 935 c1 jdk.internal.loader.BuiltinClassLoader.loadClassOrNull(Ljava/lang/String;Z)Ljava/lang/Class; java.base@17.0.3 (143 bytes) @ 0x0000025ed972ff84 [0x0000025ed972fb00+0x0000000000000484]
J 1042 c1 jdk.internal.loader.ClassLoaders$AppClassLoader.loadClass(Ljava/lang/String;Z)Ljava/lang/Class; java.base@17.0.3 (40 bytes) @ 0x0000025ed9765fac [0x0000025ed9765e60+0x000000000000014c]
J 1033 c1 java.lang.ClassLoader.loadClass(Ljava/lang/String;)Ljava/lang/Class; java.base@17.0.3 (7 bytes) @ 0x0000025ed9762264 [0x0000025ed9762220+0x0000000000000044]
v  ~StubRoutines::call_stub
j  org.springframework.data.jpa.repository.query.HqlQueryParser.parseQuery(Ljava/lang/String;)Lorg/antlr/v4/runtime/ParserRuleContext;+0
j  org.springframework.data.jpa.repository.query.HqlQueryParser.parse(Ljava/lang/String;)Lorg/antlr/v4/runtime/ParserRuleContext;+1
j  org.springframework.data.jpa.repository.query.JpaQueryParserSupport$ParseState.lambda$0(Ljava/lang/String;)Lorg/antlr/v4/runtime/ParserRuleContext;+5
j  org.springframework.data.jpa.repository.query.JpaQueryParserSupport$ParseState$$Lambda$1383+0x000000080151f3d0.get()Ljava/lang/Object;+8
J 7118 c1 org.springframework.data.util.Lazy.get()Ljava/lang/Object; (21 bytes) @ 0x0000025eda17fb24 [0x0000025eda17fac0+0x0000000000000064]
j  org.springframework.data.jpa.repository.query.JpaQueryParserSupport$ParseState.getContext()Lorg/antlr/v4/runtime/ParserRuleContext;+15
j  org.springframework.data.jpa.repository.query.JpaQueryParserSupport.findAlias()Ljava/lang/String;+5
j  org.springframework.data.jpa.repository.query.JpaQueryEnhancer.detectAlias()Ljava/lang/String;+4
j  org.springframework.data.jpa.repository.query.StringQuery.<init>(Ljava/lang/String;Z)V+81
j  org.springframework.data.jpa.repository.query.DeclaredQuery.of(Ljava/lang/String;Z)Lorg/springframework/data/jpa/repository/query/DeclaredQuery;+19
j  org.springframework.data.jpa.repository.query.JpaQueryMethod.assertParameterNamesInAnnotatedQuery()V+19
j  org.springframework.data.jpa.repository.query.JpaQueryMethod.<init>(Ljava/lang/reflect/Method;Lorg/springframework/data/repository/core/RepositoryMetadata;Lorg/springframework/data/projection/ProjectionFactory;Lorg/springframework/data/jpa/provider/QueryExtractor;)V+187
j  org.springframework.data.jpa.repository.query.DefaultJpaQueryMethodFactory.build(Ljava/lang/reflect/Method;Lorg/springframework/data/repository/core/RepositoryMetadata;Lorg/springframework/data/projection/ProjectionFactory;)Lorg/springframework/data/jpa/repository/query/JpaQueryMethod;+11
j  org.springframework.data.jpa.repository.query.JpaQueryLookupStrategy$AbstractQueryLookupStrategy.resolveQuery(Ljava/lang/reflect/Method;Lorg/springframework/data/repository/core/RepositoryMetadata;Lorg/springframework/data/projection/ProjectionFactory;Lorg/springframework/data/repository/core/NamedQueries;)Lorg/springframework/data/repository/query/RepositoryQuery;+7
j  org.springframework.data.repository.core.support.QueryExecutorMethodInterceptor.lookupQuery(Ljava/lang/reflect/Method;Lorg/springframework/data/repository/core/RepositoryInformation;Lorg/springframework/data/repository/query/QueryLookupStrategy;Lorg/springframework/data/projection/ProjectionFactory;)Lorg/springframework/data/util/Pair;+10
j  org.springframework.data.repository.core.support.QueryExecutorMethodInterceptor.mapMethodsToQuery(Lorg/springframework/data/repository/core/RepositoryInformation;Lorg/springframework/data/repository/query/QueryLookupStrategy;Lorg/springframework/data/projection/ProjectionFactory;)Ljava/util/Map;+50
j  org.springframework.data.repository.core.support.QueryExecutorMethodInterceptor.lambda$new$0(Lorg/springframework/data/repository/core/RepositoryInformation;Lorg/springframework/data/projection/ProjectionFactory;Lorg/springframework/data/repository/query/QueryLookupStrategy;)Ljava/util/Map;+4
j  org.springframework.data.repository.core.support.QueryExecutorMethodInterceptor$$Lambda$1326+0x00000008014f1798.apply(Ljava/lang/Object;)Ljava/lang/Object;+16
J 7091 c1 java.util.Optional.map(Ljava/util/function/Function;)Ljava/util/Optional; java.base@17.0.3 (30 bytes) @ 0x0000025eda1767bc [0x0000025eda176740+0x000000000000007c]
j  org.springframework.data.repository.core.support.QueryExecutorMethodInterceptor.<init>(Lorg/springframework/data/repository/core/RepositoryInformation;Lorg/springframework/data/projection/ProjectionFactory;Ljava/util/Optional;Lorg/springframework/data/repository/core/NamedQueries;Ljava/util/List;Ljava/util/List;)V+111
j  org.springframework.data.repository.core.support.RepositoryFactorySupport.getRepository(Ljava/lang/Class;Lorg/springframework/data/repository/core/support/RepositoryComposition$RepositoryFragments;)Ljava/lang/Object;+415
j  org.springframework.data.repository.core.support.RepositoryFactoryBeanSupport.lambda$afterPropertiesSet$5(Lorg/springframework/data/repository/core/support/RepositoryComposition$RepositoryFragments;)Lorg/springframework/data/repository/Repository;+9
j  org.springframework.data.repository.core.support.RepositoryFactoryBeanSupport$$Lambda$1190+0x00000008014ce988.get()Ljava/lang/Object;+8
J 7105 c1 org.springframework.data.util.Lazy.getNullable()Ljava/lang/Object; (35 bytes) @ 0x0000025eda17abb4 [0x0000025eda17ab40+0x0000000000000074]
j  org.springframework.data.util.Lazy.get()Ljava/lang/Object;+1
j  org.springframework.data.repository.core.support.RepositoryFactoryBeanSupport.afterPropertiesSet()V+232
j  org.springframework.data.jpa.repository.support.JpaRepositoryFactoryBean.afterPropertiesSet()V+18
j  org.springframework.beans.factory.support.AbstractAutowireCapableBeanFactory.invokeInitMethods(Ljava/lang/String;Ljava/lang/Object;Lorg/springframework/beans/factory/support/RootBeanDefinition;)V+56
j  org.springframework.beans.factory.support.AbstractAutowireCapableBeanFactory.initializeBean(Ljava/lang/String;Ljava/lang/Object;Lorg/springframework/beans/factory/support/RootBeanDefinition;)Ljava/lang/Object;+34
j  org.springframework.beans.factory.support.AbstractAutowireCapableBeanFactory.doCreateBean(Ljava/lang/String;Lorg/springframework/beans/factory/support/RootBeanDefinition;[Ljava/lang/Object;)Ljava/lang/Object;+228
j  org.springframework.beans.factory.support.AbstractAutowireCapableBeanFactory.createBean(Ljava/lang/String;Lorg/springframework/beans/factory/support/RootBeanDefinition;[Ljava/lang/Object;)Ljava/lang/Object;+153
j  org.springframework.beans.factory.support.AbstractBeanFactory.lambda$doGetBean$0(Ljava/lang/String;Lorg/springframework/beans/factory/support/RootBeanDefinition;[Ljava/lang/Object;)Ljava/lang/Object;+4
j  org.springframework.beans.factory.support.AbstractBeanFactory$$Lambda$378+0x0000000800e45a18.getObject()Ljava/lang/Object;+16
j  org.springframework.beans.factory.support.DefaultSingletonBeanRegistry.getSingleton(Ljava/lang/String;Lorg/springframework/beans/factory/ObjectFactory;)Ljava/lang/Object;+114
J 2923 c1 org.springframework.beans.factory.support.AbstractBeanFactory.doGetBean(Ljava/lang/String;Ljava/lang/Class;[Ljava/lang/Object;Z)Ljava/lang/Object; (787 bytes) @ 0x0000025ed9af1a84 [0x0000025ed9af1480+0x0000000000000604]
j  org.springframework.beans.factory.support.AbstractBeanFactory.getBean(Ljava/lang/String;)Ljava/lang/Object;+5
j  org.springframework.beans.factory.config.DependencyDescriptor.resolveCandidate(Ljava/lang/String;Ljava/lang/Class;Lorg/springframework/beans/factory/BeanFactory;)Ljava/lang/Object;+2
j  org.springframework.beans.factory.support.DefaultListableBeanFactory.doResolveDependency(Lorg/springframework/beans/factory/config/DependencyDescriptor;Ljava/lang/String;Ljava/util/Set;Lorg/springframework/beans/TypeConverter;)Ljava/lang/Object;+473
j  org.springframework.beans.factory.support.DefaultListableBeanFactory.resolveDependency(Lorg/springframework/beans/factory/config/DependencyDescriptor;Ljava/lang/String;Ljava/util/Set;Lorg/springframework/beans/TypeConverter;)Ljava/lang/Object;+117
j  org.springframework.beans.factory.annotation.AutowiredAnnotationBeanPostProcessor$AutowiredFieldElement.resolveFieldValue(Ljava/lang/reflect/Field;Ljava/lang/Object;Ljava/lang/String;)Ljava/lang/Object;+81
j  org.springframework.beans.factory.annotation.AutowiredAnnotationBeanPostProcessor$AutowiredFieldElement.inject(Ljava/lang/Object;Ljava/lang/String;Lorg/springframework/beans/PropertyValues;)V+74
j  org.springframework.beans.factory.annotation.InjectionMetadata.inject(Ljava/lang/Object;Ljava/lang/String;Lorg/springframework/beans/PropertyValues;)V+68
j  org.springframework.beans.factory.annotation.AutowiredAnnotationBeanPostProcessor.postProcessProperties(Lorg/springframework/beans/PropertyValues;Ljava/lang/Object;Ljava/lang/String;)Lorg/springframework/beans/PropertyValues;+17
j  org.springframework.beans.factory.support.AbstractAutowireCapableBeanFactory.populateBean(Ljava/lang/String;Lorg/springframework/beans/factory/support/RootBeanDefinition;Lorg/springframework/beans/BeanWrapper;)V+280
j  org.springframework.beans.factory.support.AbstractAutowireCapableBeanFactory.doCreateBean(Ljava/lang/String;Lorg/springframework/beans/factory/support/RootBeanDefinition;[Ljava/lang/Object;)Ljava/lang/Object;+220
j  org.springframework.beans.factory.support.AbstractAutowireCapableBeanFactory.createBean(Ljava/lang/String;Lorg/springframework/beans/factory/support/RootBeanDefinition;[Ljava/lang/Object;)Ljava/lang/Object;+153
j  org.springframework.beans.factory.support.AbstractBeanFactory.lambda$doGetBean$0(Ljava/lang/String;Lorg/springframework/beans/factory/support/RootBeanDefinition;[Ljava/lang/Object;)Ljava/lang/Object;+4
j  org.springframework.beans.factory.support.AbstractBeanFactory$$Lambda$378+0x0000000800e45a18.getObject()Ljava/lang/Object;+16
j  org.springframework.beans.factory.support.DefaultSingletonBeanRegistry.getSingleton(Ljava/lang/String;Lorg/springframework/beans/factory/ObjectFactory;)Ljava/lang/Object;+114
J 2923 c1 org.springframework.beans.factory.support.AbstractBeanFactory.doGetBean(Ljava/lang/String;Ljava/lang/Class;[Ljava/lang/Object;Z)Ljava/lang/Object; (787 bytes) @ 0x0000025ed9af1a84 [0x0000025ed9af1480+0x0000000000000604]
j  org.springframework.beans.factory.support.AbstractBeanFactory.getBean(Ljava/lang/String;)Ljava/lang/Object;+5
j  org.springframework.beans.factory.config.DependencyDescriptor.resolveCandidate(Ljava/lang/String;Ljava/lang/Class;Lorg/springframework/beans/factory/BeanFactory;)Ljava/lang/Object;+2
j  org.springframework.beans.factory.support.DefaultListableBeanFactory.doResolveDependency(Lorg/springframework/beans/factory/config/DependencyDescriptor;Ljava/lang/String;Ljava/util/Set;Lorg/springframework/beans/TypeConverter;)Ljava/lang/Object;+473
j  org.springframework.beans.factory.support.DefaultListableBeanFactory.resolveDependency(Lorg/springframework/beans/factory/config/DependencyDescriptor;Ljava/lang/String;Ljava/util/Set;Lorg/springframework/beans/TypeConverter;)Ljava/lang/Object;+117
j  org.springframework.beans.factory.annotation.AutowiredAnnotationBeanPostProcessor$AutowiredFieldElement.resolveFieldValue(Ljava/lang/reflect/Field;Ljava/lang/Object;Ljava/lang/String;)Ljava/lang/Object;+81
j  org.springframework.beans.factory.annotation.AutowiredAnnotationBeanPostProcessor$AutowiredFieldElement.inject(Ljava/lang/Object;Ljava/lang/String;Lorg/springframework/beans/PropertyValues;)V+74
j  org.springframework.beans.factory.annotation.InjectionMetadata.inject(Ljava/lang/Object;Ljava/lang/String;Lorg/springframework/beans/PropertyValues;)V+68
j  org.springframework.beans.factory.annotation.AutowiredAnnotationBeanPostProcessor.postProcessProperties(Lorg/springframework/beans/PropertyValues;Ljava/lang/Object;Ljava/lang/String;)Lorg/springframework/beans/PropertyValues;+17
j  org.springframework.beans.factory.support.AbstractAutowireCapableBeanFactory.populateBean(Ljava/lang/String;Lorg/springframework/beans/factory/support/RootBeanDefinition;Lorg/springframework/beans/BeanWrapper;)V+280
j  org.springframework.beans.factory.support.AbstractAutowireCapableBeanFactory.doCreateBean(Ljava/lang/String;Lorg/springframework/beans/factory/support/RootBeanDefinition;[Ljava/lang/Object;)Ljava/lang/Object;+220
j  org.springframework.beans.factory.support.AbstractAutowireCapableBeanFactory.createBean(Ljava/lang/String;Lorg/springframework/beans/factory/support/RootBeanDefinition;[Ljava/lang/Object;)Ljava/lang/Object;+153
j  org.springframework.beans.factory.support.AbstractBeanFactory.lambda$doGetBean$0(Ljava/lang/String;Lorg/springframework/beans/factory/support/RootBeanDefinition;[Ljava/lang/Object;)Ljava/lang/Object;+4
j  org.springframework.beans.factory.support.AbstractBeanFactory$$Lambda$378+0x0000000800e45a18.getObject()Ljava/lang/Object;+16
j  org.springframework.beans.factory.support.DefaultSingletonBeanRegistry.getSingleton(Ljava/lang/String;Lorg/springframework/beans/factory/ObjectFactory;)Ljava/lang/Object;+114
J 2923 c1 org.springframework.beans.factory.support.AbstractBeanFactory.doGetBean(Ljava/lang/String;Ljava/lang/Class;[Ljava/lang/Object;Z)Ljava/lang/Object; (787 bytes) @ 0x0000025ed9af1a84 [0x0000025ed9af1480+0x0000000000000604]
j  org.springframework.beans.factory.support.AbstractBeanFactory.getBean(Ljava/lang/String;)Ljava/lang/Object;+5
j  org.springframework.beans.factory.support.DefaultListableBeanFactory.preInstantiateSingletons()V+152
j  org.springframework.context.support.AbstractApplicationContext.finishBeanFactoryInitialization(Lorg/springframework/beans/factory/config/ConfigurableListableBeanFactory;)V+135
j  org.springframework.context.support.AbstractApplicationContext.refresh()V+94
j  org.springframework.boot.web.servlet.context.ServletWebServerApplicationContext.refresh()V+1
j  org.springframework.boot.SpringApplication.refresh(Lorg/springframework/context/ConfigurableApplicationContext;)V+1
j  org.springframework.boot.SpringApplication.refreshContext(Lorg/springframework/context/ConfigurableApplicationContext;)V+16
j  org.springframework.boot.SpringApplication.run([Ljava/lang/String;)Lorg/springframework/context/ConfigurableApplicationContext;+110
j  org.springframework.boot.SpringApplication.run([Ljava/lang/Class;[Ljava/lang/String;)Lorg/springframework/context/ConfigurableApplicationContext;+9
j  org.springframework.boot.SpringApplication.run(Ljava/lang/Class;[Ljava/lang/String;)Lorg/springframework/context/ConfigurableApplicationContext;+9
j  com.example.symu_api.SymuApiApplication.main([Ljava/lang/String;)V+3
v  ~StubRoutines::call_stub

---------------  P R O C E S S  ---------------

Threads class SMR info:
_java_thread_list=0x0000025eeb126470, length=23, elements={
0x0000025ed1be4e30, 0x0000025ee582a0a0, 0x0000025ee582ce30, 0x0000025ee583de80,
0x0000025ee5840a10, 0x0000025ee58422e0, 0x0000025ee5842ba0, 0x0000025ee5843510,
0x0000025ee5844620, 0x0000025ee6410f50, 0x0000025ee6497760, 0x0000025ee68463f0,
0x0000025ee68468c0, 0x0000025ee69cd8e0, 0x0000025ee6ceb850, 0x0000025ee6e35f00,
0x0000025ee6e37710, 0x0000025ee6e363d0, 0x0000025ee6e38580, 0x0000025ee6e368a0,
0x0000025ee6e393f0, 0x0000025ee6e36d70, 0x0000025ee6e398c0
}

Java Threads: ( => current thread )
=>0x0000025ed1be4e30 JavaThread "main" [_thread_in_vm, id=7936, stack(0x0000007444100000,0x0000007444200000)]
  0x0000025ee582a0a0 JavaThread "Reference Handler" daemon [_thread_blocked, id=7916, stack(0x0000007444800000,0x0000007444900000)]
  0x0000025ee582ce30 JavaThread "Finalizer" daemon [_thread_blocked, id=11976, stack(0x0000007444900000,0x0000007444a00000)]
  0x0000025ee583de80 JavaThread "Signal Dispatcher" daemon [_thread_blocked, id=14724, stack(0x0000007444a00000,0x0000007444b00000)]
  0x0000025ee5840a10 JavaThread "Attach Listener" daemon [_thread_blocked, id=16548, stack(0x0000007444b00000,0x0000007444c00000)]
  0x0000025ee58422e0 JavaThread "Service Thread" daemon [_thread_blocked, id=14740, stack(0x0000007444c00000,0x0000007444d00000)]
  0x0000025ee5842ba0 JavaThread "Monitor Deflation Thread" daemon [_thread_blocked, id=23456, stack(0x0000007444d00000,0x0000007444e00000)]
  0x0000025ee5843510 JavaThread "C1 CompilerThread0" daemon [_thread_blocked, id=21188, stack(0x0000007444e00000,0x0000007444f00000)]
  0x0000025ee5844620 JavaThread "Sweeper thread" daemon [_thread_blocked, id=12404, stack(0x0000007444f00000,0x0000007445000000)]
  0x0000025ee6410f50 JavaThread "Common-Cleaner" daemon [_thread_blocked, id=8356, stack(0x0000007445000000,0x0000007445100000)]
  0x0000025ee6497760 JavaThread "C1 CompilerThread1" daemon [_thread_blocked, id=22956, stack(0x0000007445100000,0x0000007445200000)]
  0x0000025ee68463f0 JavaThread "Monitor Ctrl-Break" daemon [_thread_in_native, id=4480, stack(0x0000007445200000,0x0000007445300000)]
  0x0000025ee68468c0 JavaThread "Notification Thread" daemon [_thread_blocked, id=19432, stack(0x0000007445300000,0x0000007445400000)]
  0x0000025ee69cd8e0 JavaThread "RMI TCP Accept-0" daemon [_thread_in_native, id=13004, stack(0x0000007445400000,0x0000007445500000)]
  0x0000025ee6ceb850 JavaThread "C1 CompilerThread2" daemon [_thread_blocked, id=8556, stack(0x0000007445a00000,0x0000007445b00000)]
  0x0000025ee6e35f00 JavaThread "RMI TCP Connection(1)-172.26.64.1" daemon [_thread_in_native, id=17276, stack(0x0000007445b00000,0x0000007445c00000)]
  0x0000025ee6e37710 JavaThread "RMI Scheduler(0)" daemon [_thread_blocked, id=19592, stack(0x0000007445c00000,0x0000007445d00000)]
  0x0000025ee6e363d0 JavaThread "Catalina-utility-1" [_thread_blocked, id=15712, stack(0x0000007445d00000,0x0000007445e00000)]
  0x0000025ee6e38580 JavaThread "Catalina-utility-2" [_thread_blocked, id=224, stack(0x0000007445e00000,0x0000007445f00000)]
  0x0000025ee6e368a0 JavaThread "container-0" [_thread_blocked, id=13600, stack(0x0000007445f00000,0x0000007446000000)]
  0x0000025ee6e393f0 JavaThread "mysql-cj-abandoned-connection-cleanup" daemon [_thread_blocked, id=824, stack(0x0000007446000000,0x0000007446100000)]
  0x0000025ee6e36d70 JavaThread "HikariPool-1 housekeeper" daemon [_thread_blocked, id=17792, stack(0x0000007446200000,0x0000007446300000)]
  0x0000025ee6e398c0 JavaThread "HikariPool-1 connection adder" daemon [_thread_blocked, id=11436, stack(0x0000007446300000,0x0000007446400000)]

Other Threads:
  0x0000025ee58248d0 VMThread "VM Thread" [stack: 0x0000007444700000,0x0000007444800000] [id=20956]
  0x0000025ed1c570a0 WatcherThread [stack: 0x0000007445500000,0x0000007445600000] [id=20588]
  0x0000025ed1c3d0c0 GCTaskThread "GC Thread#0" [stack: 0x0000007444200000,0x0000007444300000] [id=10872]
  0x0000025ee69ada00 GCTaskThread "GC Thread#1" [stack: 0x0000007445600000,0x0000007445700000] [id=4336]
  0x0000025ee69adcb0 GCTaskThread "GC Thread#2" [stack: 0x0000007445700000,0x0000007445800000] [id=16708]
  0x0000025ee6af8040 GCTaskThread "GC Thread#3" [stack: 0x0000007445800000,0x0000007445900000] [id=17384]
  0x0000025ed1c4c550 ConcurrentGCThread "G1 Main Marker" [stack: 0x0000007444300000,0x0000007444400000] [id=14956]
  0x0000025ed1c4ce70 ConcurrentGCThread "G1 Conc#0" [stack: 0x0000007444400000,0x0000007444500000] [id=22780]
  0x0000025ed1cadb40 ConcurrentGCThread "G1 Refine#0" [stack: 0x0000007444500000,0x0000007444600000] [id=11824]
  0x0000025ee6b2eae0 ConcurrentGCThread "G1 Refine#1" [stack: 0x0000007445900000,0x0000007445a00000] [id=7228]
  0x0000025ed1cae470 ConcurrentGCThread "G1 Service" [stack: 0x0000007444600000,0x0000007444700000] [id=22580]

Threads with active compile tasks:

VM state: not at safepoint (normal execution)

VM Mutex/Monitor currently owned by a thread:  ([mutex/lock_event])
[0x0000025ed1bdf470] Metaspace_lock - owner thread: 0x0000025ed1be4e30

Heap address: 0x0000000741800000, size: 3048 MB, Compressed Oops mode: Zero based, Oop shift amount: 3

CDS archive(s) mapped at: [0x0000000800000000-0x0000000800bc0000-0x0000000800bc0000), size 12320768, SharedBaseAddress: 0x0000000800000000, ArchiveRelocationMode: 0.
Compressed class space mapped at: 0x0000000800c00000-0x0000000840c00000, reserved size: 1073741824
Narrow klass base: 0x0000000800000000, Narrow klass shift: 0, Narrow klass range: 0x100000000

GC Precious Log:
 CPUs: 4 total, 4 available
 Memory: 12184M
 Large Page Support: Disabled
 NUMA Support: Disabled
 Compressed Oops: Enabled (Zero based)
 Heap Region Size: 2M
 Heap Min Capacity: 8M
 Heap Initial Capacity: 192M
 Heap Max Capacity: 3048M
 Pre-touch: Disabled
 Parallel Workers: 4
 Concurrent Workers: 1
 Concurrent Refinement Workers: 4
 Periodic GC: Disabled

Heap:
 garbage-first heap   total 67584K, used 44796K [0x0000000741800000, 0x0000000800000000)
  region size 2048K, 11 young (22528K), 2 survivors (4096K)
 Metaspace       used 63105K, committed 63680K, reserved 1105920K
  class space    used 8935K, committed 9152K, reserved 1048576K

Heap Regions: E=young(eden), S=young(survivor), O=old, HS=humongous(starts), HC=humongous(continues), CS=collection set, F=free, OA=open archive, CA=closed archive, TAMS=top-at-mark-start (previous, next)
|   0|0x0000000741800000, 0x0000000741a00000, 0x0000000741a00000|100%| O|  |TAMS 0x0000000741a00000, 0x0000000741800000| Untracked 
|   1|0x0000000741a00000, 0x0000000741c00000, 0x0000000741c00000|100%| O|  |TAMS 0x0000000741c00000, 0x0000000741a00000| Untracked 
|   2|0x0000000741c00000, 0x0000000741deb400, 0x0000000741e00000| 95%| O|  |TAMS 0x0000000741deb400, 0x0000000741c00000| Untracked 
|   3|0x0000000741e00000, 0x0000000742000000, 0x0000000742000000|100%| O|  |TAMS 0x0000000742000000, 0x0000000741e00000| Untracked 
|   4|0x0000000742000000, 0x0000000742200000, 0x0000000742200000|100%| O|  |TAMS 0x0000000742200000, 0x0000000742000000| Untracked 
|   5|0x0000000742200000, 0x000000074224dc00, 0x0000000742400000| 15%| O|  |TAMS 0x0000000742200000, 0x0000000742200000| Untracked 
|   6|0x0000000742400000, 0x0000000742600000, 0x0000000742600000|100%| O|  |TAMS 0x0000000742600000, 0x0000000742400000| Untracked 
|   7|0x0000000742600000, 0x0000000742800000, 0x0000000742800000|100%| O|  |TAMS 0x0000000742800000, 0x0000000742600000| Untracked 
|   8|0x0000000742800000, 0x0000000742a00000, 0x0000000742a00000|100%| O|  |TAMS 0x0000000742a00000, 0x0000000742800000| Untracked 
|   9|0x0000000742a00000, 0x0000000742c00000, 0x0000000742c00000|100%| O|  |TAMS 0x0000000742c00000, 0x0000000742a00000| Untracked 
|  10|0x0000000742c00000, 0x0000000742e00000, 0x0000000742e00000|100%| O|  |TAMS 0x0000000742e00000, 0x0000000742c00000| Untracked 
|  11|0x0000000742e00000, 0x0000000743000000, 0x0000000743000000|100%| O|  |TAMS 0x0000000743000000, 0x0000000742e00000| Untracked 
|  12|0x0000000743000000, 0x0000000743200000, 0x0000000743200000|100%| O|  |TAMS 0x0000000743026800, 0x0000000743000000| Untracked 
|  13|0x0000000743200000, 0x0000000743200000, 0x0000000743400000|  0%| F|  |TAMS 0x0000000743200000, 0x0000000743200000| Untracked 
|  14|0x0000000743400000, 0x0000000743400000, 0x0000000743600000|  0%| F|  |TAMS 0x0000000743400000, 0x0000000743400000| Untracked 
|  15|0x0000000743600000, 0x0000000743600000, 0x0000000743800000|  0%| F|  |TAMS 0x0000000743600000, 0x0000000743600000| Untracked 
|  16|0x0000000743800000, 0x0000000743800000, 0x0000000743a00000|  0%| F|  |TAMS 0x0000000743800000, 0x0000000743800000| Untracked 
|  17|0x0000000743a00000, 0x0000000743a00000, 0x0000000743c00000|  0%| F|  |TAMS 0x0000000743a00000, 0x0000000743a00000| Untracked 
|  18|0x0000000743c00000, 0x0000000743d863e0, 0x0000000743e00000| 76%| S|CS|TAMS 0x0000000743c00000, 0x0000000743c00000| Complete 
|  19|0x0000000743e00000, 0x0000000744000000, 0x0000000744000000|100%| S|CS|TAMS 0x0000000743e00000, 0x0000000743e00000| Complete 
|  20|0x0000000744000000, 0x0000000744000000, 0x0000000744200000|  0%| F|  |TAMS 0x0000000744000000, 0x0000000744000000| Untracked 
|  21|0x0000000744200000, 0x0000000744200000, 0x0000000744400000|  0%| F|  |TAMS 0x0000000744200000, 0x0000000744200000| Untracked 
|  22|0x0000000744400000, 0x0000000744400000, 0x0000000744600000|  0%| F|  |TAMS 0x0000000744400000, 0x0000000744400000| Untracked 
|  23|0x0000000744600000, 0x0000000744600000, 0x0000000744800000|  0%| F|  |TAMS 0x0000000744600000, 0x0000000744600000| Untracked 
|  24|0x0000000744800000, 0x000000074492be08, 0x0000000744a00000| 58%| E|  |TAMS 0x0000000744800000, 0x0000000744800000| Complete 
|  25|0x0000000744a00000, 0x0000000744c00000, 0x0000000744c00000|100%| E|CS|TAMS 0x0000000744a00000, 0x0000000744a00000| Complete 
|  26|0x0000000744c00000, 0x0000000744e00000, 0x0000000744e00000|100%| E|CS|TAMS 0x0000000744c00000, 0x0000000744c00000| Complete 
|  27|0x0000000744e00000, 0x0000000745000000, 0x0000000745000000|100%| E|CS|TAMS 0x0000000744e00000, 0x0000000744e00000| Complete 
|  59|0x0000000748e00000, 0x0000000749000000, 0x0000000749000000|100%| E|CS|TAMS 0x0000000748e00000, 0x0000000748e00000| Complete 
|  60|0x0000000749000000, 0x0000000749200000, 0x0000000749200000|100%| E|CS|TAMS 0x0000000749000000, 0x0000000749000000| Complete 
|  61|0x0000000749200000, 0x0000000749400000, 0x0000000749400000|100%| E|CS|TAMS 0x0000000749200000, 0x0000000749200000| Complete 
|  62|0x0000000749400000, 0x0000000749600000, 0x0000000749600000|100%| E|CS|TAMS 0x0000000749400000, 0x0000000749400000| Complete 
|  95|0x000000074d600000, 0x000000074d800000, 0x000000074d800000|100%| E|CS|TAMS 0x000000074d600000, 0x000000074d600000| Complete 

Card table byte_map: [0x0000025edca50000,0x0000025edd050000] _byte_map_base: 0x0000025ed9044000

Marking Bits (Prev, Next): (CMBitMap*) 0x0000025ed1c3f640, (CMBitMap*) 0x0000025ed1c3f600
 Prev Bits: [0x0000025ee05f0000, 0x0000025ee3590000)
 Next Bits: [0x0000025edd650000, 0x0000025ee05f0000)

Polling page: 0x0000025ecfb60000

Metaspace:

Usage:
  Non-class:     52.90 MB used.
      Class:      8.73 MB used.
       Both:     61.63 MB used.

Virtual space:
  Non-class space:       56.00 MB reserved,      53.25 MB ( 95%) committed,  7 nodes.
      Class space:        1.00 GB reserved,       8.94 MB ( <1%) committed,  1 nodes.
             Both:        1.05 GB reserved,      62.19 MB (  6%) committed. 

Chunk freelists:
   Non-Class:  2.61 MB
       Class:  2.86 MB
        Both:  5.47 MB

MaxMetaspaceSize: unlimited
CompressedClassSpaceSize: 1.00 GB
Initial GC threshold: 21.00 MB
Current GC threshold: 78.44 MB
CDS: on
MetaspaceReclaimPolicy: balanced
 - commit_granule_bytes: 65536.
 - commit_granule_words: 8192.
 - virtual_space_node_default_size: 1048576.
 - enlarge_chunks_in_place: 1.
 - new_chunks_are_fully_committed: 0.
 - uncommit_free_chunks: 1.
 - use_allocation_guard: 0.
 - handle_deallocations: 1.


Internal statistics:

num_allocs_failed_limit: 9.
num_arena_births: 828.
num_arena_deaths: 0.
num_vsnodes_births: 8.
num_vsnodes_deaths: 0.
num_space_committed: 995.
num_space_uncommitted: 0.
num_chunks_returned_to_freelist: 9.
num_chunks_taken_from_freelist: 3085.
num_chunk_merges: 9.
num_chunk_splits: 2202.
num_chunks_enlarged: 1680.
num_purges: 0.
num_inconsistent_stats: 0.

CodeCache: size=49152Kb used=13558Kb max_used=13558Kb free=35593Kb
 bounds [0x0000025ed9450000, 0x0000025eda190000, 0x0000025edc450000]
 total_blobs=7830 nmethods=7140 adapters=614
 compilation: enabled
              stopped_count=0, restarted_count=0
 full_count=0

Compilation events (20 events):
Event: 11.689 Thread 0x0000025ee5843510 nmethod 7125 0x0000025eda181110 code [0x0000025eda1812a0, 0x0000025eda181398]
Event: 11.690 Thread 0x0000025ee6497760 nmethod 7124 0x0000025eda181490 code [0x0000025eda1816c0, 0x0000025eda182188]
Event: 11.690 Thread 0x0000025ee6ceb850 7126       1       java.util.regex.Pattern::expr (142 bytes)
Event: 11.690 Thread 0x0000025ee6497760 7127       1       java.util.regex.Pattern::read (33 bytes)
Event: 11.690 Thread 0x0000025ee5843510 7128       1       java.util.regex.Pattern::qtype (39 bytes)
Event: 11.691 Thread 0x0000025ee6497760 nmethod 7127 0x0000025eda182a10 code [0x0000025eda182ba0, 0x0000025eda182ce8]
Event: 11.691 Thread 0x0000025ee6ceb850 nmethod 7126 0x0000025eda182e10 code [0x0000025eda183020, 0x0000025eda1836e8]
Event: 11.691 Thread 0x0000025ee5843510 nmethod 7128 0x0000025eda183a10 code [0x0000025eda183be0, 0x0000025eda183ec8]
Event: 11.691 Thread 0x0000025ee6497760 7129       1       java.util.Spliterators$EmptySpliterator::estimateSize (2 bytes)
Event: 11.691 Thread 0x0000025ee6497760 nmethod 7129 0x0000025eda184090 code [0x0000025eda184220, 0x0000025eda1842f8]
Event: 11.725 Thread 0x0000025ee6497760 7131       1       java.util.regex.Pattern::escape (1327 bytes)
Event: 11.726 Thread 0x0000025ee6ceb850 7132       1       java.util.regex.Pattern::compile (500 bytes)
Event: 11.728 Thread 0x0000025ee6ceb850 nmethod 7132 0x0000025eda184690 code [0x0000025eda1849c0, 0x0000025eda186008]
Event: 11.729 Thread 0x0000025ee5843510 7134       1       java.lang.Character::valueOf (21 bytes)
Event: 11.729 Thread 0x0000025ee6ceb850 7133       1       java.lang.Character::charValue (5 bytes)
Event: 11.730 Thread 0x0000025ee6ceb850 nmethod 7133 0x0000025eda186610 code [0x0000025eda1867a0, 0x0000025eda186878]
Event: 11.730 Thread 0x0000025ee5843510 nmethod 7134 0x0000025eda186910 code [0x0000025eda186aa0, 0x0000025eda186c18]
Event: 11.732 Thread 0x0000025ee6497760 nmethod 7131 0x0000025eda186d10 code [0x0000025eda187500, 0x0000025eda18ac58]
Event: 11.732 Thread 0x0000025ee5843510 7135       1       java.time.format.DateTimeFormatter::getDecimalStyle (5 bytes)
Event: 11.733 Thread 0x0000025ee5843510 nmethod 7135 0x0000025eda18bb90 code [0x0000025eda18bd20, 0x0000025eda18bdf8]

GC Heap History (20 events):
Event: 6.112 GC heap before
{Heap before GC invocations=7 (full 0):
 garbage-first heap   total 55296K, used 37596K [0x0000000741800000, 0x0000000800000000)
  region size 2048K, 12 young (24576K), 2 survivors (4096K)
 Metaspace       used 29638K, committed 30144K, reserved 1081344K
  class space    used 4072K, committed 4288K, reserved 1048576K
}
Event: 6.123 GC heap after
{Heap after GC invocations=8 (full 0):
 garbage-first heap   total 55296K, used 19688K [0x0000000741800000, 0x0000000800000000)
  region size 2048K, 2 young (4096K), 2 survivors (4096K)
 Metaspace       used 29638K, committed 30144K, reserved 1081344K
  class space    used 4072K, committed 4288K, reserved 1048576K
}
Event: 6.615 GC heap before
{Heap before GC invocations=8 (full 0):
 garbage-first heap   total 55296K, used 40168K [0x0000000741800000, 0x0000000800000000)
  region size 2048K, 12 young (24576K), 2 survivors (4096K)
 Metaspace       used 32689K, committed 33216K, reserved 1081344K
  class space    used 4516K, committed 4800K, reserved 1048576K
}
Event: 6.623 GC heap after
{Heap after GC invocations=9 (full 0):
 garbage-first heap   total 67584K, used 20970K [0x0000000741800000, 0x0000000800000000)
  region size 2048K, 2 young (4096K), 2 survivors (4096K)
 Metaspace       used 32689K, committed 33216K, reserved 1081344K
  class space    used 4516K, committed 4800K, reserved 1048576K
}
Event: 7.006 GC heap before
{Heap before GC invocations=9 (full 0):
 garbage-first heap   total 67584K, used 31210K [0x0000000741800000, 0x0000000800000000)
  region size 2048K, 9 young (18432K), 2 survivors (4096K)
 Metaspace       used 35509K, committed 35968K, reserved 1081344K
  class space    used 4971K, committed 5184K, reserved 1048576K
}
Event: 7.011 GC heap after
{Heap after GC invocations=10 (full 0):
 garbage-first heap   total 67584K, used 21462K [0x0000000741800000, 0x0000000800000000)
  region size 2048K, 1 young (2048K), 1 survivors (2048K)
 Metaspace       used 35509K, committed 35968K, reserved 1081344K
  class space    used 4971K, committed 5184K, reserved 1048576K
}
Event: 7.887 GC heap before
{Heap before GC invocations=11 (full 0):
 garbage-first heap   total 67584K, used 50134K [0x0000000741800000, 0x0000000800000000)
  region size 2048K, 15 young (30720K), 1 survivors (2048K)
 Metaspace       used 44718K, committed 45248K, reserved 1089536K
  class space    used 6206K, committed 6464K, reserved 1048576K
}
Event: 7.894 GC heap after
{Heap after GC invocations=12 (full 0):
 garbage-first heap   total 67584K, used 23735K [0x0000000741800000, 0x0000000800000000)
  region size 2048K, 2 young (4096K), 2 survivors (4096K)
 Metaspace       used 44718K, committed 45248K, reserved 1089536K
  class space    used 6206K, committed 6464K, reserved 1048576K
}
Event: 7.931 GC heap before
{Heap before GC invocations=12 (full 0):
 garbage-first heap   total 67584K, used 23735K [0x0000000741800000, 0x0000000800000000)
  region size 2048K, 3 young (6144K), 2 survivors (4096K)
 Metaspace       used 45056K, committed 45568K, reserved 1089536K
  class space    used 6266K, committed 6528K, reserved 1048576K
}
Event: 7.939 GC heap after
{Heap after GC invocations=13 (full 0):
 garbage-first heap   total 67584K, used 23260K [0x0000000741800000, 0x0000000800000000)
  region size 2048K, 1 young (2048K), 1 survivors (2048K)
 Metaspace       used 45056K, committed 45568K, reserved 1089536K
  class space    used 6266K, committed 6528K, reserved 1048576K
}
Event: 8.461 GC heap before
{Heap before GC invocations=13 (full 0):
 garbage-first heap   total 67584K, used 47836K [0x0000000741800000, 0x0000000800000000)
  region size 2048K, 13 young (26624K), 1 survivors (2048K)
 Metaspace       used 47446K, committed 47936K, reserved 1097728K
  class space    used 6600K, committed 6848K, reserved 1048576K
}
Event: 8.465 GC heap after
{Heap after GC invocations=14 (full 0):
 garbage-first heap   total 67584K, used 24823K [0x0000000741800000, 0x0000000800000000)
  region size 2048K, 2 young (4096K), 2 survivors (4096K)
 Metaspace       used 47446K, committed 47936K, reserved 1097728K
  class space    used 6600K, committed 6848K, reserved 1048576K
}
Event: 9.236 GC heap before
{Heap before GC invocations=15 (full 0):
 garbage-first heap   total 67584K, used 47351K [0x0000000741800000, 0x0000000800000000)
  region size 2048K, 13 young (26624K), 2 survivors (4096K)
 Metaspace       used 52969K, committed 53504K, reserved 1097728K
  class space    used 7394K, committed 7616K, reserved 1048576K
}
Event: 9.242 GC heap after
{Heap after GC invocations=16 (full 0):
 garbage-first heap   total 67584K, used 25775K [0x0000000741800000, 0x0000000800000000)
  region size 2048K, 1 young (2048K), 1 survivors (2048K)
 Metaspace       used 52969K, committed 53504K, reserved 1097728K
  class space    used 7394K, committed 7616K, reserved 1048576K
}
Event: 10.119 GC heap before
{Heap before GC invocations=16 (full 0):
 garbage-first heap   total 67584K, used 50351K [0x0000000741800000, 0x0000000800000000)
  region size 2048K, 13 young (26624K), 1 survivors (2048K)
 Metaspace       used 55319K, committed 55872K, reserved 1097728K
  class space    used 7841K, committed 8064K, reserved 1048576K
}
Event: 10.122 GC heap after
{Heap after GC invocations=17 (full 0):
 garbage-first heap   total 67584K, used 26249K [0x0000000741800000, 0x0000000800000000)
  region size 2048K, 1 young (2048K), 1 survivors (2048K)
 Metaspace       used 55319K, committed 55872K, reserved 1097728K
  class space    used 7841K, committed 8064K, reserved 1048576K
}
Event: 10.419 GC heap before
{Heap before GC invocations=17 (full 0):
 garbage-first heap   total 67584K, used 50825K [0x0000000741800000, 0x0000000800000000)
  region size 2048K, 13 young (26624K), 1 survivors (2048K)
 Metaspace       used 55544K, committed 56064K, reserved 1097728K
  class space    used 7873K, committed 8128K, reserved 1048576K
}
Event: 10.423 GC heap after
{Heap after GC invocations=18 (full 0):
 garbage-first heap   total 67584K, used 26690K [0x0000000741800000, 0x0000000800000000)
  region size 2048K, 1 young (2048K), 1 survivors (2048K)
 Metaspace       used 55544K, committed 56064K, reserved 1097728K
  class space    used 7873K, committed 8128K, reserved 1048576K
}
Event: 11.264 GC heap before
{Heap before GC invocations=18 (full 0):
 garbage-first heap   total 67584K, used 51266K [0x0000000741800000, 0x0000000800000000)
  region size 2048K, 13 young (26624K), 1 survivors (2048K)
 Metaspace       used 59711K, committed 60288K, reserved 1105920K
  class space    used 8459K, committed 8704K, reserved 1048576K
}
Event: 11.272 GC heap after
{Heap after GC invocations=19 (full 0):
 garbage-first heap   total 67584K, used 28412K [0x0000000741800000, 0x0000000800000000)
  region size 2048K, 2 young (4096K), 2 survivors (4096K)
 Metaspace       used 59711K, committed 60288K, reserved 1105920K
  class space    used 8459K, committed 8704K, reserved 1048576K
}

Deoptimization events (18 events):
Event: 0.473 Thread 0x0000025ed1be4e30 DEOPT PACKING pc=0x0000025ed963f7ad sp=0x00000074441fe5a0
Event: 0.473 Thread 0x0000025ed1be4e30 DEOPT UNPACKING pc=0x0000025ed94a2b43 sp=0x00000074441fdb00 mode 3
Event: 1.331 Thread 0x0000025ed1be4e30 DEOPT PACKING pc=0x0000025ed96a3c01 sp=0x00000074441fdc30
Event: 1.331 Thread 0x0000025ed1be4e30 DEOPT UNPACKING pc=0x0000025ed94a2b43 sp=0x00000074441fd088 mode 3
Event: 2.762 Thread 0x0000025ed1be4e30 DEOPT PACKING pc=0x0000025ed99a2cf9 sp=0x00000074441fd7b0
Event: 2.762 Thread 0x0000025ed1be4e30 DEOPT UNPACKING pc=0x0000025ed94a2b43 sp=0x00000074441fcc90 mode 3
Event: 3.072 Thread 0x0000025ed1be4e30 DEOPT PACKING pc=0x0000025ed99f86d5 sp=0x00000074441fddd0
Event: 3.072 Thread 0x0000025ed1be4e30 DEOPT UNPACKING pc=0x0000025ed94a2b43 sp=0x00000074441fd278 mode 3
Event: 5.450 Thread 0x0000025ed1be4e30 DEOPT PACKING pc=0x0000025ed9b619ec sp=0x00000074441fd5b0
Event: 5.450 Thread 0x0000025ed1be4e30 DEOPT UNPACKING pc=0x0000025ed94a2b43 sp=0x00000074441fca68 mode 0
Event: 6.167 Thread 0x0000025ed1be4e30 DEOPT PACKING pc=0x0000025ed9cae7a5 sp=0x00000074441fcc40
Event: 6.167 Thread 0x0000025ed1be4e30 DEOPT UNPACKING pc=0x0000025ed94a2b43 sp=0x00000074441fc1a8 mode 3
Event: 9.694 Thread 0x0000025ed1be4e30 DEOPT PACKING pc=0x0000025ed9f4faf4 sp=0x00000074441fcc50
Event: 9.694 Thread 0x0000025ed1be4e30 DEOPT UNPACKING pc=0x0000025ed94a2b43 sp=0x00000074441fc0d8 mode 0
Event: 10.682 Thread 0x0000025ed1be4e30 DEOPT PACKING pc=0x0000025eda0bfdd7 sp=0x00000074441fe3d0
Event: 10.682 Thread 0x0000025ed1be4e30 DEOPT UNPACKING pc=0x0000025ed94a2b43 sp=0x00000074441fd8b0 mode 3
Event: 11.496 Thread 0x0000025ed1be4e30 DEOPT PACKING pc=0x0000025ed99acbd4 sp=0x00000074441fc9e0
Event: 11.496 Thread 0x0000025ed1be4e30 DEOPT UNPACKING pc=0x0000025ed94a2b43 sp=0x00000074441fbf38 mode 0

Classes unloaded (0 events):
No events

Classes redefined (0 events):
No events

Internal exceptions (20 events):
Event: 10.574 Thread 0x0000025ed1be4e30 Exception <a 'java/lang/NoSuchMethodError'{0x0000000749012ce0}: 'java.lang.Object java.lang.invoke.DirectMethodHandle$Holder.newInvokeSpecial(java.lang.Object, java.lang.Object, int)'> (0x0000000749012ce0) 
thrown [t:\workspace\open\src\hotspot\share\interpreter\linkResolver.cpp, line 766]
Event: 10.626 Thread 0x0000025ed1be4e30 Exception <a 'java/lang/NoSuchMethodError'{0x00000007491a1730}: 'int java.lang.invoke.DirectMethodHandle$Holder.invokeStatic(java.lang.Object, int, java.lang.Object)'> (0x00000007491a1730) 
thrown [t:\workspace\open\src\hotspot\share\interpreter\linkResolver.cpp, line 766]
Event: 10.631 Thread 0x0000025ed1be4e30 Exception <a 'java/lang/NoSuchMethodError'{0x00000007491c6b38}: 'java.lang.Object java.lang.invoke.DirectMethodHandle$Holder.newInvokeSpecial(java.lang.Object, java.lang.Object, java.lang.Object, java.lang.Object, java.lang.Object, int, java.lang.Object)'> (0x00000007491c6b38) 
thrown [t:\workspace\open\src\hotspot\share\interpreter\linkResolver.cpp, line 766]
Event: 10.640 Thread 0x0000025ed1be4e30 Exception <a 'java/lang/NoSuchMethodError'{0x0000000748e06b68}: 'java.lang.Object java.lang.invoke.DirectMethodHandle$Holder.newInvokeSpecial(java.lang.Object, java.lang.Object, java.lang.Object, java.lang.Object, java.lang.Object, java.lang.Object, java.lang.Object, java.lang.Object, java.lang.Object, java.lang.Object, java.lang.Object, java.lang.Object)'> (0x0000000748e06b68) 
thrown [t:\workspace\open\src\hotspot\share\interpreter\linkResolver.cpp, line 766]
Event: 10.640 Thread 0x0000025ed1be4e30 Exception <a 'java/lang/NoSuchMethodError'{0x0000000748e0b600}: 'java.lang.Object java.lang.invoke.DirectMethodHandle$Holder.invokeSpecial(java.lang.Object, java.lang.Object, java.lang.Object, java.lang.Object, java.lang.Object, java.lang.Object, java.lang.Object, java.lang.Object, java.lang.Object, java.lang.Object, java.lang.Object, java.lang.Object, java.lang.Object)'> (0x0000000748e0b600) 
thrown [t:\workspace\open\src\hotspot\share\interpreter\linkResolver.cpp, line 766]
Event: 10.641 Thread 0x0000025ed1be4e30 Exception <a 'java/lang/NoSuchMethodError'{0x0000000748e0fd18}: 'java.lang.Object java.lang.invoke.Invokers$Holder.linkToTargetMethod(java.lang.Object, java.lang.Object, java.lang.Object, java.lang.Object, java.lang.Object, java.lang.Object, java.lang.Object, java.lang.Object, java.lang.Object, java.lang.Object, java.lang.Object, java.lang.Object)'> (0x0000000748e0fd18) 
thrown [t:\workspace\open\src\hotspot\share\interpreter\linkResolver.cpp, line 766]
Event: 10.732 Thread 0x0000025ed1be4e30 Exception <a 'java/lang/NoSuchMethodError'{0x0000000744ef1678}: 'java.lang.Object java.lang.invoke.DirectMethodHandle$Holder.newInvokeSpecial(java.lang.Object, java.lang.Object, java.lang.Object, java.lang.Object, java.lang.Object, java.lang.Object, java.lang.Object, int)'> (0x0000000744ef1678) 
thrown [t:\workspace\open\src\hotspot\share\interpreter\linkResolver.cpp, line 766]
Event: 10.732 Thread 0x0000025ed1be4e30 Exception <a 'java/lang/NoSuchMethodError'{0x0000000744ef6670}: 'java.lang.Object java.lang.invoke.DirectMethodHandle$Holder.invokeSpecial(java.lang.Object, java.lang.Object, java.lang.Object, java.lang.Object, java.lang.Object, java.lang.Object, java.lang.Object, java.lang.Object, int)'> (0x0000000744ef6670) 
thrown [t:\workspace\open\src\hotspot\share\interpreter\linkResolver.cpp, line 766]
Event: 10.732 Thread 0x0000025ed1be4e30 Exception <a 'java/lang/NoSuchMethodError'{0x0000000744efb138}: 'java.lang.Object java.lang.invoke.Invokers$Holder.linkToTargetMethod(java.lang.Object, java.lang.Object, java.lang.Object, java.lang.Object, java.lang.Object, java.lang.Object, int, java.lang.Object)'> (0x0000000744efb138) 
thrown [t:\workspace\open\src\hotspot\share\interpreter\linkResolver.cpp, line 766]
Event: 10.771 Thread 0x0000025ed1be4e30 Exception <a 'java/lang/NoSuchMethodError'{0x0000000744c45cc8}: 'java.lang.Object java.lang.invoke.DirectMethodHandle$Holder.newInvokeSpecial(java.lang.Object, java.lang.Object, int, java.lang.Object, int, java.lang.Object, java.lang.Object)'> (0x0000000744c45cc8) 
thrown [t:\workspace\open\src\hotspot\share\interpreter\linkResolver.cpp, line 766]
Event: 10.805 Thread 0x0000025ed1be4e30 Exception <a 'java/lang/NoSuchMethodError'{0x0000000744cf0bf0}: 'void java.lang.invoke.DirectMethodHandle$Holder.invokeInterface(java.lang.Object, java.lang.Object)'> (0x0000000744cf0bf0) 
thrown [t:\workspace\open\src\hotspot\share\interpreter\linkResolver.cpp, line 766]
Event: 11.053 Thread 0x0000025ed1be4e30 Exception <a 'java/lang/NoSuchMethodError'{0x00000007446e33a8}: 'java.lang.Object java.lang.invoke.DirectMethodHandle$Holder.invokeSpecial(java.lang.Object, java.lang.Object, int, java.lang.Object, int)'> (0x00000007446e33a8) 
thrown [t:\workspace\open\src\hotspot\share\interpreter\linkResolver.cpp, line 766]
Event: 11.281 Thread 0x0000025ed1be4e30 Exception <a 'java/lang/IncompatibleClassChangeError'{0x000000074d68cab8}: Found class java.lang.Object, but interface was expected> (0x000000074d68cab8) 
thrown [t:\workspace\open\src\hotspot\share\interpreter\linkResolver.cpp, line 833]
Event: 11.293 Thread 0x0000025ed1be4e30 Exception <a 'java/lang/IncompatibleClassChangeError'{0x000000074d712d28}: Found class java.lang.Object, but interface was expected> (0x000000074d712d28) 
thrown [t:\workspace\open\src\hotspot\share\interpreter\linkResolver.cpp, line 833]
Event: 11.348 Thread 0x0000025ed1be4e30 Exception <a 'java/lang/IncompatibleClassChangeError'{0x00000007494b6f40}: Found class java.lang.Object, but interface was expected> (0x00000007494b6f40) 
thrown [t:\workspace\open\src\hotspot\share\interpreter\linkResolver.cpp, line 833]
Event: 11.539 Thread 0x0000025ed1be4e30 Exception <a 'java/lang/IncompatibleClassChangeError'{0x0000000748ffd538}: Found class java.lang.Object, but interface was expected> (0x0000000748ffd538) 
thrown [t:\workspace\open\src\hotspot\share\interpreter\linkResolver.cpp, line 833]
Event: 11.609 Thread 0x0000025ed1be4e30 Exception <a 'java/lang/reflect/InvocationTargetException'{0x0000000744c67a90}> (0x0000000744c67a90) 
thrown [t:\workspace\open\src\hotspot\share\runtime\reflection.cpp, line 1121]
Event: 11.625 Thread 0x0000025ed1be4e30 Exception <a 'java/lang/NoSuchMethodError'{0x0000000744cd46f0}: 'int java.lang.invoke.DirectMethodHandle$Holder.invokeStatic(java.lang.Object, java.lang.Object, int)'> (0x0000000744cd46f0) 
thrown [t:\workspace\open\src\hotspot\share\interpreter\linkResolver.cpp, line 766]
Event: 11.635 Thread 0x0000025ed1be4e30 Exception <a 'java/lang/IncompatibleClassChangeError'{0x0000000744d1e640}: Found class java.lang.Object, but interface was expected> (0x0000000744d1e640) 
thrown [t:\workspace\open\src\hotspot\share\interpreter\linkResolver.cpp, line 833]
Event: 11.714 Thread 0x0000025ed1be4e30 Exception <a 'java/lang/NoSuchMethodError'{0x0000000744b0b860}: 'java.lang.Object java.lang.invoke.DirectMethodHandle$Holder.invokeStatic(java.lang.Object, int, java.lang.Object)'> (0x0000000744b0b860) 
thrown [t:\workspace\open\src\hotspot\share\interpreter\linkResolver.cpp, line 766]

VM Operations (20 events):
Event: 10.419 Executing VM operation: G1CollectForAllocation
Event: 10.423 Executing VM operation: G1CollectForAllocation done
Event: 10.594 Executing VM operation: HandshakeAllThreads
Event: 10.594 Executing VM operation: HandshakeAllThreads done
Event: 10.682 Executing VM operation: HandshakeAllThreads
Event: 10.682 Executing VM operation: HandshakeAllThreads done
Event: 10.752 Executing VM operation: HandshakeAllThreads
Event: 10.752 Executing VM operation: HandshakeAllThreads done
Event: 10.939 Executing VM operation: HandshakeAllThreads
Event: 10.939 Executing VM operation: HandshakeAllThreads done
Event: 10.979 Executing VM operation: HandshakeAllThreads
Event: 10.980 Executing VM operation: HandshakeAllThreads done
Event: 11.264 Executing VM operation: G1CollectForAllocation
Event: 11.273 Executing VM operation: G1CollectForAllocation done
Event: 11.496 Executing VM operation: HandshakeAllThreads
Event: 11.496 Executing VM operation: HandshakeAllThreads done
Event: 11.555 Executing VM operation: HandshakeAllThreads
Event: 11.555 Executing VM operation: HandshakeAllThreads done
Event: 11.557 Executing VM operation: HandshakeAllThreads
Event: 11.557 Executing VM operation: HandshakeAllThreads done

Events (20 events):
Event: 11.280 loading class java/util/concurrent/ConcurrentHashMap$TreeBin
Event: 11.281 loading class java/util/concurrent/ConcurrentHashMap$TreeBin done
Event: 11.404 Thread 0x0000025ee6e37be0 Thread added: 0x0000025ee6e37be0
Event: 11.411 Thread 0x0000025ee6e37be0 Thread exited: 0x0000025ee6e37be0
Event: 11.548 loading class java/lang/Package$1PackageInfoProxy
Event: 11.548 loading class java/lang/Package$1PackageInfoProxy done
Event: 11.572 loading class java/util/stream/ReduceOps$5
Event: 11.572 loading class java/util/stream/ReduceOps$5 done
Event: 11.572 loading class java/util/stream/ReduceOps$CountingSink$OfRef
Event: 11.572 loading class java/util/stream/ReduceOps$CountingSink
Event: 11.572 loading class java/util/stream/ReduceOps$CountingSink done
Event: 11.573 loading class java/util/stream/ReduceOps$CountingSink$OfRef done
Event: 11.633 loading class java/util/regex/Pattern$1
Event: 11.633 loading class java/util/regex/Pattern$1 done
Event: 11.687 loading class java/util/regex/Pattern$Bound
Event: 11.687 loading class java/util/regex/Pattern$Bound done
Event: 11.690 loading class java/util/regex/Pattern$Behind
Event: 11.690 loading class java/util/regex/Pattern$Behind done
Event: 11.752 loading class java/util/EmptyStackException
Event: 11.752 loading class java/util/EmptyStackException done


Dynamic libraries:
0x00007ff7cbf20000 - 0x00007ff7cbf30000 	C:\Program Files\Java\jdk-17.0.3\bin\java.exe
0x00007ffe01c70000 - 0x00007ffe01e68000 	C:\WINDOWS\SYSTEM32\ntdll.dll
0x00007ffe00c10000 - 0x00007ffe00cd2000 	C:\WINDOWS\System32\KERNEL32.DLL
0x00007ffdff700000 - 0x00007ffdff9ff000 	C:\WINDOWS\System32\KERNELBASE.dll
0x00007ffdff300000 - 0x00007ffdff400000 	C:\WINDOWS\System32\ucrtbase.dll
0x00007ffdf6a40000 - 0x00007ffdf6a58000 	C:\Program Files\Java\jdk-17.0.3\bin\jli.dll
0x00007ffe006a0000 - 0x00007ffe00751000 	C:\WINDOWS\System32\ADVAPI32.dll
0x00007ffe00480000 - 0x00007ffe0051e000 	C:\WINDOWS\System32\msvcrt.dll
0x00007ffe00ce0000 - 0x00007ffe00d7f000 	C:\WINDOWS\System32\sechost.dll
0x00007ffe016f0000 - 0x00007ffe01813000 	C:\WINDOWS\System32\RPCRT4.dll
0x00007ffdff4e0000 - 0x00007ffdff507000 	C:\WINDOWS\System32\bcrypt.dll
0x00007ffdf88c0000 - 0x00007ffdf88da000 	C:\Program Files\Java\jdk-17.0.3\bin\VCRUNTIME140.dll
0x00007ffe01a90000 - 0x00007ffe01c2d000 	C:\WINDOWS\System32\USER32.dll
0x00007ffdff4b0000 - 0x00007ffdff4d2000 	C:\WINDOWS\System32\win32u.dll
0x00007ffe00820000 - 0x00007ffe0084b000 	C:\WINDOWS\System32\GDI32.dll
0x00007ffdffa00000 - 0x00007ffdffb17000 	C:\WINDOWS\System32\gdi32full.dll
0x00007ffdff510000 - 0x00007ffdff5ad000 	C:\WINDOWS\System32\msvcp_win.dll
0x00007ffddfbe0000 - 0x00007ffddfe7a000 	C:\WINDOWS\WinSxS\amd64_microsoft.windows.common-controls_6595b64144ccf1df_6.0.19041.4355_none_60b8b9eb71f62e16\COMCTL32.dll
0x00007ffdf59c0000 - 0x00007ffdf59ca000 	C:\WINDOWS\SYSTEM32\VERSION.dll
0x00007ffe01980000 - 0x00007ffe019af000 	C:\WINDOWS\System32\IMM32.DLL
0x00007ffdf9320000 - 0x00007ffdf932c000 	C:\Program Files\Java\jdk-17.0.3\bin\vcruntime140_1.dll
0x00007ffdf03f0000 - 0x00007ffdf047d000 	C:\Program Files\Java\jdk-17.0.3\bin\msvcp140.dll
0x00007ffdaed10000 - 0x00007ffdaf8d1000 	C:\Program Files\Java\jdk-17.0.3\bin\server\jvm.dll
0x00007ffe00680000 - 0x00007ffe00688000 	C:\WINDOWS\System32\PSAPI.DLL
0x00007ffdf3e30000 - 0x00007ffdf3e39000 	C:\WINDOWS\SYSTEM32\WSOCK32.dll
0x00007ffe00520000 - 0x00007ffe0058b000 	C:\WINDOWS\System32\WS2_32.dll
0x00007ffddd0c0000 - 0x00007ffddd0e7000 	C:\WINDOWS\SYSTEM32\WINMM.dll
0x00007ffdfdae0000 - 0x00007ffdfdaf2000 	C:\WINDOWS\SYSTEM32\kernel.appcore.dll
0x00007ffdf86c0000 - 0x00007ffdf86ca000 	C:\Program Files\Java\jdk-17.0.3\bin\jimage.dll
0x00007ffdf9e60000 - 0x00007ffdfa044000 	C:\WINDOWS\SYSTEM32\DBGHELP.DLL
0x00007ffde13d0000 - 0x00007ffde1404000 	C:\WINDOWS\SYSTEM32\dbgcore.DLL
0x00007ffdff670000 - 0x00007ffdff6f2000 	C:\WINDOWS\System32\bcryptPrimitives.dll
0x00007ffdf70c0000 - 0x00007ffdf70ce000 	C:\Program Files\Java\jdk-17.0.3\bin\instrument.dll
0x00007ffdf60b0000 - 0x00007ffdf60d5000 	C:\Program Files\Java\jdk-17.0.3\bin\java.dll
0x00007ffdb1610000 - 0x00007ffdb16e6000 	C:\Program Files\Java\jdk-17.0.3\bin\jsvml.dll
0x00007ffdffd10000 - 0x00007ffe0047e000 	C:\WINDOWS\System32\SHELL32.dll
0x00007ffdfa1e0000 - 0x00007ffdfa984000 	C:\WINDOWS\SYSTEM32\windows.storage.dll
0x00007ffe008b0000 - 0x00007ffe00c05000 	C:\WINDOWS\System32\combase.dll
0x00007ffdfeb80000 - 0x00007ffdfebaf000 	C:\WINDOWS\SYSTEM32\Wldp.dll
0x00007ffe005b0000 - 0x00007ffe0067d000 	C:\WINDOWS\System32\OLEAUT32.dll
0x00007ffe018d0000 - 0x00007ffe0197d000 	C:\WINDOWS\System32\SHCORE.dll
0x00007ffe00760000 - 0x00007ffe007b5000 	C:\WINDOWS\System32\shlwapi.dll
0x00007ffdff230000 - 0x00007ffdff254000 	C:\WINDOWS\SYSTEM32\profapi.dll
0x00007ffdccef0000 - 0x00007ffdccf08000 	C:\Program Files\Java\jdk-17.0.3\bin\zip.dll
0x00007ffdf6090000 - 0x00007ffdf60a9000 	C:\Program Files\Java\jdk-17.0.3\bin\net.dll
0x00007ffdf4270000 - 0x00007ffdf437d000 	C:\WINDOWS\SYSTEM32\WINHTTP.dll
0x00007ffdfe960000 - 0x00007ffdfe9ca000 	C:\WINDOWS\system32\mswsock.dll
0x00007ffdf6070000 - 0x00007ffdf6086000 	C:\Program Files\Java\jdk-17.0.3\bin\nio.dll
0x00007ffdc1130000 - 0x00007ffdc114a000 	C:\Users\ISAAC\AppData\Local\Programs\IntelliJ IDEA Ultimate\bin\breakgen64.dll
0x00007ffdfe6a0000 - 0x00007ffdfe76a000 	C:\WINDOWS\SYSTEM32\DNSAPI.dll
0x00007ffdfe660000 - 0x00007ffdfe69b000 	C:\WINDOWS\SYSTEM32\IPHLPAPI.DLL
0x00007ffe00690000 - 0x00007ffe00698000 	C:\WINDOWS\System32\NSI.dll
0x00007ffde8940000 - 0x00007ffde894a000 	C:\Windows\System32\rasadhlp.dll
0x00007ffdf35d0000 - 0x00007ffdf3650000 	C:\WINDOWS\System32\fwpuclnt.dll
0x00007ffdf6a10000 - 0x00007ffdf6a19000 	C:\Program Files\Java\jdk-17.0.3\bin\management.dll
0x00007ffdf4050000 - 0x00007ffdf405b000 	C:\Program Files\Java\jdk-17.0.3\bin\management_ext.dll
0x00007ffdfebc0000 - 0x00007ffdfebd8000 	C:\WINDOWS\SYSTEM32\CRYPTSP.dll
0x00007ffdfe2a0000 - 0x00007ffdfe2d4000 	C:\WINDOWS\system32\rsaenh.dll
0x00007ffdff1b0000 - 0x00007ffdff1de000 	C:\WINDOWS\SYSTEM32\USERENV.dll
0x00007ffdfeaf0000 - 0x00007ffdfeafc000 	C:\WINDOWS\SYSTEM32\CRYPTBASE.dll
0x00007ffdf5040000 - 0x00007ffdf5057000 	C:\WINDOWS\SYSTEM32\dhcpcsvc6.DLL
0x00007ffdf4fd0000 - 0x00007ffdf4fed000 	C:\WINDOWS\SYSTEM32\dhcpcsvc.DLL
0x00007ffdd13a0000 - 0x00007ffdd13b7000 	C:\WINDOWS\system32\napinsp.dll
0x00007ffdd1380000 - 0x00007ffdd139b000 	C:\WINDOWS\system32\pnrpnsp.dll
0x00007ffdf7b20000 - 0x00007ffdf7b35000 	C:\WINDOWS\system32\wshbth.dll
0x00007ffdf8230000 - 0x00007ffdf824d000 	C:\WINDOWS\system32\NLAapi.dll
0x00007ffdd1360000 - 0x00007ffdd1372000 	C:\WINDOWS\System32\winrnr.dll
0x00007ffdf3ef0000 - 0x00007ffdf3efe000 	C:\Program Files\Java\jdk-17.0.3\bin\sunmscapi.dll
0x00007ffdffb20000 - 0x00007ffdffc7c000 	C:\WINDOWS\System32\CRYPT32.dll
0x00007ffdfecd0000 - 0x00007ffdfecf7000 	C:\WINDOWS\SYSTEM32\ncrypt.dll
0x00007ffdfec90000 - 0x00007ffdfeccb000 	C:\WINDOWS\SYSTEM32\NTASN1.dll
0x00007ffdf2d40000 - 0x00007ffdf2d50000 	C:\Program Files\Java\jdk-17.0.3\bin\verify.dll

dbghelp: loaded successfully - version: 4.0.5 - missing functions: none
symbol engine: initialized successfully - sym options: 0x614 - pdb path: .;C:\Program Files\Java\jdk-17.0.3\bin;C:\WINDOWS\SYSTEM32;C:\WINDOWS\WinSxS\amd64_microsoft.windows.common-controls_6595b64144ccf1df_6.0.19041.4355_none_60b8b9eb71f62e16;C:\Program Files\Java\jdk-17.0.3\bin\server;C:\Users\ISAAC\AppData\Local\Programs\IntelliJ IDEA Ultimate\bin

VM Arguments:
jvm_args: -XX:TieredStopAtLevel=1 -Dspring.output.ansi.enabled=always -Dcom.sun.management.jmxremote -Dspring.jmx.enabled=true -Dspring.liveBeansView.mbeanDomain -Dspring.application.admin.enabled=true -Dmanagement.endpoints.jmx.exposure.include=* -javaagent:C:\Users\ISAAC\AppData\Local\Programs\IntelliJ IDEA Ultimate\lib\idea_rt.jar=52342:C:\Users\ISAAC\AppData\Local\Programs\IntelliJ IDEA Ultimate\bin -Dfile.encoding=UTF-8 
java_command: com.example.symu_api.SymuApiApplication
java_class_path (initial): F:\SYMU\symu_api\target\classes;C:\Users\ISAAC\.m2\repository\org\springframework\boot\spring-boot-starter-web\3.3.1\spring-boot-starter-web-3.3.1.jar;C:\Users\ISAAC\.m2\repository\org\springframework\boot\spring-boot-starter\3.3.1\spring-boot-starter-3.3.1.jar;C:\Users\ISAAC\.m2\repository\org\springframework\boot\spring-boot\3.3.1\spring-boot-3.3.1.jar;C:\Users\ISAAC\.m2\repository\org\springframework\boot\spring-boot-autoconfigure\3.3.1\spring-boot-autoconfigure-3.3.1.jar;C:\Users\ISAAC\.m2\repository\org\springframework\boot\spring-boot-starter-logging\3.3.1\spring-boot-starter-logging-3.3.1.jar;C:\Users\ISAAC\.m2\repository\ch\qos\logback\logback-classic\1.5.6\logback-classic-1.5.6.jar;C:\Users\ISAAC\.m2\repository\ch\qos\logback\logback-core\1.5.6\logback-core-1.5.6.jar;C:\Users\ISAAC\.m2\repository\org\apache\logging\log4j\log4j-to-slf4j\2.23.1\log4j-to-slf4j-2.23.1.jar;C:\Users\ISAAC\.m2\repository\org\apache\logging\log4j\log4j-api\2.23.1\log4j-api-2.23.1.jar;C:\Users\ISAAC\.m2\repository\org\slf4j\jul-to-slf4j\2.0.13\jul-to-slf4j-2.0.13.jar;C:\Users\ISAAC\.m2\repository\jakarta\annotation\jakarta.annotation-api\2.1.1\jakarta.annotation-api-2.1.1.jar;C:\Users\ISAAC\.m2\repository\org\yaml\snakeyaml\2.2\snakeyaml-2.2.jar;C:\Users\ISAAC\.m2\repository\org\springframework\boot\spring-boot-starter-json\3.3.1\spring-boot-starter-json-3.3.1.jar;C:\Users\ISAAC\.m2\repository\com\fasterxml\jackson\core\jackson-databind\2.17.1\jackson-databind-2.17.1.jar;C:\Users\ISAAC\.m2\repository\com\fasterxml\jackson\core\jackson-annotations\2.17.1\jackson-annotations-2.17.1.jar;C:\Users\ISAAC\.m2\repository\com\fasterxml\jackson\core\jackson-core\2.17.1\jackson-core-2.17.1.jar;C:\Users\ISAAC\.m2\repository\com\fasterxml\jackson\datatype\jackson-datatype-jdk8\2.17.1\jackson-datatype-jdk8-2.17.1.jar;C:\Users\ISAAC\.m2\repository\com\fasterxml\jackson\datatype\jackson-datatype-jsr310\2.17.1\jackson-datatype-jsr310-2.17.1.jar;C:\Users\ISAAC\.m2\reposit
Launcher Type: SUN_STANDARD

[Global flags]
     intx CICompilerCount                          = 3                                         {product} {ergonomic}
     uint ConcGCThreads                            = 1                                         {product} {ergonomic}
     uint G1ConcRefinementThreads                  = 4                                         {product} {ergonomic}
   size_t G1HeapRegionSize                         = 2097152                                   {product} {ergonomic}
    uintx GCDrainStackTargetSize                   = 64                                        {product} {ergonomic}
   size_t InitialHeapSize                          = 201326592                                 {product} {ergonomic}
     bool ManagementServer                         = true                                      {product} {command line}
   size_t MarkStackSize                            = 4194304                                   {product} {ergonomic}
   size_t MaxHeapSize                              = 3196059648                                {product} {ergonomic}
   size_t MaxNewSize                               = 1916796928                                {product} {ergonomic}
   size_t MinHeapDeltaBytes                        = 2097152                                   {product} {ergonomic}
   size_t MinHeapSize                              = 8388608                                   {product} {ergonomic}
    uintx NonProfiledCodeHeapSize                  = 0                                      {pd product} {ergonomic}
     bool ProfileInterpreter                       = false                                  {pd product} {command line}
    uintx ProfiledCodeHeapSize                     = 0                                      {pd product} {ergonomic}
   size_t SoftMaxHeapSize                          = 3196059648                             {manageable} {ergonomic}
     intx TieredStopAtLevel                        = 1                                         {product} {command line}
     bool UseCompressedClassPointers               = true                           {product lp64_product} {ergonomic}
     bool UseCompressedOops                        = true                           {product lp64_product} {ergonomic}
     bool UseG1GC                                  = true                                      {product} {ergonomic}
     bool UseLargePagesIndividualAllocation        = false                                  {pd product} {ergonomic}

Logging:
Log output configuration:
 #0: stdout all=warning uptime,level,tags
 #1: stderr all=off uptime,level,tags

Environment Variables:
JAVA_HOME=C:\Program Files\Java\jdk1.8.0_311
PATH=C:\Program Files (x86)\Common Files\Oracle\Java\javapath;C:\Program Files\Common Files\Oracle\Java\javapath;C:\WINDOWS\system32;C:\WINDOWS;C:\WINDOWS\System32\Wbem;C:\WINDOWS\System32\WindowsPowerShell\v1.0\;C:\WINDOWS\System32\OpenSSH\;C:\Program Files\Git\cmd;C:\Program Files\PuTTY\;F:\soft\apache-maven-3.8.5\bin;C:\Program Files\TortoiseGit\bin;C:\Program Files (x86)\Intel\Intel(R) Management Engine Components\DAL;C:\Program Files\Intel\Intel(R) Management Engine Components\DAL;C:\Program Files\nodejs\;C:\Program Files\Docker\Docker\resources\bin;C:\Program Files\Microsoft SQL Server\Client SDK\ODBC\110\Tools\Binn\;C:\Program Files (x86)\Microsoft SQL Server\120\Tools\Binn\;C:\Program Files\Microsoft SQL Server\120\Tools\Binn\;C:\Program Files\Microsoft SQL Server\120\DTS\Binn\;C:\Program Files (x86)\Microsoft SQL Server\120\Tools\Binn\ManagementStudio\;C:\Program Files (x86)\Microsoft SQL Server\120\DTS\Binn\;C:\Program Files (x86)\Microsoft SQL Server\160\Tools\Binn\;C:\Program Files\Microsoft SQL Server\160\Tools\Binn\;C:\Program Files\Microsoft SQL Server\Client SDK\ODBC\170\Tools\Binn\;C:\Program Files\Microsoft SQL Server\160\DTS\Binn\;C:\Program Files (x86)\Microsoft SQL Server\160\DTS\Binn\;C:\Program Files\Azure Data Studio\bin;C:\Program Files\Java\jdk1.8.0_311\bin;C:\Users\ISAAC\AppData\Local\Programs\Python\Python310\Scripts\;C:\Users\ISAAC\AppData\Local\Programs\Python\Python310\;C:\Users\ISAAC\AppData\Local\Microsoft\WindowsApps;C:\Users\ISAAC\AppData\Roaming\npm;C:\Users\ISAAC\AppData\Local\Programs\Microsoft VS Code\bin;C:\Users\ISAAC\AppData\Local\JetBrains\Toolbox\scripts;C:\Program Files\Azure Data Studio\bin;F:\PyCharm 2023.3.4\bin;;C:\Program Files\Java\jdk1.8.0_311\bin;
USERNAME=ISAAC
OS=Windows_NT
PROCESSOR_IDENTIFIER=Intel64 Family 6 Model 78 Stepping 3, GenuineIntel



---------------  S Y S T E M  ---------------

OS:
 Windows 10 , 64 bit Build 19041 (10.0.19041.5198)
OS uptime: 8 days 8:32 hours
Hyper-V role detected

CPU: total 4 (initial active 4) (2 cores per cpu, 2 threads per core) family 6 model 78 stepping 3 microcode 0xec, cx8, cmov, fxsr, ht, mmx, 3dnowpref, sse, sse2, sse3, ssse3, sse4.1, sse4.2, popcnt, lzcnt, tsc, tscinvbit, avx, avx2, aes, erms, clmul, bmi1, bmi2, adx, fma, vzeroupper, clflush, clflushopt, hv

Memory: 4k page, system-wide physical 12184M (1347M free)
TotalPageFile size 16054M (AvailPageFile size 143M)
current process WorkingSet (physical memory assigned to process): 208M, peak: 208M
current process commit charge ("private bytes"): 239M, peak: 304M

vm_info: Java HotSpot(TM) 64-Bit Server VM (17.0.3+8-LTS-111) for windows-amd64 JRE (17.0.3+8-LTS-111), built on Mar  9 2022 22:40:21 by "mach5one" with MS VC++ 16.8 / 16.9 (VS2019)

END.
